[2024-03-22T10:26:03.565+0000] {processor.py:161} INFO - Started process (PID=1553) to work on /opt/airflow/dags/Jobs/pipline_jobs.py
[2024-03-22T10:26:03.567+0000] {processor.py:830} INFO - Processing file /opt/airflow/dags/Jobs/pipline_jobs.py for tasks to queue
[2024-03-22T10:26:03.570+0000] {logging_mixin.py:188} INFO - [2024-03-22T10:26:03.569+0000] {dagbag.py:538} INFO - Filling up the DagBag from /opt/airflow/dags/Jobs/pipline_jobs.py
[2024-03-22T10:26:03.578+0000] {processor.py:842} WARNING - No viable dags retrieved from /opt/airflow/dags/Jobs/pipline_jobs.py
[2024-03-22T10:26:03.599+0000] {processor.py:183} INFO - Processing /opt/airflow/dags/Jobs/pipline_jobs.py took 0.038 seconds
[2024-03-22T10:26:33.824+0000] {processor.py:161} INFO - Started process (PID=1569) to work on /opt/airflow/dags/Jobs/pipline_jobs.py
[2024-03-22T10:26:33.825+0000] {processor.py:830} INFO - Processing file /opt/airflow/dags/Jobs/pipline_jobs.py for tasks to queue
[2024-03-22T10:26:33.827+0000] {logging_mixin.py:188} INFO - [2024-03-22T10:26:33.826+0000] {dagbag.py:538} INFO - Filling up the DagBag from /opt/airflow/dags/Jobs/pipline_jobs.py
[2024-03-22T10:26:33.833+0000] {processor.py:842} WARNING - No viable dags retrieved from /opt/airflow/dags/Jobs/pipline_jobs.py
[2024-03-22T10:26:33.857+0000] {processor.py:183} INFO - Processing /opt/airflow/dags/Jobs/pipline_jobs.py took 0.037 seconds
[2024-03-22T10:27:04.080+0000] {processor.py:161} INFO - Started process (PID=1585) to work on /opt/airflow/dags/Jobs/pipline_jobs.py
[2024-03-22T10:27:04.082+0000] {processor.py:830} INFO - Processing file /opt/airflow/dags/Jobs/pipline_jobs.py for tasks to queue
[2024-03-22T10:27:04.085+0000] {logging_mixin.py:188} INFO - [2024-03-22T10:27:04.084+0000] {dagbag.py:538} INFO - Filling up the DagBag from /opt/airflow/dags/Jobs/pipline_jobs.py
[2024-03-22T10:27:04.092+0000] {processor.py:842} WARNING - No viable dags retrieved from /opt/airflow/dags/Jobs/pipline_jobs.py
[2024-03-22T10:27:04.122+0000] {processor.py:183} INFO - Processing /opt/airflow/dags/Jobs/pipline_jobs.py took 0.048 seconds
[2024-03-22T10:27:34.356+0000] {processor.py:161} INFO - Started process (PID=1601) to work on /opt/airflow/dags/Jobs/pipline_jobs.py
[2024-03-22T10:27:34.358+0000] {processor.py:830} INFO - Processing file /opt/airflow/dags/Jobs/pipline_jobs.py for tasks to queue
[2024-03-22T10:27:34.361+0000] {logging_mixin.py:188} INFO - [2024-03-22T10:27:34.360+0000] {dagbag.py:538} INFO - Filling up the DagBag from /opt/airflow/dags/Jobs/pipline_jobs.py
[2024-03-22T10:27:34.365+0000] {processor.py:842} WARNING - No viable dags retrieved from /opt/airflow/dags/Jobs/pipline_jobs.py
[2024-03-22T10:27:34.384+0000] {processor.py:183} INFO - Processing /opt/airflow/dags/Jobs/pipline_jobs.py took 0.033 seconds
[2024-03-22T10:28:04.584+0000] {processor.py:161} INFO - Started process (PID=1618) to work on /opt/airflow/dags/Jobs/pipline_jobs.py
[2024-03-22T10:28:04.585+0000] {processor.py:830} INFO - Processing file /opt/airflow/dags/Jobs/pipline_jobs.py for tasks to queue
[2024-03-22T10:28:04.587+0000] {logging_mixin.py:188} INFO - [2024-03-22T10:28:04.586+0000] {dagbag.py:538} INFO - Filling up the DagBag from /opt/airflow/dags/Jobs/pipline_jobs.py
[2024-03-22T10:28:04.593+0000] {processor.py:842} WARNING - No viable dags retrieved from /opt/airflow/dags/Jobs/pipline_jobs.py
[2024-03-22T10:28:04.617+0000] {processor.py:183} INFO - Processing /opt/airflow/dags/Jobs/pipline_jobs.py took 0.035 seconds
[2024-03-22T10:28:34.822+0000] {processor.py:161} INFO - Started process (PID=1634) to work on /opt/airflow/dags/Jobs/pipline_jobs.py
[2024-03-22T10:28:34.823+0000] {processor.py:830} INFO - Processing file /opt/airflow/dags/Jobs/pipline_jobs.py for tasks to queue
[2024-03-22T10:28:34.825+0000] {logging_mixin.py:188} INFO - [2024-03-22T10:28:34.824+0000] {dagbag.py:538} INFO - Filling up the DagBag from /opt/airflow/dags/Jobs/pipline_jobs.py
[2024-03-22T10:28:34.831+0000] {processor.py:842} WARNING - No viable dags retrieved from /opt/airflow/dags/Jobs/pipline_jobs.py
[2024-03-22T10:28:34.853+0000] {processor.py:183} INFO - Processing /opt/airflow/dags/Jobs/pipline_jobs.py took 0.035 seconds
[2024-03-22T10:29:05.075+0000] {processor.py:161} INFO - Started process (PID=1651) to work on /opt/airflow/dags/Jobs/pipline_jobs.py
[2024-03-22T10:29:05.076+0000] {processor.py:830} INFO - Processing file /opt/airflow/dags/Jobs/pipline_jobs.py for tasks to queue
[2024-03-22T10:29:05.078+0000] {logging_mixin.py:188} INFO - [2024-03-22T10:29:05.077+0000] {dagbag.py:538} INFO - Filling up the DagBag from /opt/airflow/dags/Jobs/pipline_jobs.py
[2024-03-22T10:29:05.083+0000] {processor.py:842} WARNING - No viable dags retrieved from /opt/airflow/dags/Jobs/pipline_jobs.py
[2024-03-22T10:29:05.105+0000] {processor.py:183} INFO - Processing /opt/airflow/dags/Jobs/pipline_jobs.py took 0.035 seconds
[2024-03-22T10:29:35.329+0000] {processor.py:161} INFO - Started process (PID=1667) to work on /opt/airflow/dags/Jobs/pipline_jobs.py
[2024-03-22T10:29:35.330+0000] {processor.py:830} INFO - Processing file /opt/airflow/dags/Jobs/pipline_jobs.py for tasks to queue
[2024-03-22T10:29:35.334+0000] {logging_mixin.py:188} INFO - [2024-03-22T10:29:35.332+0000] {dagbag.py:538} INFO - Filling up the DagBag from /opt/airflow/dags/Jobs/pipline_jobs.py
[2024-03-22T10:29:35.342+0000] {processor.py:842} WARNING - No viable dags retrieved from /opt/airflow/dags/Jobs/pipline_jobs.py
[2024-03-22T10:29:35.379+0000] {processor.py:183} INFO - Processing /opt/airflow/dags/Jobs/pipline_jobs.py took 0.057 seconds
[2024-03-22T10:30:05.612+0000] {processor.py:161} INFO - Started process (PID=1683) to work on /opt/airflow/dags/Jobs/pipline_jobs.py
[2024-03-22T10:30:05.613+0000] {processor.py:830} INFO - Processing file /opt/airflow/dags/Jobs/pipline_jobs.py for tasks to queue
[2024-03-22T10:30:05.616+0000] {logging_mixin.py:188} INFO - [2024-03-22T10:30:05.615+0000] {dagbag.py:538} INFO - Filling up the DagBag from /opt/airflow/dags/Jobs/pipline_jobs.py
[2024-03-22T10:30:05.624+0000] {processor.py:842} WARNING - No viable dags retrieved from /opt/airflow/dags/Jobs/pipline_jobs.py
[2024-03-22T10:30:05.662+0000] {processor.py:183} INFO - Processing /opt/airflow/dags/Jobs/pipline_jobs.py took 0.054 seconds
[2024-03-22T10:30:35.896+0000] {processor.py:161} INFO - Started process (PID=1699) to work on /opt/airflow/dags/Jobs/pipline_jobs.py
[2024-03-22T10:30:35.897+0000] {processor.py:830} INFO - Processing file /opt/airflow/dags/Jobs/pipline_jobs.py for tasks to queue
[2024-03-22T10:30:35.899+0000] {logging_mixin.py:188} INFO - [2024-03-22T10:30:35.898+0000] {dagbag.py:538} INFO - Filling up the DagBag from /opt/airflow/dags/Jobs/pipline_jobs.py
[2024-03-22T10:30:35.904+0000] {processor.py:842} WARNING - No viable dags retrieved from /opt/airflow/dags/Jobs/pipline_jobs.py
[2024-03-22T10:30:35.927+0000] {processor.py:183} INFO - Processing /opt/airflow/dags/Jobs/pipline_jobs.py took 0.036 seconds
[2024-03-22T10:31:06.220+0000] {processor.py:161} INFO - Started process (PID=1715) to work on /opt/airflow/dags/Jobs/pipline_jobs.py
[2024-03-22T10:31:06.222+0000] {processor.py:830} INFO - Processing file /opt/airflow/dags/Jobs/pipline_jobs.py for tasks to queue
[2024-03-22T10:31:06.226+0000] {logging_mixin.py:188} INFO - [2024-03-22T10:31:06.224+0000] {dagbag.py:538} INFO - Filling up the DagBag from /opt/airflow/dags/Jobs/pipline_jobs.py
[2024-03-22T10:31:06.235+0000] {processor.py:842} WARNING - No viable dags retrieved from /opt/airflow/dags/Jobs/pipline_jobs.py
[2024-03-22T10:31:06.266+0000] {processor.py:183} INFO - Processing /opt/airflow/dags/Jobs/pipline_jobs.py took 0.053 seconds
[2024-03-22T10:31:36.487+0000] {processor.py:161} INFO - Started process (PID=1731) to work on /opt/airflow/dags/Jobs/pipline_jobs.py
[2024-03-22T10:31:36.488+0000] {processor.py:830} INFO - Processing file /opt/airflow/dags/Jobs/pipline_jobs.py for tasks to queue
[2024-03-22T10:31:36.491+0000] {logging_mixin.py:188} INFO - [2024-03-22T10:31:36.490+0000] {dagbag.py:538} INFO - Filling up the DagBag from /opt/airflow/dags/Jobs/pipline_jobs.py
[2024-03-22T10:31:36.496+0000] {processor.py:842} WARNING - No viable dags retrieved from /opt/airflow/dags/Jobs/pipline_jobs.py
[2024-03-22T10:31:36.523+0000] {processor.py:183} INFO - Processing /opt/airflow/dags/Jobs/pipline_jobs.py took 0.041 seconds
[2024-03-22T10:32:06.745+0000] {processor.py:161} INFO - Started process (PID=1747) to work on /opt/airflow/dags/Jobs/pipline_jobs.py
[2024-03-22T10:32:06.746+0000] {processor.py:830} INFO - Processing file /opt/airflow/dags/Jobs/pipline_jobs.py for tasks to queue
[2024-03-22T10:32:06.748+0000] {logging_mixin.py:188} INFO - [2024-03-22T10:32:06.748+0000] {dagbag.py:538} INFO - Filling up the DagBag from /opt/airflow/dags/Jobs/pipline_jobs.py
[2024-03-22T10:32:06.752+0000] {processor.py:842} WARNING - No viable dags retrieved from /opt/airflow/dags/Jobs/pipline_jobs.py
[2024-03-22T10:32:06.772+0000] {processor.py:183} INFO - Processing /opt/airflow/dags/Jobs/pipline_jobs.py took 0.030 seconds
[2024-03-22T10:32:36.992+0000] {processor.py:161} INFO - Started process (PID=1763) to work on /opt/airflow/dags/Jobs/pipline_jobs.py
[2024-03-22T10:32:36.994+0000] {processor.py:830} INFO - Processing file /opt/airflow/dags/Jobs/pipline_jobs.py for tasks to queue
[2024-03-22T10:32:36.997+0000] {logging_mixin.py:188} INFO - [2024-03-22T10:32:36.996+0000] {dagbag.py:538} INFO - Filling up the DagBag from /opt/airflow/dags/Jobs/pipline_jobs.py
[2024-03-22T10:32:37.003+0000] {processor.py:842} WARNING - No viable dags retrieved from /opt/airflow/dags/Jobs/pipline_jobs.py
[2024-03-22T10:32:37.023+0000] {processor.py:183} INFO - Processing /opt/airflow/dags/Jobs/pipline_jobs.py took 0.036 seconds
[2024-03-22T10:33:07.238+0000] {processor.py:161} INFO - Started process (PID=1779) to work on /opt/airflow/dags/Jobs/pipline_jobs.py
[2024-03-22T10:33:07.240+0000] {processor.py:830} INFO - Processing file /opt/airflow/dags/Jobs/pipline_jobs.py for tasks to queue
[2024-03-22T10:33:07.242+0000] {logging_mixin.py:188} INFO - [2024-03-22T10:33:07.241+0000] {dagbag.py:538} INFO - Filling up the DagBag from /opt/airflow/dags/Jobs/pipline_jobs.py
[2024-03-22T10:33:07.247+0000] {processor.py:842} WARNING - No viable dags retrieved from /opt/airflow/dags/Jobs/pipline_jobs.py
[2024-03-22T10:33:07.265+0000] {processor.py:183} INFO - Processing /opt/airflow/dags/Jobs/pipline_jobs.py took 0.032 seconds
[2024-03-22T10:33:37.483+0000] {processor.py:161} INFO - Started process (PID=1795) to work on /opt/airflow/dags/Jobs/pipline_jobs.py
[2024-03-22T10:33:37.485+0000] {processor.py:830} INFO - Processing file /opt/airflow/dags/Jobs/pipline_jobs.py for tasks to queue
[2024-03-22T10:33:37.489+0000] {logging_mixin.py:188} INFO - [2024-03-22T10:33:37.487+0000] {dagbag.py:538} INFO - Filling up the DagBag from /opt/airflow/dags/Jobs/pipline_jobs.py
[2024-03-22T10:33:37.496+0000] {processor.py:842} WARNING - No viable dags retrieved from /opt/airflow/dags/Jobs/pipline_jobs.py
[2024-03-22T10:33:37.529+0000] {processor.py:183} INFO - Processing /opt/airflow/dags/Jobs/pipline_jobs.py took 0.053 seconds
[2024-03-22T10:34:07.763+0000] {processor.py:161} INFO - Started process (PID=1810) to work on /opt/airflow/dags/Jobs/pipline_jobs.py
[2024-03-22T10:34:07.765+0000] {processor.py:830} INFO - Processing file /opt/airflow/dags/Jobs/pipline_jobs.py for tasks to queue
[2024-03-22T10:34:07.768+0000] {logging_mixin.py:188} INFO - [2024-03-22T10:34:07.767+0000] {dagbag.py:538} INFO - Filling up the DagBag from /opt/airflow/dags/Jobs/pipline_jobs.py
[2024-03-22T10:34:07.786+0000] {processor.py:842} WARNING - No viable dags retrieved from /opt/airflow/dags/Jobs/pipline_jobs.py
[2024-03-22T10:34:07.821+0000] {processor.py:183} INFO - Processing /opt/airflow/dags/Jobs/pipline_jobs.py took 0.065 seconds
[2024-03-22T10:34:38.048+0000] {processor.py:161} INFO - Started process (PID=1826) to work on /opt/airflow/dags/Jobs/pipline_jobs.py
[2024-03-22T10:34:38.050+0000] {processor.py:830} INFO - Processing file /opt/airflow/dags/Jobs/pipline_jobs.py for tasks to queue
[2024-03-22T10:34:38.054+0000] {logging_mixin.py:188} INFO - [2024-03-22T10:34:38.052+0000] {dagbag.py:538} INFO - Filling up the DagBag from /opt/airflow/dags/Jobs/pipline_jobs.py
[2024-03-22T10:34:38.061+0000] {processor.py:842} WARNING - No viable dags retrieved from /opt/airflow/dags/Jobs/pipline_jobs.py
[2024-03-22T10:34:38.092+0000] {processor.py:183} INFO - Processing /opt/airflow/dags/Jobs/pipline_jobs.py took 0.050 seconds
[2024-03-22T10:35:08.315+0000] {processor.py:161} INFO - Started process (PID=1842) to work on /opt/airflow/dags/Jobs/pipline_jobs.py
[2024-03-22T10:35:08.317+0000] {processor.py:830} INFO - Processing file /opt/airflow/dags/Jobs/pipline_jobs.py for tasks to queue
[2024-03-22T10:35:08.320+0000] {logging_mixin.py:188} INFO - [2024-03-22T10:35:08.319+0000] {dagbag.py:538} INFO - Filling up the DagBag from /opt/airflow/dags/Jobs/pipline_jobs.py
[2024-03-22T10:35:08.328+0000] {processor.py:842} WARNING - No viable dags retrieved from /opt/airflow/dags/Jobs/pipline_jobs.py
[2024-03-22T10:35:08.361+0000] {processor.py:183} INFO - Processing /opt/airflow/dags/Jobs/pipline_jobs.py took 0.053 seconds
[2024-03-22T10:35:38.588+0000] {processor.py:161} INFO - Started process (PID=1858) to work on /opt/airflow/dags/Jobs/pipline_jobs.py
[2024-03-22T10:35:38.589+0000] {processor.py:830} INFO - Processing file /opt/airflow/dags/Jobs/pipline_jobs.py for tasks to queue
[2024-03-22T10:35:38.592+0000] {logging_mixin.py:188} INFO - [2024-03-22T10:35:38.591+0000] {dagbag.py:538} INFO - Filling up the DagBag from /opt/airflow/dags/Jobs/pipline_jobs.py
[2024-03-22T10:35:38.604+0000] {processor.py:842} WARNING - No viable dags retrieved from /opt/airflow/dags/Jobs/pipline_jobs.py
[2024-03-22T10:35:38.623+0000] {processor.py:183} INFO - Processing /opt/airflow/dags/Jobs/pipline_jobs.py took 0.040 seconds
[2024-03-22T10:36:08.853+0000] {processor.py:161} INFO - Started process (PID=1874) to work on /opt/airflow/dags/Jobs/pipline_jobs.py
[2024-03-22T10:36:08.854+0000] {processor.py:830} INFO - Processing file /opt/airflow/dags/Jobs/pipline_jobs.py for tasks to queue
[2024-03-22T10:36:08.856+0000] {logging_mixin.py:188} INFO - [2024-03-22T10:36:08.855+0000] {dagbag.py:538} INFO - Filling up the DagBag from /opt/airflow/dags/Jobs/pipline_jobs.py
[2024-03-22T10:36:08.862+0000] {processor.py:842} WARNING - No viable dags retrieved from /opt/airflow/dags/Jobs/pipline_jobs.py
[2024-03-22T10:36:08.890+0000] {processor.py:183} INFO - Processing /opt/airflow/dags/Jobs/pipline_jobs.py took 0.042 seconds
[2024-03-22T10:36:39.129+0000] {processor.py:161} INFO - Started process (PID=1890) to work on /opt/airflow/dags/Jobs/pipline_jobs.py
[2024-03-22T10:36:39.131+0000] {processor.py:830} INFO - Processing file /opt/airflow/dags/Jobs/pipline_jobs.py for tasks to queue
[2024-03-22T10:36:39.134+0000] {logging_mixin.py:188} INFO - [2024-03-22T10:36:39.133+0000] {dagbag.py:538} INFO - Filling up the DagBag from /opt/airflow/dags/Jobs/pipline_jobs.py
[2024-03-22T10:36:39.143+0000] {processor.py:842} WARNING - No viable dags retrieved from /opt/airflow/dags/Jobs/pipline_jobs.py
[2024-03-22T10:36:39.184+0000] {processor.py:183} INFO - Processing /opt/airflow/dags/Jobs/pipline_jobs.py took 0.060 seconds
[2024-03-22T10:37:09.441+0000] {processor.py:161} INFO - Started process (PID=1906) to work on /opt/airflow/dags/Jobs/pipline_jobs.py
[2024-03-22T10:37:09.442+0000] {processor.py:830} INFO - Processing file /opt/airflow/dags/Jobs/pipline_jobs.py for tasks to queue
[2024-03-22T10:37:09.446+0000] {logging_mixin.py:188} INFO - [2024-03-22T10:37:09.445+0000] {dagbag.py:538} INFO - Filling up the DagBag from /opt/airflow/dags/Jobs/pipline_jobs.py
[2024-03-22T10:37:09.456+0000] {processor.py:842} WARNING - No viable dags retrieved from /opt/airflow/dags/Jobs/pipline_jobs.py
[2024-03-22T10:37:09.481+0000] {processor.py:183} INFO - Processing /opt/airflow/dags/Jobs/pipline_jobs.py took 0.047 seconds
[2024-03-22T10:37:39.733+0000] {processor.py:161} INFO - Started process (PID=1922) to work on /opt/airflow/dags/Jobs/pipline_jobs.py
[2024-03-22T10:37:39.735+0000] {processor.py:830} INFO - Processing file /opt/airflow/dags/Jobs/pipline_jobs.py for tasks to queue
[2024-03-22T10:37:39.738+0000] {logging_mixin.py:188} INFO - [2024-03-22T10:37:39.737+0000] {dagbag.py:538} INFO - Filling up the DagBag from /opt/airflow/dags/Jobs/pipline_jobs.py
[2024-03-22T10:37:39.743+0000] {processor.py:842} WARNING - No viable dags retrieved from /opt/airflow/dags/Jobs/pipline_jobs.py
[2024-03-22T10:37:39.760+0000] {processor.py:183} INFO - Processing /opt/airflow/dags/Jobs/pipline_jobs.py took 0.036 seconds
[2024-03-22T10:38:09.994+0000] {processor.py:161} INFO - Started process (PID=1938) to work on /opt/airflow/dags/Jobs/pipline_jobs.py
[2024-03-22T10:38:09.995+0000] {processor.py:830} INFO - Processing file /opt/airflow/dags/Jobs/pipline_jobs.py for tasks to queue
[2024-03-22T10:38:09.997+0000] {logging_mixin.py:188} INFO - [2024-03-22T10:38:09.996+0000] {dagbag.py:538} INFO - Filling up the DagBag from /opt/airflow/dags/Jobs/pipline_jobs.py
[2024-03-22T10:38:10.005+0000] {processor.py:842} WARNING - No viable dags retrieved from /opt/airflow/dags/Jobs/pipline_jobs.py
[2024-03-22T10:38:10.024+0000] {processor.py:183} INFO - Processing /opt/airflow/dags/Jobs/pipline_jobs.py took 0.034 seconds
[2024-03-22T10:38:40.245+0000] {processor.py:161} INFO - Started process (PID=1954) to work on /opt/airflow/dags/Jobs/pipline_jobs.py
[2024-03-22T10:38:40.247+0000] {processor.py:830} INFO - Processing file /opt/airflow/dags/Jobs/pipline_jobs.py for tasks to queue
[2024-03-22T10:38:40.249+0000] {logging_mixin.py:188} INFO - [2024-03-22T10:38:40.248+0000] {dagbag.py:538} INFO - Filling up the DagBag from /opt/airflow/dags/Jobs/pipline_jobs.py
[2024-03-22T10:38:40.254+0000] {processor.py:842} WARNING - No viable dags retrieved from /opt/airflow/dags/Jobs/pipline_jobs.py
[2024-03-22T10:38:40.278+0000] {processor.py:183} INFO - Processing /opt/airflow/dags/Jobs/pipline_jobs.py took 0.040 seconds
[2024-03-22T10:39:10.506+0000] {processor.py:161} INFO - Started process (PID=1970) to work on /opt/airflow/dags/Jobs/pipline_jobs.py
[2024-03-22T10:39:10.507+0000] {processor.py:830} INFO - Processing file /opt/airflow/dags/Jobs/pipline_jobs.py for tasks to queue
[2024-03-22T10:39:10.509+0000] {logging_mixin.py:188} INFO - [2024-03-22T10:39:10.508+0000] {dagbag.py:538} INFO - Filling up the DagBag from /opt/airflow/dags/Jobs/pipline_jobs.py
[2024-03-22T10:39:10.514+0000] {processor.py:842} WARNING - No viable dags retrieved from /opt/airflow/dags/Jobs/pipline_jobs.py
[2024-03-22T10:39:10.534+0000] {processor.py:183} INFO - Processing /opt/airflow/dags/Jobs/pipline_jobs.py took 0.031 seconds
[2024-03-22T10:39:40.772+0000] {processor.py:161} INFO - Started process (PID=1986) to work on /opt/airflow/dags/Jobs/pipline_jobs.py
[2024-03-22T10:39:40.774+0000] {processor.py:830} INFO - Processing file /opt/airflow/dags/Jobs/pipline_jobs.py for tasks to queue
[2024-03-22T10:39:40.776+0000] {logging_mixin.py:188} INFO - [2024-03-22T10:39:40.775+0000] {dagbag.py:538} INFO - Filling up the DagBag from /opt/airflow/dags/Jobs/pipline_jobs.py
[2024-03-22T10:39:40.785+0000] {processor.py:842} WARNING - No viable dags retrieved from /opt/airflow/dags/Jobs/pipline_jobs.py
[2024-03-22T10:39:40.808+0000] {processor.py:183} INFO - Processing /opt/airflow/dags/Jobs/pipline_jobs.py took 0.040 seconds
[2024-03-22T10:40:11.036+0000] {processor.py:161} INFO - Started process (PID=2002) to work on /opt/airflow/dags/Jobs/pipline_jobs.py
[2024-03-22T10:40:11.037+0000] {processor.py:830} INFO - Processing file /opt/airflow/dags/Jobs/pipline_jobs.py for tasks to queue
[2024-03-22T10:40:11.040+0000] {logging_mixin.py:188} INFO - [2024-03-22T10:40:11.039+0000] {dagbag.py:538} INFO - Filling up the DagBag from /opt/airflow/dags/Jobs/pipline_jobs.py
[2024-03-22T10:40:11.045+0000] {processor.py:842} WARNING - No viable dags retrieved from /opt/airflow/dags/Jobs/pipline_jobs.py
[2024-03-22T10:40:11.064+0000] {processor.py:183} INFO - Processing /opt/airflow/dags/Jobs/pipline_jobs.py took 0.036 seconds
[2024-03-22T10:40:41.302+0000] {processor.py:161} INFO - Started process (PID=2018) to work on /opt/airflow/dags/Jobs/pipline_jobs.py
[2024-03-22T10:40:41.304+0000] {processor.py:830} INFO - Processing file /opt/airflow/dags/Jobs/pipline_jobs.py for tasks to queue
[2024-03-22T10:40:41.308+0000] {logging_mixin.py:188} INFO - [2024-03-22T10:40:41.307+0000] {dagbag.py:538} INFO - Filling up the DagBag from /opt/airflow/dags/Jobs/pipline_jobs.py
[2024-03-22T10:40:41.317+0000] {processor.py:842} WARNING - No viable dags retrieved from /opt/airflow/dags/Jobs/pipline_jobs.py
[2024-03-22T10:40:41.337+0000] {processor.py:183} INFO - Processing /opt/airflow/dags/Jobs/pipline_jobs.py took 0.043 seconds
[2024-03-22T10:41:11.581+0000] {processor.py:161} INFO - Started process (PID=2034) to work on /opt/airflow/dags/Jobs/pipline_jobs.py
[2024-03-22T10:41:11.583+0000] {processor.py:830} INFO - Processing file /opt/airflow/dags/Jobs/pipline_jobs.py for tasks to queue
[2024-03-22T10:41:11.586+0000] {logging_mixin.py:188} INFO - [2024-03-22T10:41:11.585+0000] {dagbag.py:538} INFO - Filling up the DagBag from /opt/airflow/dags/Jobs/pipline_jobs.py
[2024-03-22T10:41:11.594+0000] {processor.py:842} WARNING - No viable dags retrieved from /opt/airflow/dags/Jobs/pipline_jobs.py
[2024-03-22T10:41:11.621+0000] {processor.py:183} INFO - Processing /opt/airflow/dags/Jobs/pipline_jobs.py took 0.047 seconds
[2024-03-22T10:41:41.836+0000] {processor.py:161} INFO - Started process (PID=2051) to work on /opt/airflow/dags/Jobs/pipline_jobs.py
[2024-03-22T10:41:41.837+0000] {processor.py:830} INFO - Processing file /opt/airflow/dags/Jobs/pipline_jobs.py for tasks to queue
[2024-03-22T10:41:41.839+0000] {logging_mixin.py:188} INFO - [2024-03-22T10:41:41.839+0000] {dagbag.py:538} INFO - Filling up the DagBag from /opt/airflow/dags/Jobs/pipline_jobs.py
[2024-03-22T10:41:41.846+0000] {processor.py:842} WARNING - No viable dags retrieved from /opt/airflow/dags/Jobs/pipline_jobs.py
[2024-03-22T10:41:41.862+0000] {processor.py:183} INFO - Processing /opt/airflow/dags/Jobs/pipline_jobs.py took 0.030 seconds
[2024-03-22T10:42:12.067+0000] {processor.py:161} INFO - Started process (PID=2067) to work on /opt/airflow/dags/Jobs/pipline_jobs.py
[2024-03-22T10:42:12.068+0000] {processor.py:830} INFO - Processing file /opt/airflow/dags/Jobs/pipline_jobs.py for tasks to queue
[2024-03-22T10:42:12.071+0000] {logging_mixin.py:188} INFO - [2024-03-22T10:42:12.070+0000] {dagbag.py:538} INFO - Filling up the DagBag from /opt/airflow/dags/Jobs/pipline_jobs.py
[2024-03-22T10:42:12.076+0000] {processor.py:842} WARNING - No viable dags retrieved from /opt/airflow/dags/Jobs/pipline_jobs.py
[2024-03-22T10:42:12.092+0000] {processor.py:183} INFO - Processing /opt/airflow/dags/Jobs/pipline_jobs.py took 0.029 seconds
[2024-03-22T10:42:42.332+0000] {processor.py:161} INFO - Started process (PID=2083) to work on /opt/airflow/dags/Jobs/pipline_jobs.py
[2024-03-22T10:42:42.334+0000] {processor.py:830} INFO - Processing file /opt/airflow/dags/Jobs/pipline_jobs.py for tasks to queue
[2024-03-22T10:42:42.338+0000] {logging_mixin.py:188} INFO - [2024-03-22T10:42:42.337+0000] {dagbag.py:538} INFO - Filling up the DagBag from /opt/airflow/dags/Jobs/pipline_jobs.py
[2024-03-22T10:42:42.355+0000] {processor.py:842} WARNING - No viable dags retrieved from /opt/airflow/dags/Jobs/pipline_jobs.py
[2024-03-22T10:42:42.384+0000] {processor.py:183} INFO - Processing /opt/airflow/dags/Jobs/pipline_jobs.py took 0.059 seconds
[2024-03-22T10:43:12.633+0000] {processor.py:161} INFO - Started process (PID=2099) to work on /opt/airflow/dags/Jobs/pipline_jobs.py
[2024-03-22T10:43:12.634+0000] {processor.py:830} INFO - Processing file /opt/airflow/dags/Jobs/pipline_jobs.py for tasks to queue
[2024-03-22T10:43:12.638+0000] {logging_mixin.py:188} INFO - [2024-03-22T10:43:12.637+0000] {dagbag.py:538} INFO - Filling up the DagBag from /opt/airflow/dags/Jobs/pipline_jobs.py
[2024-03-22T10:43:12.646+0000] {processor.py:842} WARNING - No viable dags retrieved from /opt/airflow/dags/Jobs/pipline_jobs.py
[2024-03-22T10:43:12.683+0000] {processor.py:183} INFO - Processing /opt/airflow/dags/Jobs/pipline_jobs.py took 0.056 seconds
[2024-03-22T10:43:42.912+0000] {processor.py:161} INFO - Started process (PID=2115) to work on /opt/airflow/dags/Jobs/pipline_jobs.py
[2024-03-22T10:43:42.913+0000] {processor.py:830} INFO - Processing file /opt/airflow/dags/Jobs/pipline_jobs.py for tasks to queue
[2024-03-22T10:43:42.915+0000] {logging_mixin.py:188} INFO - [2024-03-22T10:43:42.914+0000] {dagbag.py:538} INFO - Filling up the DagBag from /opt/airflow/dags/Jobs/pipline_jobs.py
[2024-03-22T10:43:42.919+0000] {processor.py:842} WARNING - No viable dags retrieved from /opt/airflow/dags/Jobs/pipline_jobs.py
[2024-03-22T10:43:42.944+0000] {processor.py:183} INFO - Processing /opt/airflow/dags/Jobs/pipline_jobs.py took 0.036 seconds
[2024-03-22T10:44:13.178+0000] {processor.py:161} INFO - Started process (PID=2131) to work on /opt/airflow/dags/Jobs/pipline_jobs.py
[2024-03-22T10:44:13.180+0000] {processor.py:830} INFO - Processing file /opt/airflow/dags/Jobs/pipline_jobs.py for tasks to queue
[2024-03-22T10:44:13.184+0000] {logging_mixin.py:188} INFO - [2024-03-22T10:44:13.183+0000] {dagbag.py:538} INFO - Filling up the DagBag from /opt/airflow/dags/Jobs/pipline_jobs.py
[2024-03-22T10:44:13.193+0000] {processor.py:842} WARNING - No viable dags retrieved from /opt/airflow/dags/Jobs/pipline_jobs.py
[2024-03-22T10:44:13.227+0000] {processor.py:183} INFO - Processing /opt/airflow/dags/Jobs/pipline_jobs.py took 0.057 seconds
[2024-03-22T10:44:43.470+0000] {processor.py:161} INFO - Started process (PID=2147) to work on /opt/airflow/dags/Jobs/pipline_jobs.py
[2024-03-22T10:44:43.471+0000] {processor.py:830} INFO - Processing file /opt/airflow/dags/Jobs/pipline_jobs.py for tasks to queue
[2024-03-22T10:44:43.473+0000] {logging_mixin.py:188} INFO - [2024-03-22T10:44:43.472+0000] {dagbag.py:538} INFO - Filling up the DagBag from /opt/airflow/dags/Jobs/pipline_jobs.py
[2024-03-22T10:44:43.479+0000] {processor.py:842} WARNING - No viable dags retrieved from /opt/airflow/dags/Jobs/pipline_jobs.py
[2024-03-22T10:44:43.501+0000] {processor.py:183} INFO - Processing /opt/airflow/dags/Jobs/pipline_jobs.py took 0.036 seconds
[2024-03-22T10:45:13.718+0000] {processor.py:161} INFO - Started process (PID=2162) to work on /opt/airflow/dags/Jobs/pipline_jobs.py
[2024-03-22T10:45:13.720+0000] {processor.py:830} INFO - Processing file /opt/airflow/dags/Jobs/pipline_jobs.py for tasks to queue
[2024-03-22T10:45:13.725+0000] {logging_mixin.py:188} INFO - [2024-03-22T10:45:13.722+0000] {dagbag.py:538} INFO - Filling up the DagBag from /opt/airflow/dags/Jobs/pipline_jobs.py
[2024-03-22T10:45:13.733+0000] {processor.py:842} WARNING - No viable dags retrieved from /opt/airflow/dags/Jobs/pipline_jobs.py
[2024-03-22T10:45:13.765+0000] {processor.py:183} INFO - Processing /opt/airflow/dags/Jobs/pipline_jobs.py took 0.055 seconds
[2024-03-22T10:45:43.987+0000] {processor.py:161} INFO - Started process (PID=2178) to work on /opt/airflow/dags/Jobs/pipline_jobs.py
[2024-03-22T10:45:43.989+0000] {processor.py:830} INFO - Processing file /opt/airflow/dags/Jobs/pipline_jobs.py for tasks to queue
[2024-03-22T10:45:43.990+0000] {logging_mixin.py:188} INFO - [2024-03-22T10:45:43.990+0000] {dagbag.py:538} INFO - Filling up the DagBag from /opt/airflow/dags/Jobs/pipline_jobs.py
[2024-03-22T10:45:43.996+0000] {processor.py:842} WARNING - No viable dags retrieved from /opt/airflow/dags/Jobs/pipline_jobs.py
[2024-03-22T10:45:44.014+0000] {processor.py:183} INFO - Processing /opt/airflow/dags/Jobs/pipline_jobs.py took 0.031 seconds
[2024-03-22T10:46:14.292+0000] {processor.py:161} INFO - Started process (PID=2194) to work on /opt/airflow/dags/Jobs/pipline_jobs.py
[2024-03-22T10:46:14.294+0000] {processor.py:830} INFO - Processing file /opt/airflow/dags/Jobs/pipline_jobs.py for tasks to queue
[2024-03-22T10:46:14.297+0000] {logging_mixin.py:188} INFO - [2024-03-22T10:46:14.296+0000] {dagbag.py:538} INFO - Filling up the DagBag from /opt/airflow/dags/Jobs/pipline_jobs.py
[2024-03-22T10:46:14.305+0000] {processor.py:842} WARNING - No viable dags retrieved from /opt/airflow/dags/Jobs/pipline_jobs.py
[2024-03-22T10:46:14.334+0000] {processor.py:183} INFO - Processing /opt/airflow/dags/Jobs/pipline_jobs.py took 0.051 seconds
[2024-03-22T10:46:44.570+0000] {processor.py:161} INFO - Started process (PID=2210) to work on /opt/airflow/dags/Jobs/pipline_jobs.py
[2024-03-22T10:46:44.572+0000] {processor.py:830} INFO - Processing file /opt/airflow/dags/Jobs/pipline_jobs.py for tasks to queue
[2024-03-22T10:46:44.576+0000] {logging_mixin.py:188} INFO - [2024-03-22T10:46:44.574+0000] {dagbag.py:538} INFO - Filling up the DagBag from /opt/airflow/dags/Jobs/pipline_jobs.py
[2024-03-22T10:46:44.582+0000] {processor.py:842} WARNING - No viable dags retrieved from /opt/airflow/dags/Jobs/pipline_jobs.py
[2024-03-22T10:46:44.608+0000] {processor.py:183} INFO - Processing /opt/airflow/dags/Jobs/pipline_jobs.py took 0.044 seconds
[2024-03-22T10:47:14.835+0000] {processor.py:161} INFO - Started process (PID=2226) to work on /opt/airflow/dags/Jobs/pipline_jobs.py
[2024-03-22T10:47:14.837+0000] {processor.py:830} INFO - Processing file /opt/airflow/dags/Jobs/pipline_jobs.py for tasks to queue
[2024-03-22T10:47:14.840+0000] {logging_mixin.py:188} INFO - [2024-03-22T10:47:14.839+0000] {dagbag.py:538} INFO - Filling up the DagBag from /opt/airflow/dags/Jobs/pipline_jobs.py
[2024-03-22T10:47:14.848+0000] {processor.py:842} WARNING - No viable dags retrieved from /opt/airflow/dags/Jobs/pipline_jobs.py
[2024-03-22T10:47:14.869+0000] {processor.py:183} INFO - Processing /opt/airflow/dags/Jobs/pipline_jobs.py took 0.042 seconds
[2024-03-22T10:47:45.102+0000] {processor.py:161} INFO - Started process (PID=2242) to work on /opt/airflow/dags/Jobs/pipline_jobs.py
[2024-03-22T10:47:45.104+0000] {processor.py:830} INFO - Processing file /opt/airflow/dags/Jobs/pipline_jobs.py for tasks to queue
[2024-03-22T10:47:45.107+0000] {logging_mixin.py:188} INFO - [2024-03-22T10:47:45.106+0000] {dagbag.py:538} INFO - Filling up the DagBag from /opt/airflow/dags/Jobs/pipline_jobs.py
[2024-03-22T10:47:45.114+0000] {processor.py:842} WARNING - No viable dags retrieved from /opt/airflow/dags/Jobs/pipline_jobs.py
[2024-03-22T10:47:45.144+0000] {processor.py:183} INFO - Processing /opt/airflow/dags/Jobs/pipline_jobs.py took 0.048 seconds
[2024-03-22T10:48:15.380+0000] {processor.py:161} INFO - Started process (PID=2258) to work on /opt/airflow/dags/Jobs/pipline_jobs.py
[2024-03-22T10:48:15.381+0000] {processor.py:830} INFO - Processing file /opt/airflow/dags/Jobs/pipline_jobs.py for tasks to queue
[2024-03-22T10:48:15.385+0000] {logging_mixin.py:188} INFO - [2024-03-22T10:48:15.384+0000] {dagbag.py:538} INFO - Filling up the DagBag from /opt/airflow/dags/Jobs/pipline_jobs.py
[2024-03-22T10:48:15.393+0000] {processor.py:842} WARNING - No viable dags retrieved from /opt/airflow/dags/Jobs/pipline_jobs.py
[2024-03-22T10:48:15.425+0000] {processor.py:183} INFO - Processing /opt/airflow/dags/Jobs/pipline_jobs.py took 0.052 seconds
[2024-03-22T10:48:45.655+0000] {processor.py:161} INFO - Started process (PID=2274) to work on /opt/airflow/dags/Jobs/pipline_jobs.py
[2024-03-22T10:48:45.656+0000] {processor.py:830} INFO - Processing file /opt/airflow/dags/Jobs/pipline_jobs.py for tasks to queue
[2024-03-22T10:48:45.657+0000] {logging_mixin.py:188} INFO - [2024-03-22T10:48:45.657+0000] {dagbag.py:538} INFO - Filling up the DagBag from /opt/airflow/dags/Jobs/pipline_jobs.py
[2024-03-22T10:48:45.662+0000] {processor.py:842} WARNING - No viable dags retrieved from /opt/airflow/dags/Jobs/pipline_jobs.py
[2024-03-22T10:48:45.679+0000] {processor.py:183} INFO - Processing /opt/airflow/dags/Jobs/pipline_jobs.py took 0.028 seconds
[2024-03-22T10:49:15.898+0000] {processor.py:161} INFO - Started process (PID=2290) to work on /opt/airflow/dags/Jobs/pipline_jobs.py
[2024-03-22T10:49:15.900+0000] {processor.py:830} INFO - Processing file /opt/airflow/dags/Jobs/pipline_jobs.py for tasks to queue
[2024-03-22T10:49:15.904+0000] {logging_mixin.py:188} INFO - [2024-03-22T10:49:15.902+0000] {dagbag.py:538} INFO - Filling up the DagBag from /opt/airflow/dags/Jobs/pipline_jobs.py
[2024-03-22T10:49:15.911+0000] {processor.py:842} WARNING - No viable dags retrieved from /opt/airflow/dags/Jobs/pipline_jobs.py
[2024-03-22T10:49:15.944+0000] {processor.py:183} INFO - Processing /opt/airflow/dags/Jobs/pipline_jobs.py took 0.053 seconds
[2024-03-22T10:49:46.195+0000] {processor.py:161} INFO - Started process (PID=2306) to work on /opt/airflow/dags/Jobs/pipline_jobs.py
[2024-03-22T10:49:46.196+0000] {processor.py:830} INFO - Processing file /opt/airflow/dags/Jobs/pipline_jobs.py for tasks to queue
[2024-03-22T10:49:46.198+0000] {logging_mixin.py:188} INFO - [2024-03-22T10:49:46.198+0000] {dagbag.py:538} INFO - Filling up the DagBag from /opt/airflow/dags/Jobs/pipline_jobs.py
[2024-03-22T10:49:46.203+0000] {processor.py:842} WARNING - No viable dags retrieved from /opt/airflow/dags/Jobs/pipline_jobs.py
[2024-03-22T10:49:46.225+0000] {processor.py:183} INFO - Processing /opt/airflow/dags/Jobs/pipline_jobs.py took 0.036 seconds
[2024-03-22T10:50:16.423+0000] {processor.py:161} INFO - Started process (PID=2322) to work on /opt/airflow/dags/Jobs/pipline_jobs.py
[2024-03-22T10:50:16.424+0000] {processor.py:830} INFO - Processing file /opt/airflow/dags/Jobs/pipline_jobs.py for tasks to queue
[2024-03-22T10:50:16.425+0000] {logging_mixin.py:188} INFO - [2024-03-22T10:50:16.424+0000] {dagbag.py:538} INFO - Filling up the DagBag from /opt/airflow/dags/Jobs/pipline_jobs.py
[2024-03-22T10:50:16.430+0000] {processor.py:842} WARNING - No viable dags retrieved from /opt/airflow/dags/Jobs/pipline_jobs.py
[2024-03-22T10:50:16.447+0000] {processor.py:183} INFO - Processing /opt/airflow/dags/Jobs/pipline_jobs.py took 0.028 seconds
[2024-03-22T10:50:46.646+0000] {processor.py:161} INFO - Started process (PID=2338) to work on /opt/airflow/dags/Jobs/pipline_jobs.py
[2024-03-22T10:50:46.647+0000] {processor.py:830} INFO - Processing file /opt/airflow/dags/Jobs/pipline_jobs.py for tasks to queue
[2024-03-22T10:50:46.649+0000] {logging_mixin.py:188} INFO - [2024-03-22T10:50:46.648+0000] {dagbag.py:538} INFO - Filling up the DagBag from /opt/airflow/dags/Jobs/pipline_jobs.py
[2024-03-22T10:50:46.653+0000] {processor.py:842} WARNING - No viable dags retrieved from /opt/airflow/dags/Jobs/pipline_jobs.py
[2024-03-22T10:50:46.674+0000] {processor.py:183} INFO - Processing /opt/airflow/dags/Jobs/pipline_jobs.py took 0.031 seconds
[2024-03-22T10:51:16.921+0000] {processor.py:161} INFO - Started process (PID=2354) to work on /opt/airflow/dags/Jobs/pipline_jobs.py
[2024-03-22T10:51:16.923+0000] {processor.py:830} INFO - Processing file /opt/airflow/dags/Jobs/pipline_jobs.py for tasks to queue
[2024-03-22T10:51:16.926+0000] {logging_mixin.py:188} INFO - [2024-03-22T10:51:16.924+0000] {dagbag.py:538} INFO - Filling up the DagBag from /opt/airflow/dags/Jobs/pipline_jobs.py
[2024-03-22T10:51:16.932+0000] {processor.py:842} WARNING - No viable dags retrieved from /opt/airflow/dags/Jobs/pipline_jobs.py
[2024-03-22T10:51:16.960+0000] {processor.py:183} INFO - Processing /opt/airflow/dags/Jobs/pipline_jobs.py took 0.048 seconds
[2024-03-22T10:51:47.188+0000] {processor.py:161} INFO - Started process (PID=2371) to work on /opt/airflow/dags/Jobs/pipline_jobs.py
[2024-03-22T10:51:47.189+0000] {processor.py:830} INFO - Processing file /opt/airflow/dags/Jobs/pipline_jobs.py for tasks to queue
[2024-03-22T10:51:47.190+0000] {logging_mixin.py:188} INFO - [2024-03-22T10:51:47.190+0000] {dagbag.py:538} INFO - Filling up the DagBag from /opt/airflow/dags/Jobs/pipline_jobs.py
[2024-03-22T10:51:47.195+0000] {processor.py:842} WARNING - No viable dags retrieved from /opt/airflow/dags/Jobs/pipline_jobs.py
[2024-03-22T10:51:47.210+0000] {processor.py:183} INFO - Processing /opt/airflow/dags/Jobs/pipline_jobs.py took 0.027 seconds
[2024-03-22T10:52:17.450+0000] {processor.py:161} INFO - Started process (PID=2387) to work on /opt/airflow/dags/Jobs/pipline_jobs.py
[2024-03-22T10:52:17.451+0000] {processor.py:830} INFO - Processing file /opt/airflow/dags/Jobs/pipline_jobs.py for tasks to queue
[2024-03-22T10:52:17.455+0000] {logging_mixin.py:188} INFO - [2024-03-22T10:52:17.454+0000] {dagbag.py:538} INFO - Filling up the DagBag from /opt/airflow/dags/Jobs/pipline_jobs.py
[2024-03-22T10:52:17.464+0000] {processor.py:842} WARNING - No viable dags retrieved from /opt/airflow/dags/Jobs/pipline_jobs.py
[2024-03-22T10:52:17.497+0000] {processor.py:183} INFO - Processing /opt/airflow/dags/Jobs/pipline_jobs.py took 0.054 seconds
[2024-03-22T10:52:47.744+0000] {processor.py:161} INFO - Started process (PID=2403) to work on /opt/airflow/dags/Jobs/pipline_jobs.py
[2024-03-22T10:52:47.746+0000] {processor.py:830} INFO - Processing file /opt/airflow/dags/Jobs/pipline_jobs.py for tasks to queue
[2024-03-22T10:52:47.748+0000] {logging_mixin.py:188} INFO - [2024-03-22T10:52:47.747+0000] {dagbag.py:538} INFO - Filling up the DagBag from /opt/airflow/dags/Jobs/pipline_jobs.py
[2024-03-22T10:52:47.754+0000] {processor.py:842} WARNING - No viable dags retrieved from /opt/airflow/dags/Jobs/pipline_jobs.py
[2024-03-22T10:52:47.780+0000] {processor.py:183} INFO - Processing /opt/airflow/dags/Jobs/pipline_jobs.py took 0.043 seconds
[2024-03-22T10:53:18.036+0000] {processor.py:161} INFO - Started process (PID=2419) to work on /opt/airflow/dags/Jobs/pipline_jobs.py
[2024-03-22T10:53:18.038+0000] {processor.py:830} INFO - Processing file /opt/airflow/dags/Jobs/pipline_jobs.py for tasks to queue
[2024-03-22T10:53:18.041+0000] {logging_mixin.py:188} INFO - [2024-03-22T10:53:18.040+0000] {dagbag.py:538} INFO - Filling up the DagBag from /opt/airflow/dags/Jobs/pipline_jobs.py
[2024-03-22T10:53:18.049+0000] {processor.py:842} WARNING - No viable dags retrieved from /opt/airflow/dags/Jobs/pipline_jobs.py
[2024-03-22T10:53:18.075+0000] {processor.py:183} INFO - Processing /opt/airflow/dags/Jobs/pipline_jobs.py took 0.048 seconds
[2024-03-22T10:53:48.238+0000] {processor.py:161} INFO - Started process (PID=2435) to work on /opt/airflow/dags/Jobs/pipline_jobs.py
[2024-03-22T10:53:48.240+0000] {processor.py:830} INFO - Processing file /opt/airflow/dags/Jobs/pipline_jobs.py for tasks to queue
[2024-03-22T10:53:48.244+0000] {logging_mixin.py:188} INFO - [2024-03-22T10:53:48.243+0000] {dagbag.py:538} INFO - Filling up the DagBag from /opt/airflow/dags/Jobs/pipline_jobs.py
[2024-03-22T10:53:48.253+0000] {processor.py:842} WARNING - No viable dags retrieved from /opt/airflow/dags/Jobs/pipline_jobs.py
[2024-03-22T10:53:48.289+0000] {processor.py:183} INFO - Processing /opt/airflow/dags/Jobs/pipline_jobs.py took 0.058 seconds
[2024-03-22T10:54:18.835+0000] {processor.py:161} INFO - Started process (PID=2451) to work on /opt/airflow/dags/Jobs/pipline_jobs.py
[2024-03-22T10:54:18.836+0000] {processor.py:830} INFO - Processing file /opt/airflow/dags/Jobs/pipline_jobs.py for tasks to queue
[2024-03-22T10:54:18.840+0000] {logging_mixin.py:188} INFO - [2024-03-22T10:54:18.839+0000] {dagbag.py:538} INFO - Filling up the DagBag from /opt/airflow/dags/Jobs/pipline_jobs.py
[2024-03-22T10:54:18.847+0000] {processor.py:842} WARNING - No viable dags retrieved from /opt/airflow/dags/Jobs/pipline_jobs.py
[2024-03-22T10:54:18.876+0000] {processor.py:183} INFO - Processing /opt/airflow/dags/Jobs/pipline_jobs.py took 0.049 seconds
[2024-03-22T10:54:49.140+0000] {processor.py:161} INFO - Started process (PID=2467) to work on /opt/airflow/dags/Jobs/pipline_jobs.py
[2024-03-22T10:54:49.142+0000] {processor.py:830} INFO - Processing file /opt/airflow/dags/Jobs/pipline_jobs.py for tasks to queue
[2024-03-22T10:54:49.145+0000] {logging_mixin.py:188} INFO - [2024-03-22T10:54:49.144+0000] {dagbag.py:538} INFO - Filling up the DagBag from /opt/airflow/dags/Jobs/pipline_jobs.py
[2024-03-22T10:54:49.153+0000] {processor.py:842} WARNING - No viable dags retrieved from /opt/airflow/dags/Jobs/pipline_jobs.py
[2024-03-22T10:54:49.189+0000] {processor.py:183} INFO - Processing /opt/airflow/dags/Jobs/pipline_jobs.py took 0.056 seconds
[2024-03-22T10:55:19.419+0000] {processor.py:161} INFO - Started process (PID=2483) to work on /opt/airflow/dags/Jobs/pipline_jobs.py
[2024-03-22T10:55:19.421+0000] {processor.py:830} INFO - Processing file /opt/airflow/dags/Jobs/pipline_jobs.py for tasks to queue
[2024-03-22T10:55:19.423+0000] {logging_mixin.py:188} INFO - [2024-03-22T10:55:19.422+0000] {dagbag.py:538} INFO - Filling up the DagBag from /opt/airflow/dags/Jobs/pipline_jobs.py
[2024-03-22T10:55:19.431+0000] {processor.py:842} WARNING - No viable dags retrieved from /opt/airflow/dags/Jobs/pipline_jobs.py
[2024-03-22T10:55:19.451+0000] {processor.py:183} INFO - Processing /opt/airflow/dags/Jobs/pipline_jobs.py took 0.037 seconds
[2024-03-22T10:55:49.594+0000] {processor.py:161} INFO - Started process (PID=2499) to work on /opt/airflow/dags/Jobs/pipline_jobs.py
[2024-03-22T10:55:49.596+0000] {processor.py:830} INFO - Processing file /opt/airflow/dags/Jobs/pipline_jobs.py for tasks to queue
[2024-03-22T10:55:49.598+0000] {logging_mixin.py:188} INFO - [2024-03-22T10:55:49.598+0000] {dagbag.py:538} INFO - Filling up the DagBag from /opt/airflow/dags/Jobs/pipline_jobs.py
[2024-03-22T10:55:49.606+0000] {processor.py:842} WARNING - No viable dags retrieved from /opt/airflow/dags/Jobs/pipline_jobs.py
[2024-03-22T10:55:49.627+0000] {processor.py:183} INFO - Processing /opt/airflow/dags/Jobs/pipline_jobs.py took 0.041 seconds
[2024-03-22T10:56:19.719+0000] {processor.py:161} INFO - Started process (PID=2515) to work on /opt/airflow/dags/Jobs/pipline_jobs.py
[2024-03-22T10:56:19.720+0000] {processor.py:830} INFO - Processing file /opt/airflow/dags/Jobs/pipline_jobs.py for tasks to queue
[2024-03-22T10:56:19.723+0000] {logging_mixin.py:188} INFO - [2024-03-22T10:56:19.722+0000] {dagbag.py:538} INFO - Filling up the DagBag from /opt/airflow/dags/Jobs/pipline_jobs.py
[2024-03-22T10:56:19.728+0000] {processor.py:842} WARNING - No viable dags retrieved from /opt/airflow/dags/Jobs/pipline_jobs.py
[2024-03-22T10:56:19.753+0000] {processor.py:183} INFO - Processing /opt/airflow/dags/Jobs/pipline_jobs.py took 0.038 seconds
[2024-03-22T10:56:50.202+0000] {processor.py:161} INFO - Started process (PID=2531) to work on /opt/airflow/dags/Jobs/pipline_jobs.py
[2024-03-22T10:56:50.204+0000] {processor.py:830} INFO - Processing file /opt/airflow/dags/Jobs/pipline_jobs.py for tasks to queue
[2024-03-22T10:56:50.208+0000] {logging_mixin.py:188} INFO - [2024-03-22T10:56:50.207+0000] {dagbag.py:538} INFO - Filling up the DagBag from /opt/airflow/dags/Jobs/pipline_jobs.py
[2024-03-22T10:56:50.216+0000] {processor.py:842} WARNING - No viable dags retrieved from /opt/airflow/dags/Jobs/pipline_jobs.py
[2024-03-22T10:56:50.236+0000] {processor.py:183} INFO - Processing /opt/airflow/dags/Jobs/pipline_jobs.py took 0.042 seconds
[2024-03-22T10:57:20.439+0000] {processor.py:161} INFO - Started process (PID=2547) to work on /opt/airflow/dags/Jobs/pipline_jobs.py
[2024-03-22T10:57:20.441+0000] {processor.py:830} INFO - Processing file /opt/airflow/dags/Jobs/pipline_jobs.py for tasks to queue
[2024-03-22T10:57:20.444+0000] {logging_mixin.py:188} INFO - [2024-03-22T10:57:20.443+0000] {dagbag.py:538} INFO - Filling up the DagBag from /opt/airflow/dags/Jobs/pipline_jobs.py
[2024-03-22T10:57:20.453+0000] {processor.py:842} WARNING - No viable dags retrieved from /opt/airflow/dags/Jobs/pipline_jobs.py
[2024-03-22T10:57:20.487+0000] {processor.py:183} INFO - Processing /opt/airflow/dags/Jobs/pipline_jobs.py took 0.056 seconds
[2024-03-22T10:57:50.717+0000] {processor.py:161} INFO - Started process (PID=2564) to work on /opt/airflow/dags/Jobs/pipline_jobs.py
[2024-03-22T10:57:50.719+0000] {processor.py:830} INFO - Processing file /opt/airflow/dags/Jobs/pipline_jobs.py for tasks to queue
[2024-03-22T10:57:50.722+0000] {logging_mixin.py:188} INFO - [2024-03-22T10:57:50.721+0000] {dagbag.py:538} INFO - Filling up the DagBag from /opt/airflow/dags/Jobs/pipline_jobs.py
[2024-03-22T10:57:50.731+0000] {processor.py:842} WARNING - No viable dags retrieved from /opt/airflow/dags/Jobs/pipline_jobs.py
[2024-03-22T10:57:50.762+0000] {processor.py:183} INFO - Processing /opt/airflow/dags/Jobs/pipline_jobs.py took 0.052 seconds
[2024-03-22T10:58:20.996+0000] {processor.py:161} INFO - Started process (PID=2580) to work on /opt/airflow/dags/Jobs/pipline_jobs.py
[2024-03-22T10:58:20.998+0000] {processor.py:830} INFO - Processing file /opt/airflow/dags/Jobs/pipline_jobs.py for tasks to queue
[2024-03-22T10:58:21.000+0000] {logging_mixin.py:188} INFO - [2024-03-22T10:58:20.999+0000] {dagbag.py:538} INFO - Filling up the DagBag from /opt/airflow/dags/Jobs/pipline_jobs.py
[2024-03-22T10:58:21.010+0000] {processor.py:842} WARNING - No viable dags retrieved from /opt/airflow/dags/Jobs/pipline_jobs.py
[2024-03-22T10:58:21.036+0000] {processor.py:183} INFO - Processing /opt/airflow/dags/Jobs/pipline_jobs.py took 0.045 seconds
[2024-03-22T10:58:51.268+0000] {processor.py:161} INFO - Started process (PID=2596) to work on /opt/airflow/dags/Jobs/pipline_jobs.py
[2024-03-22T10:58:51.269+0000] {processor.py:830} INFO - Processing file /opt/airflow/dags/Jobs/pipline_jobs.py for tasks to queue
[2024-03-22T10:58:51.271+0000] {logging_mixin.py:188} INFO - [2024-03-22T10:58:51.270+0000] {dagbag.py:538} INFO - Filling up the DagBag from /opt/airflow/dags/Jobs/pipline_jobs.py
[2024-03-22T10:58:51.275+0000] {processor.py:842} WARNING - No viable dags retrieved from /opt/airflow/dags/Jobs/pipline_jobs.py
[2024-03-22T10:58:51.292+0000] {processor.py:183} INFO - Processing /opt/airflow/dags/Jobs/pipline_jobs.py took 0.028 seconds
[2024-03-22T10:59:21.512+0000] {processor.py:161} INFO - Started process (PID=2612) to work on /opt/airflow/dags/Jobs/pipline_jobs.py
[2024-03-22T10:59:21.513+0000] {processor.py:830} INFO - Processing file /opt/airflow/dags/Jobs/pipline_jobs.py for tasks to queue
[2024-03-22T10:59:21.515+0000] {logging_mixin.py:188} INFO - [2024-03-22T10:59:21.514+0000] {dagbag.py:538} INFO - Filling up the DagBag from /opt/airflow/dags/Jobs/pipline_jobs.py
[2024-03-22T10:59:21.520+0000] {processor.py:842} WARNING - No viable dags retrieved from /opt/airflow/dags/Jobs/pipline_jobs.py
[2024-03-22T10:59:21.540+0000] {processor.py:183} INFO - Processing /opt/airflow/dags/Jobs/pipline_jobs.py took 0.032 seconds
[2024-03-22T10:59:51.765+0000] {processor.py:161} INFO - Started process (PID=2628) to work on /opt/airflow/dags/Jobs/pipline_jobs.py
[2024-03-22T10:59:51.766+0000] {processor.py:830} INFO - Processing file /opt/airflow/dags/Jobs/pipline_jobs.py for tasks to queue
[2024-03-22T10:59:51.767+0000] {logging_mixin.py:188} INFO - [2024-03-22T10:59:51.767+0000] {dagbag.py:538} INFO - Filling up the DagBag from /opt/airflow/dags/Jobs/pipline_jobs.py
[2024-03-22T10:59:51.775+0000] {processor.py:842} WARNING - No viable dags retrieved from /opt/airflow/dags/Jobs/pipline_jobs.py
[2024-03-22T10:59:51.806+0000] {processor.py:183} INFO - Processing /opt/airflow/dags/Jobs/pipline_jobs.py took 0.045 seconds
[2024-03-22T11:00:22.025+0000] {processor.py:161} INFO - Started process (PID=2644) to work on /opt/airflow/dags/Jobs/pipline_jobs.py
[2024-03-22T11:00:22.027+0000] {processor.py:830} INFO - Processing file /opt/airflow/dags/Jobs/pipline_jobs.py for tasks to queue
[2024-03-22T11:00:22.030+0000] {logging_mixin.py:188} INFO - [2024-03-22T11:00:22.029+0000] {dagbag.py:538} INFO - Filling up the DagBag from /opt/airflow/dags/Jobs/pipline_jobs.py
[2024-03-22T11:00:22.039+0000] {processor.py:842} WARNING - No viable dags retrieved from /opt/airflow/dags/Jobs/pipline_jobs.py
[2024-03-22T11:00:22.073+0000] {processor.py:183} INFO - Processing /opt/airflow/dags/Jobs/pipline_jobs.py took 0.056 seconds
[2024-03-22T11:00:52.257+0000] {processor.py:161} INFO - Started process (PID=2660) to work on /opt/airflow/dags/Jobs/pipline_jobs.py
[2024-03-22T11:00:52.258+0000] {processor.py:830} INFO - Processing file /opt/airflow/dags/Jobs/pipline_jobs.py for tasks to queue
[2024-03-22T11:00:52.262+0000] {logging_mixin.py:188} INFO - [2024-03-22T11:00:52.260+0000] {dagbag.py:538} INFO - Filling up the DagBag from /opt/airflow/dags/Jobs/pipline_jobs.py
[2024-03-22T11:00:52.267+0000] {processor.py:842} WARNING - No viable dags retrieved from /opt/airflow/dags/Jobs/pipline_jobs.py
[2024-03-22T11:00:52.289+0000] {processor.py:183} INFO - Processing /opt/airflow/dags/Jobs/pipline_jobs.py took 0.036 seconds
[2024-03-22T11:01:22.512+0000] {processor.py:161} INFO - Started process (PID=2676) to work on /opt/airflow/dags/Jobs/pipline_jobs.py
[2024-03-22T11:01:22.514+0000] {processor.py:830} INFO - Processing file /opt/airflow/dags/Jobs/pipline_jobs.py for tasks to queue
[2024-03-22T11:01:22.516+0000] {logging_mixin.py:188} INFO - [2024-03-22T11:01:22.515+0000] {dagbag.py:538} INFO - Filling up the DagBag from /opt/airflow/dags/Jobs/pipline_jobs.py
[2024-03-22T11:01:22.521+0000] {processor.py:842} WARNING - No viable dags retrieved from /opt/airflow/dags/Jobs/pipline_jobs.py
[2024-03-22T11:01:22.541+0000] {processor.py:183} INFO - Processing /opt/airflow/dags/Jobs/pipline_jobs.py took 0.033 seconds
[2024-03-22T11:01:52.750+0000] {processor.py:161} INFO - Started process (PID=2692) to work on /opt/airflow/dags/Jobs/pipline_jobs.py
[2024-03-22T11:01:52.751+0000] {processor.py:830} INFO - Processing file /opt/airflow/dags/Jobs/pipline_jobs.py for tasks to queue
[2024-03-22T11:01:52.755+0000] {logging_mixin.py:188} INFO - [2024-03-22T11:01:52.754+0000] {dagbag.py:538} INFO - Filling up the DagBag from /opt/airflow/dags/Jobs/pipline_jobs.py
[2024-03-22T11:01:52.762+0000] {processor.py:842} WARNING - No viable dags retrieved from /opt/airflow/dags/Jobs/pipline_jobs.py
[2024-03-22T11:01:52.787+0000] {processor.py:183} INFO - Processing /opt/airflow/dags/Jobs/pipline_jobs.py took 0.045 seconds
[2024-03-22T11:02:23.006+0000] {processor.py:161} INFO - Started process (PID=2708) to work on /opt/airflow/dags/Jobs/pipline_jobs.py
[2024-03-22T11:02:23.007+0000] {processor.py:830} INFO - Processing file /opt/airflow/dags/Jobs/pipline_jobs.py for tasks to queue
[2024-03-22T11:02:23.009+0000] {logging_mixin.py:188} INFO - [2024-03-22T11:02:23.009+0000] {dagbag.py:538} INFO - Filling up the DagBag from /opt/airflow/dags/Jobs/pipline_jobs.py
[2024-03-22T11:02:23.020+0000] {processor.py:842} WARNING - No viable dags retrieved from /opt/airflow/dags/Jobs/pipline_jobs.py
[2024-03-22T11:02:23.044+0000] {processor.py:183} INFO - Processing /opt/airflow/dags/Jobs/pipline_jobs.py took 0.047 seconds
[2024-03-22T11:02:53.300+0000] {processor.py:161} INFO - Started process (PID=2724) to work on /opt/airflow/dags/Jobs/pipline_jobs.py
[2024-03-22T11:02:53.302+0000] {processor.py:830} INFO - Processing file /opt/airflow/dags/Jobs/pipline_jobs.py for tasks to queue
[2024-03-22T11:02:53.305+0000] {logging_mixin.py:188} INFO - [2024-03-22T11:02:53.304+0000] {dagbag.py:538} INFO - Filling up the DagBag from /opt/airflow/dags/Jobs/pipline_jobs.py
[2024-03-22T11:02:53.311+0000] {processor.py:842} WARNING - No viable dags retrieved from /opt/airflow/dags/Jobs/pipline_jobs.py
[2024-03-22T11:02:53.357+0000] {processor.py:183} INFO - Processing /opt/airflow/dags/Jobs/pipline_jobs.py took 0.042 seconds
[2024-03-22T11:03:23.575+0000] {processor.py:161} INFO - Started process (PID=2740) to work on /opt/airflow/dags/Jobs/pipline_jobs.py
[2024-03-22T11:03:23.577+0000] {processor.py:830} INFO - Processing file /opt/airflow/dags/Jobs/pipline_jobs.py for tasks to queue
[2024-03-22T11:03:23.579+0000] {logging_mixin.py:188} INFO - [2024-03-22T11:03:23.578+0000] {dagbag.py:538} INFO - Filling up the DagBag from /opt/airflow/dags/Jobs/pipline_jobs.py
[2024-03-22T11:03:23.586+0000] {processor.py:842} WARNING - No viable dags retrieved from /opt/airflow/dags/Jobs/pipline_jobs.py
[2024-03-22T11:03:23.616+0000] {processor.py:183} INFO - Processing /opt/airflow/dags/Jobs/pipline_jobs.py took 0.044 seconds
[2024-03-22T11:03:53.846+0000] {processor.py:161} INFO - Started process (PID=2756) to work on /opt/airflow/dags/Jobs/pipline_jobs.py
[2024-03-22T11:03:53.847+0000] {processor.py:830} INFO - Processing file /opt/airflow/dags/Jobs/pipline_jobs.py for tasks to queue
[2024-03-22T11:03:53.850+0000] {logging_mixin.py:188} INFO - [2024-03-22T11:03:53.849+0000] {dagbag.py:538} INFO - Filling up the DagBag from /opt/airflow/dags/Jobs/pipline_jobs.py
[2024-03-22T11:03:53.857+0000] {processor.py:842} WARNING - No viable dags retrieved from /opt/airflow/dags/Jobs/pipline_jobs.py
[2024-03-22T11:03:53.887+0000] {processor.py:183} INFO - Processing /opt/airflow/dags/Jobs/pipline_jobs.py took 0.048 seconds
[2024-03-22T11:04:24.058+0000] {processor.py:161} INFO - Started process (PID=2772) to work on /opt/airflow/dags/Jobs/pipline_jobs.py
[2024-03-22T11:04:24.060+0000] {processor.py:830} INFO - Processing file /opt/airflow/dags/Jobs/pipline_jobs.py for tasks to queue
[2024-03-22T11:04:24.062+0000] {logging_mixin.py:188} INFO - [2024-03-22T11:04:24.061+0000] {dagbag.py:538} INFO - Filling up the DagBag from /opt/airflow/dags/Jobs/pipline_jobs.py
[2024-03-22T11:04:24.069+0000] {processor.py:842} WARNING - No viable dags retrieved from /opt/airflow/dags/Jobs/pipline_jobs.py
[2024-03-22T11:04:24.094+0000] {processor.py:183} INFO - Processing /opt/airflow/dags/Jobs/pipline_jobs.py took 0.040 seconds
[2024-03-22T11:04:54.278+0000] {processor.py:161} INFO - Started process (PID=2787) to work on /opt/airflow/dags/Jobs/pipline_jobs.py
[2024-03-22T11:04:54.279+0000] {processor.py:830} INFO - Processing file /opt/airflow/dags/Jobs/pipline_jobs.py for tasks to queue
[2024-03-22T11:04:54.281+0000] {logging_mixin.py:188} INFO - [2024-03-22T11:04:54.281+0000] {dagbag.py:538} INFO - Filling up the DagBag from /opt/airflow/dags/Jobs/pipline_jobs.py
[2024-03-22T11:04:54.286+0000] {processor.py:842} WARNING - No viable dags retrieved from /opt/airflow/dags/Jobs/pipline_jobs.py
[2024-03-22T11:04:54.308+0000] {processor.py:183} INFO - Processing /opt/airflow/dags/Jobs/pipline_jobs.py took 0.033 seconds
[2024-03-22T11:05:24.512+0000] {processor.py:161} INFO - Started process (PID=2803) to work on /opt/airflow/dags/Jobs/pipline_jobs.py
[2024-03-22T11:05:24.513+0000] {processor.py:830} INFO - Processing file /opt/airflow/dags/Jobs/pipline_jobs.py for tasks to queue
[2024-03-22T11:05:24.515+0000] {logging_mixin.py:188} INFO - [2024-03-22T11:05:24.514+0000] {dagbag.py:538} INFO - Filling up the DagBag from /opt/airflow/dags/Jobs/pipline_jobs.py
[2024-03-22T11:05:24.520+0000] {processor.py:842} WARNING - No viable dags retrieved from /opt/airflow/dags/Jobs/pipline_jobs.py
[2024-03-22T11:05:24.538+0000] {processor.py:183} INFO - Processing /opt/airflow/dags/Jobs/pipline_jobs.py took 0.030 seconds
[2024-03-22T11:05:54.774+0000] {processor.py:161} INFO - Started process (PID=2819) to work on /opt/airflow/dags/Jobs/pipline_jobs.py
[2024-03-22T11:05:54.776+0000] {processor.py:830} INFO - Processing file /opt/airflow/dags/Jobs/pipline_jobs.py for tasks to queue
[2024-03-22T11:05:54.777+0000] {logging_mixin.py:188} INFO - [2024-03-22T11:05:54.777+0000] {dagbag.py:538} INFO - Filling up the DagBag from /opt/airflow/dags/Jobs/pipline_jobs.py
[2024-03-22T11:05:54.785+0000] {processor.py:842} WARNING - No viable dags retrieved from /opt/airflow/dags/Jobs/pipline_jobs.py
[2024-03-22T11:05:54.811+0000] {processor.py:183} INFO - Processing /opt/airflow/dags/Jobs/pipline_jobs.py took 0.044 seconds
[2024-03-22T11:06:25.117+0000] {processor.py:161} INFO - Started process (PID=2835) to work on /opt/airflow/dags/Jobs/pipline_jobs.py
[2024-03-22T11:06:25.118+0000] {processor.py:830} INFO - Processing file /opt/airflow/dags/Jobs/pipline_jobs.py for tasks to queue
[2024-03-22T11:06:25.121+0000] {logging_mixin.py:188} INFO - [2024-03-22T11:06:25.120+0000] {dagbag.py:538} INFO - Filling up the DagBag from /opt/airflow/dags/Jobs/pipline_jobs.py
[2024-03-22T11:06:25.126+0000] {processor.py:842} WARNING - No viable dags retrieved from /opt/airflow/dags/Jobs/pipline_jobs.py
[2024-03-22T11:06:25.146+0000] {processor.py:183} INFO - Processing /opt/airflow/dags/Jobs/pipline_jobs.py took 0.036 seconds
[2024-03-22T11:06:55.449+0000] {processor.py:161} INFO - Started process (PID=2851) to work on /opt/airflow/dags/Jobs/pipline_jobs.py
[2024-03-22T11:06:55.450+0000] {processor.py:830} INFO - Processing file /opt/airflow/dags/Jobs/pipline_jobs.py for tasks to queue
[2024-03-22T11:06:55.453+0000] {logging_mixin.py:188} INFO - [2024-03-22T11:06:55.452+0000] {dagbag.py:538} INFO - Filling up the DagBag from /opt/airflow/dags/Jobs/pipline_jobs.py
[2024-03-22T11:06:55.457+0000] {processor.py:842} WARNING - No viable dags retrieved from /opt/airflow/dags/Jobs/pipline_jobs.py
[2024-03-22T11:06:55.473+0000] {processor.py:183} INFO - Processing /opt/airflow/dags/Jobs/pipline_jobs.py took 0.033 seconds
[2024-03-22T11:07:25.716+0000] {processor.py:161} INFO - Started process (PID=2867) to work on /opt/airflow/dags/Jobs/pipline_jobs.py
[2024-03-22T11:07:25.718+0000] {processor.py:830} INFO - Processing file /opt/airflow/dags/Jobs/pipline_jobs.py for tasks to queue
[2024-03-22T11:07:25.721+0000] {logging_mixin.py:188} INFO - [2024-03-22T11:07:25.720+0000] {dagbag.py:538} INFO - Filling up the DagBag from /opt/airflow/dags/Jobs/pipline_jobs.py
[2024-03-22T11:07:25.729+0000] {processor.py:842} WARNING - No viable dags retrieved from /opt/airflow/dags/Jobs/pipline_jobs.py
[2024-03-22T11:07:25.762+0000] {processor.py:183} INFO - Processing /opt/airflow/dags/Jobs/pipline_jobs.py took 0.053 seconds
[2024-03-22T11:07:56.009+0000] {processor.py:161} INFO - Started process (PID=2883) to work on /opt/airflow/dags/Jobs/pipline_jobs.py
[2024-03-22T11:07:56.011+0000] {processor.py:830} INFO - Processing file /opt/airflow/dags/Jobs/pipline_jobs.py for tasks to queue
[2024-03-22T11:07:56.014+0000] {logging_mixin.py:188} INFO - [2024-03-22T11:07:56.013+0000] {dagbag.py:538} INFO - Filling up the DagBag from /opt/airflow/dags/Jobs/pipline_jobs.py
[2024-03-22T11:07:56.023+0000] {processor.py:842} WARNING - No viable dags retrieved from /opt/airflow/dags/Jobs/pipline_jobs.py
[2024-03-22T11:07:56.055+0000] {processor.py:183} INFO - Processing /opt/airflow/dags/Jobs/pipline_jobs.py took 0.056 seconds
[2024-03-22T11:08:26.287+0000] {processor.py:161} INFO - Started process (PID=2899) to work on /opt/airflow/dags/Jobs/pipline_jobs.py
[2024-03-22T11:08:26.289+0000] {processor.py:830} INFO - Processing file /opt/airflow/dags/Jobs/pipline_jobs.py for tasks to queue
[2024-03-22T11:08:26.293+0000] {logging_mixin.py:188} INFO - [2024-03-22T11:08:26.292+0000] {dagbag.py:538} INFO - Filling up the DagBag from /opt/airflow/dags/Jobs/pipline_jobs.py
[2024-03-22T11:08:26.301+0000] {processor.py:842} WARNING - No viable dags retrieved from /opt/airflow/dags/Jobs/pipline_jobs.py
[2024-03-22T11:08:26.333+0000] {processor.py:183} INFO - Processing /opt/airflow/dags/Jobs/pipline_jobs.py took 0.053 seconds
[2024-03-22T11:08:56.541+0000] {processor.py:161} INFO - Started process (PID=2915) to work on /opt/airflow/dags/Jobs/pipline_jobs.py
[2024-03-22T11:08:56.543+0000] {processor.py:830} INFO - Processing file /opt/airflow/dags/Jobs/pipline_jobs.py for tasks to queue
[2024-03-22T11:08:56.547+0000] {logging_mixin.py:188} INFO - [2024-03-22T11:08:56.546+0000] {dagbag.py:538} INFO - Filling up the DagBag from /opt/airflow/dags/Jobs/pipline_jobs.py
[2024-03-22T11:08:56.555+0000] {processor.py:842} WARNING - No viable dags retrieved from /opt/airflow/dags/Jobs/pipline_jobs.py
[2024-03-22T11:08:56.576+0000] {processor.py:183} INFO - Processing /opt/airflow/dags/Jobs/pipline_jobs.py took 0.043 seconds
[2024-03-22T11:09:26.816+0000] {processor.py:161} INFO - Started process (PID=2931) to work on /opt/airflow/dags/Jobs/pipline_jobs.py
[2024-03-22T11:09:26.818+0000] {processor.py:830} INFO - Processing file /opt/airflow/dags/Jobs/pipline_jobs.py for tasks to queue
[2024-03-22T11:09:26.822+0000] {logging_mixin.py:188} INFO - [2024-03-22T11:09:26.820+0000] {dagbag.py:538} INFO - Filling up the DagBag from /opt/airflow/dags/Jobs/pipline_jobs.py
[2024-03-22T11:09:26.830+0000] {processor.py:842} WARNING - No viable dags retrieved from /opt/airflow/dags/Jobs/pipline_jobs.py
[2024-03-22T11:09:26.868+0000] {processor.py:183} INFO - Processing /opt/airflow/dags/Jobs/pipline_jobs.py took 0.059 seconds
[2024-03-22T11:09:57.104+0000] {processor.py:161} INFO - Started process (PID=2947) to work on /opt/airflow/dags/Jobs/pipline_jobs.py
[2024-03-22T11:09:57.105+0000] {processor.py:830} INFO - Processing file /opt/airflow/dags/Jobs/pipline_jobs.py for tasks to queue
[2024-03-22T11:09:57.107+0000] {logging_mixin.py:188} INFO - [2024-03-22T11:09:57.106+0000] {dagbag.py:538} INFO - Filling up the DagBag from /opt/airflow/dags/Jobs/pipline_jobs.py
[2024-03-22T11:09:57.111+0000] {processor.py:842} WARNING - No viable dags retrieved from /opt/airflow/dags/Jobs/pipline_jobs.py
[2024-03-22T11:09:57.133+0000] {processor.py:183} INFO - Processing /opt/airflow/dags/Jobs/pipline_jobs.py took 0.033 seconds
[2024-03-22T11:10:27.346+0000] {processor.py:161} INFO - Started process (PID=2963) to work on /opt/airflow/dags/Jobs/pipline_jobs.py
[2024-03-22T11:10:27.347+0000] {processor.py:830} INFO - Processing file /opt/airflow/dags/Jobs/pipline_jobs.py for tasks to queue
[2024-03-22T11:10:27.349+0000] {logging_mixin.py:188} INFO - [2024-03-22T11:10:27.348+0000] {dagbag.py:538} INFO - Filling up the DagBag from /opt/airflow/dags/Jobs/pipline_jobs.py
[2024-03-22T11:10:27.357+0000] {processor.py:842} WARNING - No viable dags retrieved from /opt/airflow/dags/Jobs/pipline_jobs.py
[2024-03-22T11:10:27.380+0000] {processor.py:183} INFO - Processing /opt/airflow/dags/Jobs/pipline_jobs.py took 0.038 seconds
[2024-03-22T11:10:57.568+0000] {processor.py:161} INFO - Started process (PID=2979) to work on /opt/airflow/dags/Jobs/pipline_jobs.py
[2024-03-22T11:10:57.570+0000] {processor.py:830} INFO - Processing file /opt/airflow/dags/Jobs/pipline_jobs.py for tasks to queue
[2024-03-22T11:10:57.573+0000] {logging_mixin.py:188} INFO - [2024-03-22T11:10:57.572+0000] {dagbag.py:538} INFO - Filling up the DagBag from /opt/airflow/dags/Jobs/pipline_jobs.py
[2024-03-22T11:10:57.582+0000] {processor.py:842} WARNING - No viable dags retrieved from /opt/airflow/dags/Jobs/pipline_jobs.py
[2024-03-22T11:10:57.617+0000] {processor.py:183} INFO - Processing /opt/airflow/dags/Jobs/pipline_jobs.py took 0.055 seconds
[2024-03-22T11:11:27.840+0000] {processor.py:161} INFO - Started process (PID=2995) to work on /opt/airflow/dags/Jobs/pipline_jobs.py
[2024-03-22T11:11:27.842+0000] {processor.py:830} INFO - Processing file /opt/airflow/dags/Jobs/pipline_jobs.py for tasks to queue
[2024-03-22T11:11:27.845+0000] {logging_mixin.py:188} INFO - [2024-03-22T11:11:27.844+0000] {dagbag.py:538} INFO - Filling up the DagBag from /opt/airflow/dags/Jobs/pipline_jobs.py
[2024-03-22T11:11:27.851+0000] {processor.py:842} WARNING - No viable dags retrieved from /opt/airflow/dags/Jobs/pipline_jobs.py
[2024-03-22T11:11:27.873+0000] {processor.py:183} INFO - Processing /opt/airflow/dags/Jobs/pipline_jobs.py took 0.040 seconds
[2024-03-22T11:11:58.093+0000] {processor.py:161} INFO - Started process (PID=3011) to work on /opt/airflow/dags/Jobs/pipline_jobs.py
[2024-03-22T11:11:58.094+0000] {processor.py:830} INFO - Processing file /opt/airflow/dags/Jobs/pipline_jobs.py for tasks to queue
[2024-03-22T11:11:58.098+0000] {logging_mixin.py:188} INFO - [2024-03-22T11:11:58.096+0000] {dagbag.py:538} INFO - Filling up the DagBag from /opt/airflow/dags/Jobs/pipline_jobs.py
[2024-03-22T11:11:58.105+0000] {processor.py:842} WARNING - No viable dags retrieved from /opt/airflow/dags/Jobs/pipline_jobs.py
[2024-03-22T11:11:58.130+0000] {processor.py:183} INFO - Processing /opt/airflow/dags/Jobs/pipline_jobs.py took 0.043 seconds
[2024-03-22T11:12:28.337+0000] {processor.py:161} INFO - Started process (PID=3027) to work on /opt/airflow/dags/Jobs/pipline_jobs.py
[2024-03-22T11:12:28.338+0000] {processor.py:830} INFO - Processing file /opt/airflow/dags/Jobs/pipline_jobs.py for tasks to queue
[2024-03-22T11:12:28.340+0000] {logging_mixin.py:188} INFO - [2024-03-22T11:12:28.339+0000] {dagbag.py:538} INFO - Filling up the DagBag from /opt/airflow/dags/Jobs/pipline_jobs.py
[2024-03-22T11:12:28.348+0000] {processor.py:842} WARNING - No viable dags retrieved from /opt/airflow/dags/Jobs/pipline_jobs.py
[2024-03-22T11:12:28.381+0000] {processor.py:183} INFO - Processing /opt/airflow/dags/Jobs/pipline_jobs.py took 0.048 seconds
[2024-03-22T11:12:58.540+0000] {processor.py:161} INFO - Started process (PID=3043) to work on /opt/airflow/dags/Jobs/pipline_jobs.py
[2024-03-22T11:12:58.542+0000] {processor.py:830} INFO - Processing file /opt/airflow/dags/Jobs/pipline_jobs.py for tasks to queue
[2024-03-22T11:12:58.544+0000] {logging_mixin.py:188} INFO - [2024-03-22T11:12:58.543+0000] {dagbag.py:538} INFO - Filling up the DagBag from /opt/airflow/dags/Jobs/pipline_jobs.py
[2024-03-22T11:12:58.549+0000] {processor.py:842} WARNING - No viable dags retrieved from /opt/airflow/dags/Jobs/pipline_jobs.py
[2024-03-22T11:12:58.584+0000] {processor.py:183} INFO - Processing /opt/airflow/dags/Jobs/pipline_jobs.py took 0.047 seconds
[2024-03-22T11:13:28.753+0000] {processor.py:161} INFO - Started process (PID=3059) to work on /opt/airflow/dags/Jobs/pipline_jobs.py
[2024-03-22T11:13:28.754+0000] {processor.py:830} INFO - Processing file /opt/airflow/dags/Jobs/pipline_jobs.py for tasks to queue
[2024-03-22T11:13:28.756+0000] {logging_mixin.py:188} INFO - [2024-03-22T11:13:28.756+0000] {dagbag.py:538} INFO - Filling up the DagBag from /opt/airflow/dags/Jobs/pipline_jobs.py
[2024-03-22T11:13:28.762+0000] {processor.py:842} WARNING - No viable dags retrieved from /opt/airflow/dags/Jobs/pipline_jobs.py
[2024-03-22T11:13:28.782+0000] {processor.py:183} INFO - Processing /opt/airflow/dags/Jobs/pipline_jobs.py took 0.033 seconds
[2024-03-22T11:13:58.972+0000] {processor.py:161} INFO - Started process (PID=3075) to work on /opt/airflow/dags/Jobs/pipline_jobs.py
[2024-03-22T11:13:58.973+0000] {processor.py:830} INFO - Processing file /opt/airflow/dags/Jobs/pipline_jobs.py for tasks to queue
[2024-03-22T11:13:58.977+0000] {logging_mixin.py:188} INFO - [2024-03-22T11:13:58.975+0000] {dagbag.py:538} INFO - Filling up the DagBag from /opt/airflow/dags/Jobs/pipline_jobs.py
[2024-03-22T11:13:58.987+0000] {processor.py:842} WARNING - No viable dags retrieved from /opt/airflow/dags/Jobs/pipline_jobs.py
[2024-03-22T11:13:59.020+0000] {processor.py:183} INFO - Processing /opt/airflow/dags/Jobs/pipline_jobs.py took 0.056 seconds
[2024-03-22T11:14:29.210+0000] {processor.py:161} INFO - Started process (PID=3091) to work on /opt/airflow/dags/Jobs/pipline_jobs.py
[2024-03-22T11:14:29.211+0000] {processor.py:830} INFO - Processing file /opt/airflow/dags/Jobs/pipline_jobs.py for tasks to queue
[2024-03-22T11:14:29.214+0000] {logging_mixin.py:188} INFO - [2024-03-22T11:14:29.213+0000] {dagbag.py:538} INFO - Filling up the DagBag from /opt/airflow/dags/Jobs/pipline_jobs.py
[2024-03-22T11:14:29.223+0000] {processor.py:842} WARNING - No viable dags retrieved from /opt/airflow/dags/Jobs/pipline_jobs.py
[2024-03-22T11:14:29.249+0000] {processor.py:183} INFO - Processing /opt/airflow/dags/Jobs/pipline_jobs.py took 0.043 seconds
[2024-03-22T11:14:59.619+0000] {processor.py:161} INFO - Started process (PID=3107) to work on /opt/airflow/dags/Jobs/pipline_jobs.py
[2024-03-22T11:14:59.620+0000] {processor.py:830} INFO - Processing file /opt/airflow/dags/Jobs/pipline_jobs.py for tasks to queue
[2024-03-22T11:14:59.622+0000] {logging_mixin.py:188} INFO - [2024-03-22T11:14:59.622+0000] {dagbag.py:538} INFO - Filling up the DagBag from /opt/airflow/dags/Jobs/pipline_jobs.py
[2024-03-22T11:14:59.628+0000] {processor.py:842} WARNING - No viable dags retrieved from /opt/airflow/dags/Jobs/pipline_jobs.py
[2024-03-22T11:14:59.647+0000] {processor.py:183} INFO - Processing /opt/airflow/dags/Jobs/pipline_jobs.py took 0.032 seconds
[2024-03-22T11:15:29.992+0000] {processor.py:161} INFO - Started process (PID=3123) to work on /opt/airflow/dags/Jobs/pipline_jobs.py
[2024-03-22T11:15:29.994+0000] {processor.py:830} INFO - Processing file /opt/airflow/dags/Jobs/pipline_jobs.py for tasks to queue
[2024-03-22T11:15:29.996+0000] {logging_mixin.py:188} INFO - [2024-03-22T11:15:29.995+0000] {dagbag.py:538} INFO - Filling up the DagBag from /opt/airflow/dags/Jobs/pipline_jobs.py
[2024-03-22T11:15:30.001+0000] {processor.py:842} WARNING - No viable dags retrieved from /opt/airflow/dags/Jobs/pipline_jobs.py
[2024-03-22T11:15:30.024+0000] {processor.py:183} INFO - Processing /opt/airflow/dags/Jobs/pipline_jobs.py took 0.038 seconds
[2024-03-22T11:16:00.293+0000] {processor.py:161} INFO - Started process (PID=3139) to work on /opt/airflow/dags/Jobs/pipline_jobs.py
[2024-03-22T11:16:00.295+0000] {processor.py:830} INFO - Processing file /opt/airflow/dags/Jobs/pipline_jobs.py for tasks to queue
[2024-03-22T11:16:00.297+0000] {logging_mixin.py:188} INFO - [2024-03-22T11:16:00.296+0000] {dagbag.py:538} INFO - Filling up the DagBag from /opt/airflow/dags/Jobs/pipline_jobs.py
[2024-03-22T11:16:00.302+0000] {processor.py:842} WARNING - No viable dags retrieved from /opt/airflow/dags/Jobs/pipline_jobs.py
[2024-03-22T11:16:00.325+0000] {processor.py:183} INFO - Processing /opt/airflow/dags/Jobs/pipline_jobs.py took 0.039 seconds
[2024-03-22T11:16:30.586+0000] {processor.py:161} INFO - Started process (PID=3155) to work on /opt/airflow/dags/Jobs/pipline_jobs.py
[2024-03-22T11:16:30.587+0000] {processor.py:830} INFO - Processing file /opt/airflow/dags/Jobs/pipline_jobs.py for tasks to queue
[2024-03-22T11:16:30.589+0000] {logging_mixin.py:188} INFO - [2024-03-22T11:16:30.589+0000] {dagbag.py:538} INFO - Filling up the DagBag from /opt/airflow/dags/Jobs/pipline_jobs.py
[2024-03-22T11:16:30.594+0000] {processor.py:842} WARNING - No viable dags retrieved from /opt/airflow/dags/Jobs/pipline_jobs.py
[2024-03-22T11:16:30.612+0000] {processor.py:183} INFO - Processing /opt/airflow/dags/Jobs/pipline_jobs.py took 0.032 seconds
[2024-03-22T11:17:00.841+0000] {processor.py:161} INFO - Started process (PID=3171) to work on /opt/airflow/dags/Jobs/pipline_jobs.py
[2024-03-22T11:17:00.843+0000] {processor.py:830} INFO - Processing file /opt/airflow/dags/Jobs/pipline_jobs.py for tasks to queue
[2024-03-22T11:17:00.846+0000] {logging_mixin.py:188} INFO - [2024-03-22T11:17:00.845+0000] {dagbag.py:538} INFO - Filling up the DagBag from /opt/airflow/dags/Jobs/pipline_jobs.py
[2024-03-22T11:17:00.854+0000] {processor.py:842} WARNING - No viable dags retrieved from /opt/airflow/dags/Jobs/pipline_jobs.py
[2024-03-22T11:17:00.875+0000] {processor.py:183} INFO - Processing /opt/airflow/dags/Jobs/pipline_jobs.py took 0.037 seconds
[2024-03-22T11:17:31.072+0000] {processor.py:161} INFO - Started process (PID=3187) to work on /opt/airflow/dags/Jobs/pipline_jobs.py
[2024-03-22T11:17:31.074+0000] {processor.py:830} INFO - Processing file /opt/airflow/dags/Jobs/pipline_jobs.py for tasks to queue
[2024-03-22T11:17:31.077+0000] {logging_mixin.py:188} INFO - [2024-03-22T11:17:31.076+0000] {dagbag.py:538} INFO - Filling up the DagBag from /opt/airflow/dags/Jobs/pipline_jobs.py
[2024-03-22T11:17:31.084+0000] {processor.py:842} WARNING - No viable dags retrieved from /opt/airflow/dags/Jobs/pipline_jobs.py
[2024-03-22T11:17:31.115+0000] {processor.py:183} INFO - Processing /opt/airflow/dags/Jobs/pipline_jobs.py took 0.050 seconds
[2024-03-22T11:18:01.353+0000] {processor.py:161} INFO - Started process (PID=3203) to work on /opt/airflow/dags/Jobs/pipline_jobs.py
[2024-03-22T11:18:01.356+0000] {processor.py:830} INFO - Processing file /opt/airflow/dags/Jobs/pipline_jobs.py for tasks to queue
[2024-03-22T11:18:01.362+0000] {logging_mixin.py:188} INFO - [2024-03-22T11:18:01.358+0000] {dagbag.py:538} INFO - Filling up the DagBag from /opt/airflow/dags/Jobs/pipline_jobs.py
[2024-03-22T11:18:01.369+0000] {processor.py:842} WARNING - No viable dags retrieved from /opt/airflow/dags/Jobs/pipline_jobs.py
[2024-03-22T11:18:01.388+0000] {processor.py:183} INFO - Processing /opt/airflow/dags/Jobs/pipline_jobs.py took 0.046 seconds
[2024-03-22T11:18:31.620+0000] {processor.py:161} INFO - Started process (PID=3225) to work on /opt/airflow/dags/Jobs/pipline_jobs.py
[2024-03-22T11:18:31.622+0000] {processor.py:830} INFO - Processing file /opt/airflow/dags/Jobs/pipline_jobs.py for tasks to queue
[2024-03-22T11:18:31.625+0000] {logging_mixin.py:188} INFO - [2024-03-22T11:18:31.624+0000] {dagbag.py:538} INFO - Filling up the DagBag from /opt/airflow/dags/Jobs/pipline_jobs.py
[2024-03-22T11:18:31.634+0000] {processor.py:842} WARNING - No viable dags retrieved from /opt/airflow/dags/Jobs/pipline_jobs.py
[2024-03-22T11:18:31.655+0000] {processor.py:183} INFO - Processing /opt/airflow/dags/Jobs/pipline_jobs.py took 0.045 seconds
[2024-03-22T11:19:01.889+0000] {processor.py:161} INFO - Started process (PID=3241) to work on /opt/airflow/dags/Jobs/pipline_jobs.py
[2024-03-22T11:19:01.891+0000] {processor.py:830} INFO - Processing file /opt/airflow/dags/Jobs/pipline_jobs.py for tasks to queue
[2024-03-22T11:19:01.895+0000] {logging_mixin.py:188} INFO - [2024-03-22T11:19:01.894+0000] {dagbag.py:538} INFO - Filling up the DagBag from /opt/airflow/dags/Jobs/pipline_jobs.py
[2024-03-22T11:19:01.902+0000] {processor.py:842} WARNING - No viable dags retrieved from /opt/airflow/dags/Jobs/pipline_jobs.py
[2024-03-22T11:19:01.930+0000] {processor.py:183} INFO - Processing /opt/airflow/dags/Jobs/pipline_jobs.py took 0.050 seconds
[2024-03-22T11:19:32.095+0000] {processor.py:161} INFO - Started process (PID=3257) to work on /opt/airflow/dags/Jobs/pipline_jobs.py
[2024-03-22T11:19:32.097+0000] {processor.py:830} INFO - Processing file /opt/airflow/dags/Jobs/pipline_jobs.py for tasks to queue
[2024-03-22T11:19:32.102+0000] {logging_mixin.py:188} INFO - [2024-03-22T11:19:32.100+0000] {dagbag.py:538} INFO - Filling up the DagBag from /opt/airflow/dags/Jobs/pipline_jobs.py
[2024-03-22T11:19:32.114+0000] {processor.py:842} WARNING - No viable dags retrieved from /opt/airflow/dags/Jobs/pipline_jobs.py
[2024-03-22T11:19:32.136+0000] {processor.py:183} INFO - Processing /opt/airflow/dags/Jobs/pipline_jobs.py took 0.047 seconds
[2024-03-22T11:20:02.323+0000] {processor.py:161} INFO - Started process (PID=3273) to work on /opt/airflow/dags/Jobs/pipline_jobs.py
[2024-03-22T11:20:02.324+0000] {processor.py:830} INFO - Processing file /opt/airflow/dags/Jobs/pipline_jobs.py for tasks to queue
[2024-03-22T11:20:02.328+0000] {logging_mixin.py:188} INFO - [2024-03-22T11:20:02.326+0000] {dagbag.py:538} INFO - Filling up the DagBag from /opt/airflow/dags/Jobs/pipline_jobs.py
[2024-03-22T11:20:02.334+0000] {processor.py:842} WARNING - No viable dags retrieved from /opt/airflow/dags/Jobs/pipline_jobs.py
[2024-03-22T11:20:02.358+0000] {processor.py:183} INFO - Processing /opt/airflow/dags/Jobs/pipline_jobs.py took 0.043 seconds
[2024-03-22T11:20:32.548+0000] {processor.py:161} INFO - Started process (PID=3290) to work on /opt/airflow/dags/Jobs/pipline_jobs.py
[2024-03-22T11:20:32.549+0000] {processor.py:830} INFO - Processing file /opt/airflow/dags/Jobs/pipline_jobs.py for tasks to queue
[2024-03-22T11:20:32.551+0000] {logging_mixin.py:188} INFO - [2024-03-22T11:20:32.550+0000] {dagbag.py:538} INFO - Filling up the DagBag from /opt/airflow/dags/Jobs/pipline_jobs.py
[2024-03-22T11:20:32.557+0000] {processor.py:842} WARNING - No viable dags retrieved from /opt/airflow/dags/Jobs/pipline_jobs.py
[2024-03-22T11:20:32.575+0000] {processor.py:183} INFO - Processing /opt/airflow/dags/Jobs/pipline_jobs.py took 0.033 seconds
[2024-03-22T11:21:02.778+0000] {processor.py:161} INFO - Started process (PID=3306) to work on /opt/airflow/dags/Jobs/pipline_jobs.py
[2024-03-22T11:21:02.779+0000] {processor.py:830} INFO - Processing file /opt/airflow/dags/Jobs/pipline_jobs.py for tasks to queue
[2024-03-22T11:21:02.781+0000] {logging_mixin.py:188} INFO - [2024-03-22T11:21:02.780+0000] {dagbag.py:538} INFO - Filling up the DagBag from /opt/airflow/dags/Jobs/pipline_jobs.py
[2024-03-22T11:21:02.787+0000] {processor.py:842} WARNING - No viable dags retrieved from /opt/airflow/dags/Jobs/pipline_jobs.py
[2024-03-22T11:21:02.808+0000] {processor.py:183} INFO - Processing /opt/airflow/dags/Jobs/pipline_jobs.py took 0.035 seconds
[2024-03-22T11:21:33.035+0000] {processor.py:161} INFO - Started process (PID=3322) to work on /opt/airflow/dags/Jobs/pipline_jobs.py
[2024-03-22T11:21:33.037+0000] {processor.py:830} INFO - Processing file /opt/airflow/dags/Jobs/pipline_jobs.py for tasks to queue
[2024-03-22T11:21:33.039+0000] {logging_mixin.py:188} INFO - [2024-03-22T11:21:33.038+0000] {dagbag.py:538} INFO - Filling up the DagBag from /opt/airflow/dags/Jobs/pipline_jobs.py
[2024-03-22T11:21:33.045+0000] {processor.py:842} WARNING - No viable dags retrieved from /opt/airflow/dags/Jobs/pipline_jobs.py
[2024-03-22T11:21:33.067+0000] {processor.py:183} INFO - Processing /opt/airflow/dags/Jobs/pipline_jobs.py took 0.036 seconds
[2024-03-22T11:22:03.318+0000] {processor.py:161} INFO - Started process (PID=3338) to work on /opt/airflow/dags/Jobs/pipline_jobs.py
[2024-03-22T11:22:03.320+0000] {processor.py:830} INFO - Processing file /opt/airflow/dags/Jobs/pipline_jobs.py for tasks to queue
[2024-03-22T11:22:03.324+0000] {logging_mixin.py:188} INFO - [2024-03-22T11:22:03.323+0000] {dagbag.py:538} INFO - Filling up the DagBag from /opt/airflow/dags/Jobs/pipline_jobs.py
[2024-03-22T11:22:03.333+0000] {processor.py:842} WARNING - No viable dags retrieved from /opt/airflow/dags/Jobs/pipline_jobs.py
[2024-03-22T11:22:03.362+0000] {processor.py:183} INFO - Processing /opt/airflow/dags/Jobs/pipline_jobs.py took 0.052 seconds
[2024-03-22T11:22:33.618+0000] {processor.py:161} INFO - Started process (PID=3354) to work on /opt/airflow/dags/Jobs/pipline_jobs.py
[2024-03-22T11:22:33.619+0000] {processor.py:830} INFO - Processing file /opt/airflow/dags/Jobs/pipline_jobs.py for tasks to queue
[2024-03-22T11:22:33.621+0000] {logging_mixin.py:188} INFO - [2024-03-22T11:22:33.621+0000] {dagbag.py:538} INFO - Filling up the DagBag from /opt/airflow/dags/Jobs/pipline_jobs.py
[2024-03-22T11:22:33.629+0000] {processor.py:842} WARNING - No viable dags retrieved from /opt/airflow/dags/Jobs/pipline_jobs.py
[2024-03-22T11:22:33.659+0000] {processor.py:183} INFO - Processing /opt/airflow/dags/Jobs/pipline_jobs.py took 0.048 seconds
[2024-03-22T11:23:03.899+0000] {processor.py:161} INFO - Started process (PID=3370) to work on /opt/airflow/dags/Jobs/pipline_jobs.py
[2024-03-22T11:23:03.901+0000] {processor.py:830} INFO - Processing file /opt/airflow/dags/Jobs/pipline_jobs.py for tasks to queue
[2024-03-22T11:23:03.904+0000] {logging_mixin.py:188} INFO - [2024-03-22T11:23:03.903+0000] {dagbag.py:538} INFO - Filling up the DagBag from /opt/airflow/dags/Jobs/pipline_jobs.py
[2024-03-22T11:23:03.913+0000] {processor.py:842} WARNING - No viable dags retrieved from /opt/airflow/dags/Jobs/pipline_jobs.py
[2024-03-22T11:23:03.935+0000] {processor.py:183} INFO - Processing /opt/airflow/dags/Jobs/pipline_jobs.py took 0.043 seconds
[2024-03-22T11:23:34.139+0000] {processor.py:161} INFO - Started process (PID=3387) to work on /opt/airflow/dags/Jobs/pipline_jobs.py
[2024-03-22T11:23:34.140+0000] {processor.py:830} INFO - Processing file /opt/airflow/dags/Jobs/pipline_jobs.py for tasks to queue
[2024-03-22T11:23:34.143+0000] {logging_mixin.py:188} INFO - [2024-03-22T11:23:34.142+0000] {dagbag.py:538} INFO - Filling up the DagBag from /opt/airflow/dags/Jobs/pipline_jobs.py
[2024-03-22T11:23:34.149+0000] {processor.py:842} WARNING - No viable dags retrieved from /opt/airflow/dags/Jobs/pipline_jobs.py
[2024-03-22T11:23:34.166+0000] {processor.py:183} INFO - Processing /opt/airflow/dags/Jobs/pipline_jobs.py took 0.030 seconds
[2024-03-22T11:24:04.352+0000] {processor.py:161} INFO - Started process (PID=3403) to work on /opt/airflow/dags/Jobs/pipline_jobs.py
[2024-03-22T11:24:04.353+0000] {processor.py:830} INFO - Processing file /opt/airflow/dags/Jobs/pipline_jobs.py for tasks to queue
[2024-03-22T11:24:04.357+0000] {logging_mixin.py:188} INFO - [2024-03-22T11:24:04.356+0000] {dagbag.py:538} INFO - Filling up the DagBag from /opt/airflow/dags/Jobs/pipline_jobs.py
[2024-03-22T11:24:04.364+0000] {processor.py:842} WARNING - No viable dags retrieved from /opt/airflow/dags/Jobs/pipline_jobs.py
[2024-03-22T11:24:04.395+0000] {processor.py:183} INFO - Processing /opt/airflow/dags/Jobs/pipline_jobs.py took 0.050 seconds
[2024-03-22T11:24:34.594+0000] {processor.py:161} INFO - Started process (PID=3419) to work on /opt/airflow/dags/Jobs/pipline_jobs.py
[2024-03-22T11:24:34.596+0000] {processor.py:830} INFO - Processing file /opt/airflow/dags/Jobs/pipline_jobs.py for tasks to queue
[2024-03-22T11:24:34.599+0000] {logging_mixin.py:188} INFO - [2024-03-22T11:24:34.598+0000] {dagbag.py:538} INFO - Filling up the DagBag from /opt/airflow/dags/Jobs/pipline_jobs.py
[2024-03-22T11:24:34.606+0000] {processor.py:842} WARNING - No viable dags retrieved from /opt/airflow/dags/Jobs/pipline_jobs.py
[2024-03-22T11:24:34.639+0000] {processor.py:183} INFO - Processing /opt/airflow/dags/Jobs/pipline_jobs.py took 0.051 seconds
[2024-03-22T11:25:04.852+0000] {processor.py:161} INFO - Started process (PID=3435) to work on /opt/airflow/dags/Jobs/pipline_jobs.py
[2024-03-22T11:25:04.853+0000] {processor.py:830} INFO - Processing file /opt/airflow/dags/Jobs/pipline_jobs.py for tasks to queue
[2024-03-22T11:25:04.854+0000] {logging_mixin.py:188} INFO - [2024-03-22T11:25:04.854+0000] {dagbag.py:538} INFO - Filling up the DagBag from /opt/airflow/dags/Jobs/pipline_jobs.py
[2024-03-22T11:25:04.860+0000] {processor.py:842} WARNING - No viable dags retrieved from /opt/airflow/dags/Jobs/pipline_jobs.py
[2024-03-22T11:25:04.890+0000] {processor.py:183} INFO - Processing /opt/airflow/dags/Jobs/pipline_jobs.py took 0.042 seconds
[2024-03-22T11:25:35.111+0000] {processor.py:161} INFO - Started process (PID=3451) to work on /opt/airflow/dags/Jobs/pipline_jobs.py
[2024-03-22T11:25:35.113+0000] {processor.py:830} INFO - Processing file /opt/airflow/dags/Jobs/pipline_jobs.py for tasks to queue
[2024-03-22T11:25:35.116+0000] {logging_mixin.py:188} INFO - [2024-03-22T11:25:35.115+0000] {dagbag.py:538} INFO - Filling up the DagBag from /opt/airflow/dags/Jobs/pipline_jobs.py
[2024-03-22T11:25:35.124+0000] {processor.py:842} WARNING - No viable dags retrieved from /opt/airflow/dags/Jobs/pipline_jobs.py
[2024-03-22T11:25:35.157+0000] {processor.py:183} INFO - Processing /opt/airflow/dags/Jobs/pipline_jobs.py took 0.054 seconds
[2024-03-22T11:26:05.447+0000] {processor.py:161} INFO - Started process (PID=3467) to work on /opt/airflow/dags/Jobs/pipline_jobs.py
[2024-03-22T11:26:05.449+0000] {processor.py:830} INFO - Processing file /opt/airflow/dags/Jobs/pipline_jobs.py for tasks to queue
[2024-03-22T11:26:05.451+0000] {logging_mixin.py:188} INFO - [2024-03-22T11:26:05.450+0000] {dagbag.py:538} INFO - Filling up the DagBag from /opt/airflow/dags/Jobs/pipline_jobs.py
[2024-03-22T11:26:05.456+0000] {processor.py:842} WARNING - No viable dags retrieved from /opt/airflow/dags/Jobs/pipline_jobs.py
[2024-03-22T11:26:05.477+0000] {processor.py:183} INFO - Processing /opt/airflow/dags/Jobs/pipline_jobs.py took 0.035 seconds
[2024-03-22T11:26:35.721+0000] {processor.py:161} INFO - Started process (PID=3483) to work on /opt/airflow/dags/Jobs/pipline_jobs.py
[2024-03-22T11:26:35.722+0000] {processor.py:830} INFO - Processing file /opt/airflow/dags/Jobs/pipline_jobs.py for tasks to queue
[2024-03-22T11:26:35.725+0000] {logging_mixin.py:188} INFO - [2024-03-22T11:26:35.723+0000] {dagbag.py:538} INFO - Filling up the DagBag from /opt/airflow/dags/Jobs/pipline_jobs.py
[2024-03-22T11:26:35.732+0000] {processor.py:842} WARNING - No viable dags retrieved from /opt/airflow/dags/Jobs/pipline_jobs.py
[2024-03-22T11:26:35.755+0000] {processor.py:183} INFO - Processing /opt/airflow/dags/Jobs/pipline_jobs.py took 0.039 seconds
[2024-03-22T11:27:06.008+0000] {processor.py:161} INFO - Started process (PID=3499) to work on /opt/airflow/dags/Jobs/pipline_jobs.py
[2024-03-22T11:27:06.009+0000] {processor.py:830} INFO - Processing file /opt/airflow/dags/Jobs/pipline_jobs.py for tasks to queue
[2024-03-22T11:27:06.012+0000] {logging_mixin.py:188} INFO - [2024-03-22T11:27:06.011+0000] {dagbag.py:538} INFO - Filling up the DagBag from /opt/airflow/dags/Jobs/pipline_jobs.py
[2024-03-22T11:27:06.018+0000] {processor.py:842} WARNING - No viable dags retrieved from /opt/airflow/dags/Jobs/pipline_jobs.py
[2024-03-22T11:27:06.041+0000] {processor.py:183} INFO - Processing /opt/airflow/dags/Jobs/pipline_jobs.py took 0.040 seconds
[2024-03-22T11:27:36.259+0000] {processor.py:161} INFO - Started process (PID=3515) to work on /opt/airflow/dags/Jobs/pipline_jobs.py
[2024-03-22T11:27:36.260+0000] {processor.py:830} INFO - Processing file /opt/airflow/dags/Jobs/pipline_jobs.py for tasks to queue
[2024-03-22T11:27:36.264+0000] {logging_mixin.py:188} INFO - [2024-03-22T11:27:36.263+0000] {dagbag.py:538} INFO - Filling up the DagBag from /opt/airflow/dags/Jobs/pipline_jobs.py
[2024-03-22T11:27:36.271+0000] {processor.py:842} WARNING - No viable dags retrieved from /opt/airflow/dags/Jobs/pipline_jobs.py
[2024-03-22T11:27:36.302+0000] {processor.py:183} INFO - Processing /opt/airflow/dags/Jobs/pipline_jobs.py took 0.051 seconds
[2024-03-22T11:28:06.505+0000] {processor.py:161} INFO - Started process (PID=3531) to work on /opt/airflow/dags/Jobs/pipline_jobs.py
[2024-03-22T11:28:06.506+0000] {processor.py:830} INFO - Processing file /opt/airflow/dags/Jobs/pipline_jobs.py for tasks to queue
[2024-03-22T11:28:06.508+0000] {logging_mixin.py:188} INFO - [2024-03-22T11:28:06.508+0000] {dagbag.py:538} INFO - Filling up the DagBag from /opt/airflow/dags/Jobs/pipline_jobs.py
[2024-03-22T11:28:06.515+0000] {processor.py:842} WARNING - No viable dags retrieved from /opt/airflow/dags/Jobs/pipline_jobs.py
[2024-03-22T11:28:06.540+0000] {processor.py:183} INFO - Processing /opt/airflow/dags/Jobs/pipline_jobs.py took 0.042 seconds
[2024-03-22T11:28:12.611+0000] {processor.py:161} INFO - Started process (PID=3536) to work on /opt/airflow/dags/Jobs/pipline_jobs.py
[2024-03-22T11:28:12.614+0000] {processor.py:830} INFO - Processing file /opt/airflow/dags/Jobs/pipline_jobs.py for tasks to queue
[2024-03-22T11:28:12.617+0000] {logging_mixin.py:188} INFO - [2024-03-22T11:28:12.616+0000] {dagbag.py:538} INFO - Filling up the DagBag from /opt/airflow/dags/Jobs/pipline_jobs.py
[2024-03-22T11:28:12.625+0000] {processor.py:842} WARNING - No viable dags retrieved from /opt/airflow/dags/Jobs/pipline_jobs.py
[2024-03-22T11:28:12.642+0000] {processor.py:183} INFO - Processing /opt/airflow/dags/Jobs/pipline_jobs.py took 0.039 seconds
[2024-03-22T11:28:42.848+0000] {processor.py:161} INFO - Started process (PID=3552) to work on /opt/airflow/dags/Jobs/pipline_jobs.py
[2024-03-22T11:28:42.850+0000] {processor.py:830} INFO - Processing file /opt/airflow/dags/Jobs/pipline_jobs.py for tasks to queue
[2024-03-22T11:28:42.853+0000] {logging_mixin.py:188} INFO - [2024-03-22T11:28:42.852+0000] {dagbag.py:538} INFO - Filling up the DagBag from /opt/airflow/dags/Jobs/pipline_jobs.py
[2024-03-22T11:28:42.862+0000] {processor.py:842} WARNING - No viable dags retrieved from /opt/airflow/dags/Jobs/pipline_jobs.py
[2024-03-22T11:28:42.896+0000] {processor.py:183} INFO - Processing /opt/airflow/dags/Jobs/pipline_jobs.py took 0.055 seconds
[2024-03-22T11:29:13.121+0000] {processor.py:161} INFO - Started process (PID=3568) to work on /opt/airflow/dags/Jobs/pipline_jobs.py
[2024-03-22T11:29:13.123+0000] {processor.py:830} INFO - Processing file /opt/airflow/dags/Jobs/pipline_jobs.py for tasks to queue
[2024-03-22T11:29:13.125+0000] {logging_mixin.py:188} INFO - [2024-03-22T11:29:13.124+0000] {dagbag.py:538} INFO - Filling up the DagBag from /opt/airflow/dags/Jobs/pipline_jobs.py
[2024-03-22T11:29:13.129+0000] {processor.py:842} WARNING - No viable dags retrieved from /opt/airflow/dags/Jobs/pipline_jobs.py
[2024-03-22T11:29:13.149+0000] {processor.py:183} INFO - Processing /opt/airflow/dags/Jobs/pipline_jobs.py took 0.032 seconds
[2024-03-22T11:29:43.378+0000] {processor.py:161} INFO - Started process (PID=3584) to work on /opt/airflow/dags/Jobs/pipline_jobs.py
[2024-03-22T11:29:43.380+0000] {processor.py:830} INFO - Processing file /opt/airflow/dags/Jobs/pipline_jobs.py for tasks to queue
[2024-03-22T11:29:43.384+0000] {logging_mixin.py:188} INFO - [2024-03-22T11:29:43.383+0000] {dagbag.py:538} INFO - Filling up the DagBag from /opt/airflow/dags/Jobs/pipline_jobs.py
[2024-03-22T11:29:43.393+0000] {processor.py:842} WARNING - No viable dags retrieved from /opt/airflow/dags/Jobs/pipline_jobs.py
[2024-03-22T11:29:43.418+0000] {processor.py:183} INFO - Processing /opt/airflow/dags/Jobs/pipline_jobs.py took 0.046 seconds
[2024-03-22T11:30:13.662+0000] {processor.py:161} INFO - Started process (PID=3600) to work on /opt/airflow/dags/Jobs/pipline_jobs.py
[2024-03-22T11:30:13.664+0000] {processor.py:830} INFO - Processing file /opt/airflow/dags/Jobs/pipline_jobs.py for tasks to queue
[2024-03-22T11:30:13.668+0000] {logging_mixin.py:188} INFO - [2024-03-22T11:30:13.666+0000] {dagbag.py:538} INFO - Filling up the DagBag from /opt/airflow/dags/Jobs/pipline_jobs.py
[2024-03-22T11:30:13.676+0000] {processor.py:842} WARNING - No viable dags retrieved from /opt/airflow/dags/Jobs/pipline_jobs.py
[2024-03-22T11:30:13.710+0000] {processor.py:183} INFO - Processing /opt/airflow/dags/Jobs/pipline_jobs.py took 0.055 seconds
[2024-03-22T11:30:43.935+0000] {processor.py:161} INFO - Started process (PID=3616) to work on /opt/airflow/dags/Jobs/pipline_jobs.py
[2024-03-22T11:30:43.936+0000] {processor.py:830} INFO - Processing file /opt/airflow/dags/Jobs/pipline_jobs.py for tasks to queue
[2024-03-22T11:30:43.939+0000] {logging_mixin.py:188} INFO - [2024-03-22T11:30:43.938+0000] {dagbag.py:538} INFO - Filling up the DagBag from /opt/airflow/dags/Jobs/pipline_jobs.py
[2024-03-22T11:30:43.947+0000] {processor.py:842} WARNING - No viable dags retrieved from /opt/airflow/dags/Jobs/pipline_jobs.py
[2024-03-22T11:30:43.974+0000] {processor.py:183} INFO - Processing /opt/airflow/dags/Jobs/pipline_jobs.py took 0.045 seconds
[2024-03-22T11:31:14.229+0000] {processor.py:161} INFO - Started process (PID=3632) to work on /opt/airflow/dags/Jobs/pipline_jobs.py
[2024-03-22T11:31:14.230+0000] {processor.py:830} INFO - Processing file /opt/airflow/dags/Jobs/pipline_jobs.py for tasks to queue
[2024-03-22T11:31:14.232+0000] {logging_mixin.py:188} INFO - [2024-03-22T11:31:14.231+0000] {dagbag.py:538} INFO - Filling up the DagBag from /opt/airflow/dags/Jobs/pipline_jobs.py
[2024-03-22T11:31:14.239+0000] {processor.py:842} WARNING - No viable dags retrieved from /opt/airflow/dags/Jobs/pipline_jobs.py
[2024-03-22T11:31:14.267+0000] {processor.py:183} INFO - Processing /opt/airflow/dags/Jobs/pipline_jobs.py took 0.041 seconds
[2024-03-22T11:31:44.514+0000] {processor.py:161} INFO - Started process (PID=3648) to work on /opt/airflow/dags/Jobs/pipline_jobs.py
[2024-03-22T11:31:44.516+0000] {processor.py:830} INFO - Processing file /opt/airflow/dags/Jobs/pipline_jobs.py for tasks to queue
[2024-03-22T11:31:44.520+0000] {logging_mixin.py:188} INFO - [2024-03-22T11:31:44.518+0000] {dagbag.py:538} INFO - Filling up the DagBag from /opt/airflow/dags/Jobs/pipline_jobs.py
[2024-03-22T11:31:44.528+0000] {processor.py:842} WARNING - No viable dags retrieved from /opt/airflow/dags/Jobs/pipline_jobs.py
[2024-03-22T11:31:44.552+0000] {processor.py:183} INFO - Processing /opt/airflow/dags/Jobs/pipline_jobs.py took 0.045 seconds
[2024-03-22T11:32:14.792+0000] {processor.py:161} INFO - Started process (PID=3664) to work on /opt/airflow/dags/Jobs/pipline_jobs.py
[2024-03-22T11:32:14.794+0000] {processor.py:830} INFO - Processing file /opt/airflow/dags/Jobs/pipline_jobs.py for tasks to queue
[2024-03-22T11:32:14.797+0000] {logging_mixin.py:188} INFO - [2024-03-22T11:32:14.796+0000] {dagbag.py:538} INFO - Filling up the DagBag from /opt/airflow/dags/Jobs/pipline_jobs.py
[2024-03-22T11:32:14.802+0000] {processor.py:842} WARNING - No viable dags retrieved from /opt/airflow/dags/Jobs/pipline_jobs.py
[2024-03-22T11:32:14.817+0000] {processor.py:183} INFO - Processing /opt/airflow/dags/Jobs/pipline_jobs.py took 0.032 seconds
[2024-03-22T11:32:45.044+0000] {processor.py:161} INFO - Started process (PID=3680) to work on /opt/airflow/dags/Jobs/pipline_jobs.py
[2024-03-22T11:32:45.046+0000] {processor.py:830} INFO - Processing file /opt/airflow/dags/Jobs/pipline_jobs.py for tasks to queue
[2024-03-22T11:32:45.050+0000] {logging_mixin.py:188} INFO - [2024-03-22T11:32:45.049+0000] {dagbag.py:538} INFO - Filling up the DagBag from /opt/airflow/dags/Jobs/pipline_jobs.py
[2024-03-22T11:32:45.059+0000] {processor.py:842} WARNING - No viable dags retrieved from /opt/airflow/dags/Jobs/pipline_jobs.py
[2024-03-22T11:32:45.088+0000] {processor.py:183} INFO - Processing /opt/airflow/dags/Jobs/pipline_jobs.py took 0.051 seconds
[2024-03-22T11:33:15.332+0000] {processor.py:161} INFO - Started process (PID=3696) to work on /opt/airflow/dags/Jobs/pipline_jobs.py
[2024-03-22T11:33:15.334+0000] {processor.py:830} INFO - Processing file /opt/airflow/dags/Jobs/pipline_jobs.py for tasks to queue
[2024-03-22T11:33:15.338+0000] {logging_mixin.py:188} INFO - [2024-03-22T11:33:15.337+0000] {dagbag.py:538} INFO - Filling up the DagBag from /opt/airflow/dags/Jobs/pipline_jobs.py
[2024-03-22T11:33:15.347+0000] {processor.py:842} WARNING - No viable dags retrieved from /opt/airflow/dags/Jobs/pipline_jobs.py
[2024-03-22T11:33:15.380+0000] {processor.py:183} INFO - Processing /opt/airflow/dags/Jobs/pipline_jobs.py took 0.055 seconds
[2024-03-22T11:33:45.665+0000] {processor.py:161} INFO - Started process (PID=3717) to work on /opt/airflow/dags/Jobs/pipline_jobs.py
[2024-03-22T11:33:45.668+0000] {processor.py:830} INFO - Processing file /opt/airflow/dags/Jobs/pipline_jobs.py for tasks to queue
[2024-03-22T11:33:45.671+0000] {logging_mixin.py:188} INFO - [2024-03-22T11:33:45.670+0000] {dagbag.py:538} INFO - Filling up the DagBag from /opt/airflow/dags/Jobs/pipline_jobs.py
[2024-03-22T11:33:45.676+0000] {processor.py:842} WARNING - No viable dags retrieved from /opt/airflow/dags/Jobs/pipline_jobs.py
[2024-03-22T11:33:45.692+0000] {processor.py:183} INFO - Processing /opt/airflow/dags/Jobs/pipline_jobs.py took 0.034 seconds
[2024-03-22T11:34:16.044+0000] {processor.py:161} INFO - Started process (PID=3732) to work on /opt/airflow/dags/Jobs/pipline_jobs.py
[2024-03-22T11:34:16.045+0000] {processor.py:830} INFO - Processing file /opt/airflow/dags/Jobs/pipline_jobs.py for tasks to queue
[2024-03-22T11:34:16.047+0000] {logging_mixin.py:188} INFO - [2024-03-22T11:34:16.047+0000] {dagbag.py:538} INFO - Filling up the DagBag from /opt/airflow/dags/Jobs/pipline_jobs.py
[2024-03-22T11:34:16.062+0000] {processor.py:842} WARNING - No viable dags retrieved from /opt/airflow/dags/Jobs/pipline_jobs.py
[2024-03-22T11:34:16.102+0000] {processor.py:183} INFO - Processing /opt/airflow/dags/Jobs/pipline_jobs.py took 0.062 seconds
[2024-03-22T11:34:46.384+0000] {processor.py:161} INFO - Started process (PID=3748) to work on /opt/airflow/dags/Jobs/pipline_jobs.py
[2024-03-22T11:34:46.385+0000] {processor.py:830} INFO - Processing file /opt/airflow/dags/Jobs/pipline_jobs.py for tasks to queue
[2024-03-22T11:34:46.387+0000] {logging_mixin.py:188} INFO - [2024-03-22T11:34:46.386+0000] {dagbag.py:538} INFO - Filling up the DagBag from /opt/airflow/dags/Jobs/pipline_jobs.py
[2024-03-22T11:34:46.393+0000] {processor.py:842} WARNING - No viable dags retrieved from /opt/airflow/dags/Jobs/pipline_jobs.py
[2024-03-22T11:34:46.414+0000] {processor.py:183} INFO - Processing /opt/airflow/dags/Jobs/pipline_jobs.py took 0.033 seconds
[2024-03-22T11:35:16.727+0000] {processor.py:161} INFO - Started process (PID=3769) to work on /opt/airflow/dags/Jobs/pipline_jobs.py
[2024-03-22T11:35:16.729+0000] {processor.py:830} INFO - Processing file /opt/airflow/dags/Jobs/pipline_jobs.py for tasks to queue
[2024-03-22T11:35:16.735+0000] {logging_mixin.py:188} INFO - [2024-03-22T11:35:16.733+0000] {dagbag.py:538} INFO - Filling up the DagBag from /opt/airflow/dags/Jobs/pipline_jobs.py
[2024-03-22T11:35:16.741+0000] {processor.py:842} WARNING - No viable dags retrieved from /opt/airflow/dags/Jobs/pipline_jobs.py
[2024-03-22T11:35:16.770+0000] {processor.py:183} INFO - Processing /opt/airflow/dags/Jobs/pipline_jobs.py took 0.050 seconds
[2024-03-22T11:35:47.011+0000] {processor.py:161} INFO - Started process (PID=3785) to work on /opt/airflow/dags/Jobs/pipline_jobs.py
[2024-03-22T11:35:47.013+0000] {processor.py:830} INFO - Processing file /opt/airflow/dags/Jobs/pipline_jobs.py for tasks to queue
[2024-03-22T11:35:47.017+0000] {logging_mixin.py:188} INFO - [2024-03-22T11:35:47.015+0000] {dagbag.py:538} INFO - Filling up the DagBag from /opt/airflow/dags/Jobs/pipline_jobs.py
[2024-03-22T11:35:47.026+0000] {processor.py:842} WARNING - No viable dags retrieved from /opt/airflow/dags/Jobs/pipline_jobs.py
[2024-03-22T11:35:47.059+0000] {processor.py:183} INFO - Processing /opt/airflow/dags/Jobs/pipline_jobs.py took 0.055 seconds
[2024-03-22T11:36:17.361+0000] {processor.py:161} INFO - Started process (PID=3801) to work on /opt/airflow/dags/Jobs/pipline_jobs.py
[2024-03-22T11:36:17.363+0000] {processor.py:830} INFO - Processing file /opt/airflow/dags/Jobs/pipline_jobs.py for tasks to queue
[2024-03-22T11:36:17.366+0000] {logging_mixin.py:188} INFO - [2024-03-22T11:36:17.365+0000] {dagbag.py:538} INFO - Filling up the DagBag from /opt/airflow/dags/Jobs/pipline_jobs.py
[2024-03-22T11:36:17.375+0000] {processor.py:842} WARNING - No viable dags retrieved from /opt/airflow/dags/Jobs/pipline_jobs.py
[2024-03-22T11:36:17.404+0000] {processor.py:183} INFO - Processing /opt/airflow/dags/Jobs/pipline_jobs.py took 0.049 seconds
[2024-03-22T11:36:47.643+0000] {processor.py:161} INFO - Started process (PID=3818) to work on /opt/airflow/dags/Jobs/pipline_jobs.py
[2024-03-22T11:36:47.646+0000] {processor.py:830} INFO - Processing file /opt/airflow/dags/Jobs/pipline_jobs.py for tasks to queue
[2024-03-22T11:36:47.649+0000] {logging_mixin.py:188} INFO - [2024-03-22T11:36:47.648+0000] {dagbag.py:538} INFO - Filling up the DagBag from /opt/airflow/dags/Jobs/pipline_jobs.py
[2024-03-22T11:36:47.658+0000] {processor.py:842} WARNING - No viable dags retrieved from /opt/airflow/dags/Jobs/pipline_jobs.py
[2024-03-22T11:36:47.691+0000] {processor.py:183} INFO - Processing /opt/airflow/dags/Jobs/pipline_jobs.py took 0.057 seconds
