[2024-03-25T07:53:15.657+0000] {taskinstance.py:1956} INFO - Dependencies all met for dep_context=non-requeueable deps ti=<TaskInstance: etl_to_bigquery.load_country_data_to_BigQuery scheduled__2024-03-24T00:00:00+00:00 [queued]>
[2024-03-25T07:53:15.675+0000] {taskinstance.py:1956} INFO - Dependencies all met for dep_context=requeueable deps ti=<TaskInstance: etl_to_bigquery.load_country_data_to_BigQuery scheduled__2024-03-24T00:00:00+00:00 [queued]>
[2024-03-25T07:53:15.675+0000] {taskinstance.py:2170} INFO - Starting attempt 1 of 2
[2024-03-25T07:53:15.693+0000] {taskinstance.py:2191} INFO - Executing <Task(PythonOperator): load_country_data_to_BigQuery> on 2024-03-24 00:00:00+00:00
[2024-03-25T07:53:15.702+0000] {standard_task_runner.py:60} INFO - Started process 2199 to run task
[2024-03-25T07:53:15.706+0000] {standard_task_runner.py:87} INFO - Running: ['***', 'tasks', 'run', 'etl_to_bigquery', 'load_country_data_to_BigQuery', 'scheduled__2024-03-24T00:00:00+00:00', '--job-id', '54', '--raw', '--subdir', 'DAGS_FOLDER/pipeline.py', '--cfg-path', '/tmp/tmp4scodh7f']
[2024-03-25T07:53:15.710+0000] {standard_task_runner.py:88} INFO - Job 54: Subtask load_country_data_to_BigQuery
[2024-03-25T07:53:15.771+0000] {task_command.py:423} INFO - Running <TaskInstance: etl_to_bigquery.load_country_data_to_BigQuery scheduled__2024-03-24T00:00:00+00:00 [running]> on host 8a685a05c3f5
[2024-03-25T07:53:15.958+0000] {taskinstance.py:2480} INFO - Exporting env vars: AIRFLOW_CTX_DAG_OWNER='minhduc' AIRFLOW_CTX_DAG_ID='etl_to_bigquery' AIRFLOW_CTX_TASK_ID='load_country_data_to_BigQuery' AIRFLOW_CTX_EXECUTION_DATE='2024-03-24T00:00:00+00:00' AIRFLOW_CTX_TRY_NUMBER='1' AIRFLOW_CTX_DAG_RUN_ID='scheduled__2024-03-24T00:00:00+00:00'
[2024-03-25T07:53:24.520+0000] {gbq.py:618} INFO - 239 out of 239 rows loaded.
[2024-03-25T07:53:24.521+0000] {python.py:201} INFO - Done. Returned value was: None
[2024-03-25T07:53:24.537+0000] {taskinstance.py:1138} INFO - Marking task as SUCCESS. dag_id=etl_to_bigquery, task_id=load_country_data_to_BigQuery, execution_date=20240324T000000, start_date=20240325T075315, end_date=20240325T075324
[2024-03-25T07:53:24.602+0000] {local_task_job_runner.py:234} INFO - Task exited with return code 0
[2024-03-25T07:53:24.632+0000] {taskinstance.py:3280} INFO - 0 downstream tasks scheduled from follow-on schedule check
[2024-03-25T16:00:29.104+0700] {taskinstance.py:1956} INFO - Dependencies all met for dep_context=non-requeueable deps ti=<TaskInstance: etl_to_bigquery.load_country_data_to_BigQuery scheduled__2024-03-24T00:00:00+00:00 [queued]>
[2024-03-25T16:00:29.121+0700] {taskinstance.py:1956} INFO - Dependencies all met for dep_context=requeueable deps ti=<TaskInstance: etl_to_bigquery.load_country_data_to_BigQuery scheduled__2024-03-24T00:00:00+00:00 [queued]>
[2024-03-25T16:00:29.121+0700] {taskinstance.py:2170} INFO - Starting attempt 1 of 2
[2024-03-25T16:00:29.141+0700] {taskinstance.py:2191} INFO - Executing <Task(PythonOperator): load_country_data_to_BigQuery> on 2024-03-24 00:00:00+00:00
[2024-03-25T16:00:29.150+0700] {standard_task_runner.py:60} INFO - Started process 670 to run task
[2024-03-25T16:00:29.153+0700] {standard_task_runner.py:87} INFO - Running: ['***', 'tasks', 'run', 'etl_to_bigquery', 'load_country_data_to_BigQuery', 'scheduled__2024-03-24T00:00:00+00:00', '--job-id', '29', '--raw', '--subdir', 'DAGS_FOLDER/pipeline.py', '--cfg-path', '/tmp/tmpshrs55pm']
[2024-03-25T16:00:29.156+0700] {standard_task_runner.py:88} INFO - Job 29: Subtask load_country_data_to_BigQuery
[2024-03-25T16:00:29.208+0700] {task_command.py:423} INFO - Running <TaskInstance: etl_to_bigquery.load_country_data_to_BigQuery scheduled__2024-03-24T00:00:00+00:00 [running]> on host b24fc08bdd37
[2024-03-25T16:00:29.362+0700] {taskinstance.py:2480} INFO - Exporting env vars: AIRFLOW_CTX_DAG_OWNER='minhduc' AIRFLOW_CTX_DAG_ID='etl_to_bigquery' AIRFLOW_CTX_TASK_ID='load_country_data_to_BigQuery' AIRFLOW_CTX_EXECUTION_DATE='2024-03-24T00:00:00+00:00' AIRFLOW_CTX_TRY_NUMBER='1' AIRFLOW_CTX_DAG_RUN_ID='scheduled__2024-03-24T00:00:00+00:00'
[2024-03-25T16:00:35.372+0700] {gbq.py:618} INFO - 239 out of 239 rows loaded.
[2024-03-25T16:00:35.373+0700] {python.py:201} INFO - Done. Returned value was: None
[2024-03-25T16:00:35.387+0700] {taskinstance.py:1138} INFO - Marking task as SUCCESS. dag_id=etl_to_bigquery, task_id=load_country_data_to_BigQuery, execution_date=20240324T000000, start_date=20240325T090029, end_date=20240325T090035
[2024-03-25T16:00:35.452+0700] {local_task_job_runner.py:234} INFO - Task exited with return code 0
[2024-03-25T16:00:35.483+0700] {taskinstance.py:3280} INFO - 0 downstream tasks scheduled from follow-on schedule check
