[2024-03-25T07:53:11.771+0000] {taskinstance.py:1956} INFO - Dependencies all met for dep_context=non-requeueable deps ti=<TaskInstance: etl_to_bigquery.extract_retail_file scheduled__2024-03-24T00:00:00+00:00 [queued]>
[2024-03-25T07:53:11.785+0000] {taskinstance.py:1956} INFO - Dependencies all met for dep_context=requeueable deps ti=<TaskInstance: etl_to_bigquery.extract_retail_file scheduled__2024-03-24T00:00:00+00:00 [queued]>
[2024-03-25T07:53:11.786+0000] {taskinstance.py:2170} INFO - Starting attempt 1 of 2
[2024-03-25T07:53:11.804+0000] {taskinstance.py:2191} INFO - Executing <Task(PythonOperator): extract_retail_file> on 2024-03-24 00:00:00+00:00
[2024-03-25T07:53:11.813+0000] {standard_task_runner.py:60} INFO - Started process 2177 to run task
[2024-03-25T07:53:11.817+0000] {standard_task_runner.py:87} INFO - Running: ['***', 'tasks', 'run', 'etl_to_bigquery', 'extract_retail_file', 'scheduled__2024-03-24T00:00:00+00:00', '--job-id', '52', '--raw', '--subdir', 'DAGS_FOLDER/pipeline.py', '--cfg-path', '/tmp/tmp8eav6j4o']
[2024-03-25T07:53:11.822+0000] {standard_task_runner.py:88} INFO - Job 52: Subtask extract_retail_file
[2024-03-25T07:53:11.900+0000] {task_command.py:423} INFO - Running <TaskInstance: etl_to_bigquery.extract_retail_file scheduled__2024-03-24T00:00:00+00:00 [running]> on host 8a685a05c3f5
[2024-03-25T07:53:12.017+0000] {taskinstance.py:2480} INFO - Exporting env vars: AIRFLOW_CTX_DAG_OWNER='minhduc' AIRFLOW_CTX_DAG_ID='etl_to_bigquery' AIRFLOW_CTX_TASK_ID='extract_retail_file' AIRFLOW_CTX_EXECUTION_DATE='2024-03-24T00:00:00+00:00' AIRFLOW_CTX_TRY_NUMBER='1' AIRFLOW_CTX_DAG_RUN_ID='scheduled__2024-03-24T00:00:00+00:00'
[2024-03-25T07:53:12.985+0000] {python.py:201} INFO - Done. Returned value was:        InvoiceNo StockCode  ... CustomerID         Country
0         536365    85123A  ...    17850.0  United Kingdom
1         536365     71053  ...    17850.0  United Kingdom
2         536365    84406B  ...    17850.0  United Kingdom
3         536365    84029G  ...    17850.0  United Kingdom
4         536365    84029E  ...    17850.0  United Kingdom
...          ...       ...  ...        ...             ...
541904    581587     22613  ...    12680.0          France
541905    581587     22899  ...    12680.0          France
541906    581587     23254  ...    12680.0          France
541907    581587     23255  ...    12680.0          France
541908    581587     22138  ...    12680.0          France

[541909 rows x 8 columns]
[2024-03-25T07:53:14.226+0000] {taskinstance.py:1138} INFO - Marking task as SUCCESS. dag_id=etl_to_bigquery, task_id=extract_retail_file, execution_date=20240324T000000, start_date=20240325T075311, end_date=20240325T075314
[2024-03-25T07:53:14.280+0000] {local_task_job_runner.py:234} INFO - Task exited with return code 0
[2024-03-25T07:53:14.327+0000] {taskinstance.py:3280} INFO - 1 downstream tasks scheduled from follow-on schedule check
[2024-03-25T16:00:25.101+0700] {taskinstance.py:1956} INFO - Dependencies all met for dep_context=non-requeueable deps ti=<TaskInstance: etl_to_bigquery.extract_retail_file scheduled__2024-03-24T00:00:00+00:00 [queued]>
[2024-03-25T16:00:25.115+0700] {taskinstance.py:1956} INFO - Dependencies all met for dep_context=requeueable deps ti=<TaskInstance: etl_to_bigquery.extract_retail_file scheduled__2024-03-24T00:00:00+00:00 [queued]>
[2024-03-25T16:00:25.115+0700] {taskinstance.py:2170} INFO - Starting attempt 1 of 2
[2024-03-25T16:00:25.136+0700] {taskinstance.py:2191} INFO - Executing <Task(PythonOperator): extract_retail_file> on 2024-03-24 00:00:00+00:00
[2024-03-25T16:00:25.145+0700] {standard_task_runner.py:60} INFO - Started process 632 to run task
[2024-03-25T16:00:25.150+0700] {standard_task_runner.py:87} INFO - Running: ['***', 'tasks', 'run', 'etl_to_bigquery', 'extract_retail_file', 'scheduled__2024-03-24T00:00:00+00:00', '--job-id', '26', '--raw', '--subdir', 'DAGS_FOLDER/pipeline.py', '--cfg-path', '/tmp/tmpqxq6enwv']
[2024-03-25T16:00:25.153+0700] {standard_task_runner.py:88} INFO - Job 26: Subtask extract_retail_file
[2024-03-25T16:00:25.219+0700] {task_command.py:423} INFO - Running <TaskInstance: etl_to_bigquery.extract_retail_file scheduled__2024-03-24T00:00:00+00:00 [running]> on host b24fc08bdd37
[2024-03-25T16:00:25.317+0700] {taskinstance.py:2480} INFO - Exporting env vars: AIRFLOW_CTX_DAG_OWNER='minhduc' AIRFLOW_CTX_DAG_ID='etl_to_bigquery' AIRFLOW_CTX_TASK_ID='extract_retail_file' AIRFLOW_CTX_EXECUTION_DATE='2024-03-24T00:00:00+00:00' AIRFLOW_CTX_TRY_NUMBER='1' AIRFLOW_CTX_DAG_RUN_ID='scheduled__2024-03-24T00:00:00+00:00'
[2024-03-25T16:00:26.211+0700] {python.py:201} INFO - Done. Returned value was:        InvoiceNo StockCode  ... CustomerID         Country
0         536365    85123A  ...    17850.0  United Kingdom
1         536365     71053  ...    17850.0  United Kingdom
2         536365    84406B  ...    17850.0  United Kingdom
3         536365    84029G  ...    17850.0  United Kingdom
4         536365    84029E  ...    17850.0  United Kingdom
...          ...       ...  ...        ...             ...
541904    581587     22613  ...    12680.0          France
541905    581587     22899  ...    12680.0          France
541906    581587     23254  ...    12680.0          France
541907    581587     23255  ...    12680.0          France
541908    581587     22138  ...    12680.0          France

[541909 rows x 8 columns]
[2024-03-25T16:00:27.258+0700] {taskinstance.py:1138} INFO - Marking task as SUCCESS. dag_id=etl_to_bigquery, task_id=extract_retail_file, execution_date=20240324T000000, start_date=20240325T090025, end_date=20240325T090027
[2024-03-25T16:00:27.334+0700] {local_task_job_runner.py:234} INFO - Task exited with return code 0
[2024-03-25T16:00:27.364+0700] {taskinstance.py:3280} INFO - 0 downstream tasks scheduled from follow-on schedule check
