[2024-03-25T07:53:13.400+0000] {taskinstance.py:1956} INFO - Dependencies all met for dep_context=non-requeueable deps ti=<TaskInstance: etl_to_bigquery.transform_country_data scheduled__2024-03-24T00:00:00+00:00 [queued]>
[2024-03-25T07:53:13.419+0000] {taskinstance.py:1956} INFO - Dependencies all met for dep_context=requeueable deps ti=<TaskInstance: etl_to_bigquery.transform_country_data scheduled__2024-03-24T00:00:00+00:00 [queued]>
[2024-03-25T07:53:13.420+0000] {taskinstance.py:2170} INFO - Starting attempt 1 of 2
[2024-03-25T07:53:13.439+0000] {taskinstance.py:2191} INFO - Executing <Task(PythonOperator): transform_country_data> on 2024-03-24 00:00:00+00:00
[2024-03-25T07:53:13.449+0000] {standard_task_runner.py:60} INFO - Started process 2184 to run task
[2024-03-25T07:53:13.453+0000] {standard_task_runner.py:87} INFO - Running: ['***', 'tasks', 'run', 'etl_to_bigquery', 'transform_country_data', 'scheduled__2024-03-24T00:00:00+00:00', '--job-id', '53', '--raw', '--subdir', 'DAGS_FOLDER/pipeline.py', '--cfg-path', '/tmp/tmp79nkz2ky']
[2024-03-25T07:53:13.460+0000] {standard_task_runner.py:88} INFO - Job 53: Subtask transform_country_data
[2024-03-25T07:53:13.547+0000] {task_command.py:423} INFO - Running <TaskInstance: etl_to_bigquery.transform_country_data scheduled__2024-03-24T00:00:00+00:00 [running]> on host 8a685a05c3f5
[2024-03-25T07:53:13.794+0000] {taskinstance.py:2480} INFO - Exporting env vars: AIRFLOW_CTX_DAG_OWNER='minhduc' AIRFLOW_CTX_DAG_ID='etl_to_bigquery' AIRFLOW_CTX_TASK_ID='transform_country_data' AIRFLOW_CTX_EXECUTION_DATE='2024-03-24T00:00:00+00:00' AIRFLOW_CTX_TRY_NUMBER='1' AIRFLOW_CTX_DAG_RUN_ID='scheduled__2024-03-24T00:00:00+00:00'
[2024-03-25T07:53:13.802+0000] {python.py:201} INFO - Done. Returned value was:       id iso               name           nicename iso3  numcode  phonecode
0      1  AF        AFGHANISTAN        Afghanistan  AFG        4         93
1      2  AL            ALBANIA            Albania  ALB        8        355
2      3  DZ            ALGERIA            Algeria  DZA       12        213
3      4  AS     AMERICAN SAMOA     American Samoa  ASM       16       1684
4      5  AD            ANDORRA            Andorra  AND       20        376
..   ...  ..                ...                ...  ...      ...        ...
234  235  WF  WALLIS AND FUTUNA  Wallis and Futuna  WLF      876        681
235  236  EH     WESTERN SAHARA     Western Sahara  ESH      732        212
236  237  YE              YEMEN              Yemen  YEM      887        967
237  238  ZM             ZAMBIA             Zambia  ZMB      894        260
238  239  ZW           ZIMBABWE           Zimbabwe  ZWE      716        263

[239 rows x 7 columns]
[2024-03-25T07:53:13.850+0000] {taskinstance.py:1138} INFO - Marking task as SUCCESS. dag_id=etl_to_bigquery, task_id=transform_country_data, execution_date=20240324T000000, start_date=20240325T075313, end_date=20240325T075313
[2024-03-25T07:53:13.909+0000] {local_task_job_runner.py:234} INFO - Task exited with return code 0
[2024-03-25T07:53:13.966+0000] {taskinstance.py:3280} INFO - 1 downstream tasks scheduled from follow-on schedule check
[2024-03-25T16:00:27.274+0700] {taskinstance.py:1956} INFO - Dependencies all met for dep_context=non-requeueable deps ti=<TaskInstance: etl_to_bigquery.transform_country_data scheduled__2024-03-24T00:00:00+00:00 [queued]>
[2024-03-25T16:00:27.287+0700] {taskinstance.py:1956} INFO - Dependencies all met for dep_context=requeueable deps ti=<TaskInstance: etl_to_bigquery.transform_country_data scheduled__2024-03-24T00:00:00+00:00 [queued]>
[2024-03-25T16:00:27.288+0700] {taskinstance.py:2170} INFO - Starting attempt 1 of 2
[2024-03-25T16:00:27.305+0700] {taskinstance.py:2191} INFO - Executing <Task(PythonOperator): transform_country_data> on 2024-03-24 00:00:00+00:00
[2024-03-25T16:00:27.315+0700] {standard_task_runner.py:60} INFO - Started process 640 to run task
[2024-03-25T16:00:27.318+0700] {standard_task_runner.py:87} INFO - Running: ['***', 'tasks', 'run', 'etl_to_bigquery', 'transform_country_data', 'scheduled__2024-03-24T00:00:00+00:00', '--job-id', '27', '--raw', '--subdir', 'DAGS_FOLDER/pipeline.py', '--cfg-path', '/tmp/tmp4b8nd_ea']
[2024-03-25T16:00:27.321+0700] {standard_task_runner.py:88} INFO - Job 27: Subtask transform_country_data
[2024-03-25T16:00:27.390+0700] {task_command.py:423} INFO - Running <TaskInstance: etl_to_bigquery.transform_country_data scheduled__2024-03-24T00:00:00+00:00 [running]> on host b24fc08bdd37
[2024-03-25T16:00:27.568+0700] {taskinstance.py:2480} INFO - Exporting env vars: AIRFLOW_CTX_DAG_OWNER='minhduc' AIRFLOW_CTX_DAG_ID='etl_to_bigquery' AIRFLOW_CTX_TASK_ID='transform_country_data' AIRFLOW_CTX_EXECUTION_DATE='2024-03-24T00:00:00+00:00' AIRFLOW_CTX_TRY_NUMBER='1' AIRFLOW_CTX_DAG_RUN_ID='scheduled__2024-03-24T00:00:00+00:00'
[2024-03-25T16:00:27.573+0700] {python.py:201} INFO - Done. Returned value was:       id iso               name           nicename iso3  numcode  phonecode
0      1  AF        AFGHANISTAN        Afghanistan  AFG        4         93
1      2  AL            ALBANIA            Albania  ALB        8        355
2      3  DZ            ALGERIA            Algeria  DZA       12        213
3      4  AS     AMERICAN SAMOA     American Samoa  ASM       16       1684
4      5  AD            ANDORRA            Andorra  AND       20        376
..   ...  ..                ...                ...  ...      ...        ...
234  235  WF  WALLIS AND FUTUNA  Wallis and Futuna  WLF      876        681
235  236  EH     WESTERN SAHARA     Western Sahara  ESH      732        212
236  237  YE              YEMEN              Yemen  YEM      887        967
237  238  ZM             ZAMBIA             Zambia  ZMB      894        260
238  239  ZW           ZIMBABWE           Zimbabwe  ZWE      716        263

[239 rows x 7 columns]
[2024-03-25T16:00:27.622+0700] {taskinstance.py:1138} INFO - Marking task as SUCCESS. dag_id=etl_to_bigquery, task_id=transform_country_data, execution_date=20240324T000000, start_date=20240325T090027, end_date=20240325T090027
[2024-03-25T16:00:27.693+0700] {local_task_job_runner.py:234} INFO - Task exited with return code 0
[2024-03-25T16:00:27.747+0700] {taskinstance.py:3280} INFO - 1 downstream tasks scheduled from follow-on schedule check
