[2024-03-25T07:53:20.692+0000] {taskinstance.py:1956} INFO - Dependencies all met for dep_context=non-requeueable deps ti=<TaskInstance: etl_to_bigquery.load_retail_data_to_BigQuery scheduled__2024-03-24T00:00:00+00:00 [queued]>
[2024-03-25T07:53:20.705+0000] {taskinstance.py:1956} INFO - Dependencies all met for dep_context=requeueable deps ti=<TaskInstance: etl_to_bigquery.load_retail_data_to_BigQuery scheduled__2024-03-24T00:00:00+00:00 [queued]>
[2024-03-25T07:53:20.706+0000] {taskinstance.py:2170} INFO - Starting attempt 1 of 2
[2024-03-25T07:53:20.724+0000] {taskinstance.py:2191} INFO - Executing <Task(PythonOperator): load_retail_data_to_BigQuery> on 2024-03-24 00:00:00+00:00
[2024-03-25T07:53:20.734+0000] {standard_task_runner.py:60} INFO - Started process 2223 to run task
[2024-03-25T07:53:20.741+0000] {standard_task_runner.py:87} INFO - Running: ['***', 'tasks', 'run', 'etl_to_bigquery', 'load_retail_data_to_BigQuery', 'scheduled__2024-03-24T00:00:00+00:00', '--job-id', '56', '--raw', '--subdir', 'DAGS_FOLDER/pipeline.py', '--cfg-path', '/tmp/tmph727vejo']
[2024-03-25T07:53:20.747+0000] {standard_task_runner.py:88} INFO - Job 56: Subtask load_retail_data_to_BigQuery
[2024-03-25T07:53:20.807+0000] {task_command.py:423} INFO - Running <TaskInstance: etl_to_bigquery.load_retail_data_to_BigQuery scheduled__2024-03-24T00:00:00+00:00 [running]> on host 8a685a05c3f5
[2024-03-25T07:53:21.304+0000] {taskinstance.py:2480} INFO - Exporting env vars: AIRFLOW_CTX_DAG_OWNER='minhduc' AIRFLOW_CTX_DAG_ID='etl_to_bigquery' AIRFLOW_CTX_TASK_ID='load_retail_data_to_BigQuery' AIRFLOW_CTX_EXECUTION_DATE='2024-03-24T00:00:00+00:00' AIRFLOW_CTX_TRY_NUMBER='1' AIRFLOW_CTX_DAG_RUN_ID='scheduled__2024-03-24T00:00:00+00:00'
[2024-03-25T07:53:32.811+0000] {gbq.py:618} INFO - 541909 out of 541909 rows loaded.
[2024-03-25T07:53:32.812+0000] {python.py:201} INFO - Done. Returned value was: None
[2024-03-25T07:53:32.826+0000] {taskinstance.py:1138} INFO - Marking task as SUCCESS. dag_id=etl_to_bigquery, task_id=load_retail_data_to_BigQuery, execution_date=20240324T000000, start_date=20240325T075320, end_date=20240325T075332
[2024-03-25T07:53:32.886+0000] {local_task_job_runner.py:234} INFO - Task exited with return code 0
[2024-03-25T07:53:32.910+0000] {taskinstance.py:3280} INFO - 0 downstream tasks scheduled from follow-on schedule check
[2024-03-25T16:00:33.096+0700] {taskinstance.py:1956} INFO - Dependencies all met for dep_context=non-requeueable deps ti=<TaskInstance: etl_to_bigquery.load_retail_data_to_BigQuery scheduled__2024-03-24T00:00:00+00:00 [queued]>
[2024-03-25T16:00:33.107+0700] {taskinstance.py:1956} INFO - Dependencies all met for dep_context=requeueable deps ti=<TaskInstance: etl_to_bigquery.load_retail_data_to_BigQuery scheduled__2024-03-24T00:00:00+00:00 [queued]>
[2024-03-25T16:00:33.107+0700] {taskinstance.py:2170} INFO - Starting attempt 1 of 2
[2024-03-25T16:00:33.124+0700] {taskinstance.py:2191} INFO - Executing <Task(PythonOperator): load_retail_data_to_BigQuery> on 2024-03-24 00:00:00+00:00
[2024-03-25T16:00:33.133+0700] {standard_task_runner.py:60} INFO - Started process 685 to run task
[2024-03-25T16:00:33.136+0700] {standard_task_runner.py:87} INFO - Running: ['***', 'tasks', 'run', 'etl_to_bigquery', 'load_retail_data_to_BigQuery', 'scheduled__2024-03-24T00:00:00+00:00', '--job-id', '30', '--raw', '--subdir', 'DAGS_FOLDER/pipeline.py', '--cfg-path', '/tmp/tmp55klroha']
[2024-03-25T16:00:33.139+0700] {standard_task_runner.py:88} INFO - Job 30: Subtask load_retail_data_to_BigQuery
[2024-03-25T16:00:33.198+0700] {task_command.py:423} INFO - Running <TaskInstance: etl_to_bigquery.load_retail_data_to_BigQuery scheduled__2024-03-24T00:00:00+00:00 [running]> on host b24fc08bdd37
[2024-03-25T16:00:33.575+0700] {taskinstance.py:2480} INFO - Exporting env vars: AIRFLOW_CTX_DAG_OWNER='minhduc' AIRFLOW_CTX_DAG_ID='etl_to_bigquery' AIRFLOW_CTX_TASK_ID='load_retail_data_to_BigQuery' AIRFLOW_CTX_EXECUTION_DATE='2024-03-24T00:00:00+00:00' AIRFLOW_CTX_TRY_NUMBER='1' AIRFLOW_CTX_DAG_RUN_ID='scheduled__2024-03-24T00:00:00+00:00'
[2024-03-25T16:00:47.504+0700] {gbq.py:618} INFO - 541909 out of 541909 rows loaded.
[2024-03-25T16:00:47.505+0700] {python.py:201} INFO - Done. Returned value was: None
[2024-03-25T16:00:47.524+0700] {taskinstance.py:1138} INFO - Marking task as SUCCESS. dag_id=etl_to_bigquery, task_id=load_retail_data_to_BigQuery, execution_date=20240324T000000, start_date=20240325T090033, end_date=20240325T090047
[2024-03-25T16:00:47.611+0700] {local_task_job_runner.py:234} INFO - Task exited with return code 0
[2024-03-25T16:00:47.635+0700] {taskinstance.py:3280} INFO - 0 downstream tasks scheduled from follow-on schedule check
