[2024-03-25T21:51:58.082+0700] {taskinstance.py:1956} INFO - Dependencies all met for dep_context=non-requeueable deps ti=<TaskInstance: etl_to_bigquery.dbt_build_warehouse manual__2024-03-25T14:51:24.730615+00:00 [queued]>
[2024-03-25T21:51:58.095+0700] {taskinstance.py:1956} INFO - Dependencies all met for dep_context=requeueable deps ti=<TaskInstance: etl_to_bigquery.dbt_build_warehouse manual__2024-03-25T14:51:24.730615+00:00 [queued]>
[2024-03-25T21:51:58.096+0700] {taskinstance.py:2170} INFO - Starting attempt 1 of 2
[2024-03-25T21:51:58.115+0700] {taskinstance.py:2191} INFO - Executing <Task(BashOperator): dbt_build_warehouse> on 2024-03-25 14:51:24.730615+00:00
[2024-03-25T21:51:58.126+0700] {standard_task_runner.py:60} INFO - Started process 6947 to run task
[2024-03-25T21:51:58.131+0700] {standard_task_runner.py:87} INFO - Running: ['***', 'tasks', 'run', 'etl_to_bigquery', 'dbt_build_warehouse', 'manual__2024-03-25T14:51:24.730615+00:00', '--job-id', '53', '--raw', '--subdir', 'DAGS_FOLDER/pipeline.py', '--cfg-path', '/tmp/tmpb63sr2y9']
[2024-03-25T21:51:58.135+0700] {standard_task_runner.py:88} INFO - Job 53: Subtask dbt_build_warehouse
[2024-03-25T21:51:58.216+0700] {task_command.py:423} INFO - Running <TaskInstance: etl_to_bigquery.dbt_build_warehouse manual__2024-03-25T14:51:24.730615+00:00 [running]> on host b24fc08bdd37
[2024-03-25T21:51:58.356+0700] {taskinstance.py:2480} INFO - Exporting env vars: AIRFLOW_CTX_DAG_OWNER='minhduc' AIRFLOW_CTX_DAG_ID='etl_to_bigquery' AIRFLOW_CTX_TASK_ID='dbt_build_warehouse' AIRFLOW_CTX_EXECUTION_DATE='2024-03-25T14:51:24.730615+00:00' AIRFLOW_CTX_TRY_NUMBER='1' AIRFLOW_CTX_DAG_RUN_ID='manual__2024-03-25T14:51:24.730615+00:00'
[2024-03-25T21:51:58.360+0700] {subprocess.py:63} INFO - Tmp dir root location: /tmp
[2024-03-25T21:51:58.361+0700] {subprocess.py:75} INFO - Running command: ['/usr/bin/bash', '-c', 'cd /opt/***/dags/dbt_transform && dbt run --profiles-dir .']
[2024-03-25T21:51:58.390+0700] {subprocess.py:86} INFO - Output:
[2024-03-25T21:52:02.117+0700] {subprocess.py:93} INFO - [0m14:52:02  Running with dbt=1.7.8
[2024-03-25T21:52:03.567+0700] {subprocess.py:93} INFO - [0m14:52:03  Registered adapter: bigquery=1.7.6
[2024-03-25T21:52:03.608+0700] {subprocess.py:93} INFO - [0m14:52:03  Unable to do partial parsing because profile has changed
[2024-03-25T21:52:05.696+0700] {subprocess.py:93} INFO - [0m14:52:05  Found 4 models, 2 sources, 0 exposures, 0 metrics, 568 macros, 0 groups, 0 semantic models
[2024-03-25T21:52:05.702+0700] {subprocess.py:93} INFO - [0m14:52:05
[2024-03-25T21:52:14.662+0700] {subprocess.py:93} INFO - [0m14:52:14  Concurrency: 1 threads (target='dev')
[2024-03-25T21:52:14.663+0700] {subprocess.py:93} INFO - [0m14:52:14
[2024-03-25T21:52:14.682+0700] {subprocess.py:93} INFO - [0m14:52:14  1 of 4 START sql table model retail_DWH.dim_customer ........................... [RUN]
[2024-03-25T21:52:20.627+0700] {subprocess.py:93} INFO - [0m14:52:20  1 of 4 OK created sql table model retail_DWH.dim_customer ...................... [[32mCREATE TABLE (4.4k rows, 12.1 MiB processed)[0m in 5.94s]
[2024-03-25T21:52:20.635+0700] {subprocess.py:93} INFO - [0m14:52:20  2 of 4 START sql table model retail_DWH.dim_datetime ........................... [RUN]
[2024-03-25T21:52:25.111+0700] {subprocess.py:93} INFO - [0m14:52:25  2 of 4 OK created sql table model retail_DWH.dim_datetime ...................... [[32mCREATE TABLE (23.3k rows, 4.1 MiB processed)[0m in 4.47s]
[2024-03-25T21:52:25.117+0700] {subprocess.py:93} INFO - [0m14:52:25  3 of 4 START sql table model retail_DWH.dim_product ............................ [RUN]
[2024-03-25T21:52:32.278+0700] {subprocess.py:93} INFO - [0m14:52:32  3 of 4 OK created sql table model retail_DWH.dim_product ....................... [[32mCREATE TABLE (16.3k rows, 22.6 MiB processed)[0m in 7.16s]
[2024-03-25T21:52:32.284+0700] {subprocess.py:93} INFO - [0m14:52:32  4 of 4 START sql table model retail_DWH.fact_invoices .......................... [RUN]
[2024-03-25T21:52:40.269+0700] {subprocess.py:93} INFO - [0m14:52:40  4 of 4 OK created sql table model retail_DWH.fact_invoices ..................... [[32mCREATE TABLE (530.1k rows, 47.9 MiB processed)[0m in 7.98s]
[2024-03-25T21:52:40.282+0700] {subprocess.py:93} INFO - [0m14:52:40
[2024-03-25T21:52:40.284+0700] {subprocess.py:93} INFO - [0m14:52:40  Finished running 4 table models in 0 hours 0 minutes and 34.58 seconds (34.58s).
[2024-03-25T21:52:40.325+0700] {subprocess.py:93} INFO - [0m14:52:40
[2024-03-25T21:52:40.327+0700] {subprocess.py:93} INFO - [0m14:52:40  [32mCompleted successfully[0m
[2024-03-25T21:52:40.329+0700] {subprocess.py:93} INFO - [0m14:52:40
[2024-03-25T21:52:40.331+0700] {subprocess.py:93} INFO - [0m14:52:40  Done. PASS=4 WARN=0 ERROR=0 SKIP=0 TOTAL=4
[2024-03-25T21:52:43.746+0700] {subprocess.py:97} INFO - Command exited with return code 0
[2024-03-25T21:52:43.781+0700] {taskinstance.py:1138} INFO - Marking task as SUCCESS. dag_id=etl_to_bigquery, task_id=dbt_build_warehouse, execution_date=20240325T145124, start_date=20240325T145158, end_date=20240325T145243
[2024-03-25T21:52:43.814+0700] {local_task_job_runner.py:234} INFO - Task exited with return code 0
[2024-03-25T21:52:43.839+0700] {taskinstance.py:3280} INFO - 0 downstream tasks scheduled from follow-on schedule check
