[2024-03-25T07:53:15.657+0000] {taskinstance.py:1956} INFO - Dependencies all met for dep_context=non-requeueable deps ti=<TaskInstance: etl_to_bigquery.transform_retail_data scheduled__2024-03-24T00:00:00+00:00 [queued]>
[2024-03-25T07:53:15.668+0000] {taskinstance.py:1956} INFO - Dependencies all met for dep_context=requeueable deps ti=<TaskInstance: etl_to_bigquery.transform_retail_data scheduled__2024-03-24T00:00:00+00:00 [queued]>
[2024-03-25T07:53:15.669+0000] {taskinstance.py:2170} INFO - Starting attempt 1 of 2
[2024-03-25T07:53:15.686+0000] {taskinstance.py:2191} INFO - Executing <Task(PythonOperator): transform_retail_data> on 2024-03-24 00:00:00+00:00
[2024-03-25T07:53:15.694+0000] {standard_task_runner.py:60} INFO - Started process 2198 to run task
[2024-03-25T07:53:15.699+0000] {standard_task_runner.py:87} INFO - Running: ['***', 'tasks', 'run', 'etl_to_bigquery', 'transform_retail_data', 'scheduled__2024-03-24T00:00:00+00:00', '--job-id', '55', '--raw', '--subdir', 'DAGS_FOLDER/pipeline.py', '--cfg-path', '/tmp/tmpxg661q_j']
[2024-03-25T07:53:15.702+0000] {standard_task_runner.py:88} INFO - Job 55: Subtask transform_retail_data
[2024-03-25T07:53:15.762+0000] {task_command.py:423} INFO - Running <TaskInstance: etl_to_bigquery.transform_retail_data scheduled__2024-03-24T00:00:00+00:00 [running]> on host 8a685a05c3f5
[2024-03-25T07:53:16.280+0000] {taskinstance.py:2480} INFO - Exporting env vars: AIRFLOW_CTX_DAG_OWNER='minhduc' AIRFLOW_CTX_DAG_ID='etl_to_bigquery' AIRFLOW_CTX_TASK_ID='transform_retail_data' AIRFLOW_CTX_EXECUTION_DATE='2024-03-24T00:00:00+00:00' AIRFLOW_CTX_TRY_NUMBER='1' AIRFLOW_CTX_DAG_RUN_ID='scheduled__2024-03-24T00:00:00+00:00'
[2024-03-25T07:53:16.333+0000] {logging_mixin.py:188} WARNING - /opt/***/dags/Jobs/pipline_jobs.py:22 UserWarning: Could not infer format, so each element will be parsed individually, falling back to `dateutil`. To ensure parsing is consistent and as-expected, please specify a format.
[2024-03-25T07:53:17.960+0000] {python.py:201} INFO - Done. Returned value was:        InvoiceNo StockCode  ... CustomerID         Country
0         536365    85123A  ...      17850  United Kingdom
1         536365     71053  ...      17850  United Kingdom
2         536365    84406B  ...      17850  United Kingdom
3         536365    84029G  ...      17850  United Kingdom
4         536365    84029E  ...      17850  United Kingdom
...          ...       ...  ...        ...             ...
541904    581587     22613  ...      12680          France
541905    581587     22899  ...      12680          France
541906    581587     23254  ...      12680          France
541907    581587     23255  ...      12680          France
541908    581587     22138  ...      12680          France

[541909 rows x 8 columns]
[2024-03-25T07:53:19.137+0000] {taskinstance.py:1138} INFO - Marking task as SUCCESS. dag_id=etl_to_bigquery, task_id=transform_retail_data, execution_date=20240324T000000, start_date=20240325T075315, end_date=20240325T075319
[2024-03-25T07:53:19.203+0000] {local_task_job_runner.py:234} INFO - Task exited with return code 0
[2024-03-25T07:53:19.245+0000] {taskinstance.py:3280} INFO - 1 downstream tasks scheduled from follow-on schedule check
[2024-03-25T16:00:28.413+0700] {taskinstance.py:1956} INFO - Dependencies all met for dep_context=non-requeueable deps ti=<TaskInstance: etl_to_bigquery.transform_retail_data scheduled__2024-03-24T00:00:00+00:00 [queued]>
[2024-03-25T16:00:28.426+0700] {taskinstance.py:1956} INFO - Dependencies all met for dep_context=requeueable deps ti=<TaskInstance: etl_to_bigquery.transform_retail_data scheduled__2024-03-24T00:00:00+00:00 [queued]>
[2024-03-25T16:00:28.427+0700] {taskinstance.py:2170} INFO - Starting attempt 1 of 2
[2024-03-25T16:00:28.443+0700] {taskinstance.py:2191} INFO - Executing <Task(PythonOperator): transform_retail_data> on 2024-03-24 00:00:00+00:00
[2024-03-25T16:00:28.452+0700] {standard_task_runner.py:60} INFO - Started process 654 to run task
[2024-03-25T16:00:28.456+0700] {standard_task_runner.py:87} INFO - Running: ['***', 'tasks', 'run', 'etl_to_bigquery', 'transform_retail_data', 'scheduled__2024-03-24T00:00:00+00:00', '--job-id', '28', '--raw', '--subdir', 'DAGS_FOLDER/pipeline.py', '--cfg-path', '/tmp/tmpfeefeie_']
[2024-03-25T16:00:28.459+0700] {standard_task_runner.py:88} INFO - Job 28: Subtask transform_retail_data
[2024-03-25T16:00:28.515+0700] {task_command.py:423} INFO - Running <TaskInstance: etl_to_bigquery.transform_retail_data scheduled__2024-03-24T00:00:00+00:00 [running]> on host b24fc08bdd37
[2024-03-25T16:00:28.936+0700] {taskinstance.py:2480} INFO - Exporting env vars: AIRFLOW_CTX_DAG_OWNER='minhduc' AIRFLOW_CTX_DAG_ID='etl_to_bigquery' AIRFLOW_CTX_TASK_ID='transform_retail_data' AIRFLOW_CTX_EXECUTION_DATE='2024-03-24T00:00:00+00:00' AIRFLOW_CTX_TRY_NUMBER='1' AIRFLOW_CTX_DAG_RUN_ID='scheduled__2024-03-24T00:00:00+00:00'
[2024-03-25T16:00:29.000+0700] {logging_mixin.py:188} WARNING - /opt/***/dags/Jobs/pipline_jobs.py:29 UserWarning: Could not infer format, so each element will be parsed individually, falling back to `dateutil`. To ensure parsing is consistent and as-expected, please specify a format.
[2024-03-25T16:00:30.559+0700] {python.py:201} INFO - Done. Returned value was:        InvoiceNo StockCode  ... CustomerID         Country
0         536365    85123A  ...      17850  United Kingdom
1         536365     71053  ...      17850  United Kingdom
2         536365    84406B  ...      17850  United Kingdom
3         536365    84029G  ...      17850  United Kingdom
4         536365    84029E  ...      17850  United Kingdom
...          ...       ...  ...        ...             ...
541904    581587     22613  ...      12680          France
541905    581587     22899  ...      12680          France
541906    581587     23254  ...      12680          France
541907    581587     23255  ...      12680          France
541908    581587     22138  ...      12680          France

[541909 rows x 8 columns]
[2024-03-25T16:00:31.431+0700] {taskinstance.py:1138} INFO - Marking task as SUCCESS. dag_id=etl_to_bigquery, task_id=transform_retail_data, execution_date=20240324T000000, start_date=20240325T090028, end_date=20240325T090031
[2024-03-25T16:00:31.480+0700] {local_task_job_runner.py:234} INFO - Task exited with return code 0
[2024-03-25T16:00:31.512+0700] {taskinstance.py:3280} INFO - 1 downstream tasks scheduled from follow-on schedule check
