[2024-03-25T21:51:31.731+0700] {taskinstance.py:1956} INFO - Dependencies all met for dep_context=non-requeueable deps ti=<TaskInstance: etl_to_bigquery.extract_retail_file manual__2024-03-25T14:51:24.730615+00:00 [queued]>
[2024-03-25T21:51:31.743+0700] {taskinstance.py:1956} INFO - Dependencies all met for dep_context=requeueable deps ti=<TaskInstance: etl_to_bigquery.extract_retail_file manual__2024-03-25T14:51:24.730615+00:00 [queued]>
[2024-03-25T21:51:31.744+0700] {taskinstance.py:2170} INFO - Starting attempt 1 of 2
[2024-03-25T21:51:31.761+0700] {taskinstance.py:2191} INFO - Executing <Task(PythonOperator): extract_retail_file> on 2024-03-25 14:51:24.730615+00:00
[2024-03-25T21:51:31.770+0700] {standard_task_runner.py:60} INFO - Started process 6871 to run task
[2024-03-25T21:51:31.774+0700] {standard_task_runner.py:87} INFO - Running: ['***', 'tasks', 'run', 'etl_to_bigquery', 'extract_retail_file', 'manual__2024-03-25T14:51:24.730615+00:00', '--job-id', '48', '--raw', '--subdir', 'DAGS_FOLDER/pipeline.py', '--cfg-path', '/tmp/tmp3ocf5gca']
[2024-03-25T21:51:31.777+0700] {standard_task_runner.py:88} INFO - Job 48: Subtask extract_retail_file
[2024-03-25T21:51:31.830+0700] {task_command.py:423} INFO - Running <TaskInstance: etl_to_bigquery.extract_retail_file manual__2024-03-25T14:51:24.730615+00:00 [running]> on host b24fc08bdd37
[2024-03-25T21:51:31.963+0700] {taskinstance.py:2480} INFO - Exporting env vars: AIRFLOW_CTX_DAG_OWNER='minhduc' AIRFLOW_CTX_DAG_ID='etl_to_bigquery' AIRFLOW_CTX_TASK_ID='extract_retail_file' AIRFLOW_CTX_EXECUTION_DATE='2024-03-25T14:51:24.730615+00:00' AIRFLOW_CTX_TRY_NUMBER='1' AIRFLOW_CTX_DAG_RUN_ID='manual__2024-03-25T14:51:24.730615+00:00'
[2024-03-25T21:51:33.012+0700] {python.py:201} INFO - Done. Returned value was:        InvoiceNo StockCode  ... CustomerID         Country
0         536365    85123A  ...    17850.0  United Kingdom
1         536365     71053  ...    17850.0  United Kingdom
2         536365    84406B  ...    17850.0  United Kingdom
3         536365    84029G  ...    17850.0  United Kingdom
4         536365    84029E  ...    17850.0  United Kingdom
...          ...       ...  ...        ...             ...
541904    581587     22613  ...    12680.0          France
541905    581587     22899  ...    12680.0          France
541906    581587     23254  ...    12680.0          France
541907    581587     23255  ...    12680.0          France
541908    581587     22138  ...    12680.0          France

[541909 rows x 8 columns]
[2024-03-25T21:51:34.122+0700] {taskinstance.py:1138} INFO - Marking task as SUCCESS. dag_id=etl_to_bigquery, task_id=extract_retail_file, execution_date=20240325T145124, start_date=20240325T145131, end_date=20240325T145134
[2024-03-25T21:51:34.159+0700] {local_task_job_runner.py:234} INFO - Task exited with return code 0
[2024-03-25T21:51:34.200+0700] {taskinstance.py:3280} INFO - 1 downstream tasks scheduled from follow-on schedule check
