[2024-03-21T08:32:54.853+0000] {manager.py:469} INFO - Processing files using up to 2 processes at a time 
[2024-03-21T08:32:54.854+0000] {manager.py:470} INFO - Process each file at most once every 30 seconds
[2024-03-21T08:32:54.855+0000] {manager.py:471} INFO - Checking for new files in /opt/airflow/dags every 300 seconds
[2024-03-21T08:32:54.856+0000] {manager.py:738} INFO - Searching for files in /opt/airflow/dags
[2024-03-21T08:32:54.862+0000] {manager.py:741} INFO - There are 0 files in /opt/airflow/dags
[2024-03-21T08:37:55.826+0000] {manager.py:738} INFO - Searching for files in /opt/airflow/dags
[2024-03-21T08:37:55.834+0000] {manager.py:741} INFO - There are 0 files in /opt/airflow/dags
[2024-03-21T08:42:56.700+0000] {manager.py:738} INFO - Searching for files in /opt/airflow/dags
[2024-03-21T08:42:56.706+0000] {manager.py:741} INFO - There are 0 files in /opt/airflow/dags
[2024-03-21T08:47:02.874+0000] {manager.py:451} INFO - Exiting gracefully upon receiving signal 15
[2024-03-21T08:50:24.469+0000] {manager.py:469} INFO - Processing files using up to 2 processes at a time 
[2024-03-21T08:50:24.470+0000] {manager.py:470} INFO - Process each file at most once every 30 seconds
[2024-03-21T08:50:24.471+0000] {manager.py:471} INFO - Checking for new files in /opt/airflow/dags every 300 seconds
[2024-03-21T08:50:24.472+0000] {manager.py:738} INFO - Searching for files in /opt/airflow/dags
[2024-03-21T08:50:24.477+0000] {manager.py:741} INFO - There are 0 files in /opt/airflow/dags
[2024-03-21T08:55:25.412+0000] {manager.py:738} INFO - Searching for files in /opt/airflow/dags
[2024-03-21T08:55:25.416+0000] {manager.py:741} INFO - There are 0 files in /opt/airflow/dags
[2024-03-21T09:00:26.314+0000] {manager.py:738} INFO - Searching for files in /opt/airflow/dags
[2024-03-21T09:00:26.321+0000] {manager.py:741} INFO - There are 0 files in /opt/airflow/dags
[2024-03-21T09:05:27.133+0000] {manager.py:738} INFO - Searching for files in /opt/airflow/dags
[2024-03-21T09:05:27.140+0000] {manager.py:741} INFO - There are 0 files in /opt/airflow/dags
[2024-03-21T09:10:27.991+0000] {manager.py:738} INFO - Searching for files in /opt/airflow/dags
[2024-03-21T09:10:27.995+0000] {manager.py:741} INFO - There are 0 files in /opt/airflow/dags
[2024-03-21T09:15:28.897+0000] {manager.py:738} INFO - Searching for files in /opt/airflow/dags
[2024-03-21T09:15:28.905+0000] {manager.py:741} INFO - There are 0 files in /opt/airflow/dags
[2024-03-21T09:20:29.838+0000] {manager.py:738} INFO - Searching for files in /opt/airflow/dags
[2024-03-21T09:20:29.846+0000] {manager.py:741} INFO - There are 0 files in /opt/airflow/dags
[2024-03-21T09:21:12.323+0000] {manager.py:451} INFO - Exiting gracefully upon receiving signal 15
[2024-03-21T09:23:17.274+0000] {manager.py:469} INFO - Processing files using up to 2 processes at a time 
[2024-03-21T09:23:17.275+0000] {manager.py:470} INFO - Process each file at most once every 30 seconds
[2024-03-21T09:23:17.276+0000] {manager.py:471} INFO - Checking for new files in /opt/airflow/dags every 300 seconds
[2024-03-21T09:23:17.277+0000] {manager.py:738} INFO - Searching for files in /opt/airflow/dags
[2024-03-21T09:23:17.282+0000] {manager.py:741} INFO - There are 0 files in /opt/airflow/dags
[2024-03-21T09:27:44.864+0000] {manager.py:451} INFO - Exiting gracefully upon receiving signal 15
[2024-03-21T09:29:14.219+0000] {manager.py:469} INFO - Processing files using up to 2 processes at a time 
[2024-03-21T09:29:14.220+0000] {manager.py:470} INFO - Process each file at most once every 30 seconds
[2024-03-21T09:29:14.221+0000] {manager.py:471} INFO - Checking for new files in /opt/airflow/dags every 300 seconds
[2024-03-21T09:29:14.223+0000] {manager.py:738} INFO - Searching for files in /opt/airflow/dags
[2024-03-21T09:29:14.230+0000] {manager.py:741} INFO - There are 0 files in /opt/airflow/dags
[2024-03-21T09:30:19.829+0000] {manager.py:451} INFO - Exiting gracefully upon receiving signal 15
[2024-03-21T09:33:06.455+0000] {manager.py:469} INFO - Processing files using up to 2 processes at a time 
[2024-03-21T09:33:06.455+0000] {manager.py:470} INFO - Process each file at most once every 30 seconds
[2024-03-21T09:33:06.457+0000] {manager.py:471} INFO - Checking for new files in /opt/airflow/dags every 300 seconds
[2024-03-21T09:33:06.458+0000] {manager.py:738} INFO - Searching for files in /opt/airflow/dags
[2024-03-21T09:33:06.463+0000] {manager.py:741} INFO - There are 0 files in /opt/airflow/dags
[2024-03-21T09:36:54.026+0000] {manager.py:451} INFO - Exiting gracefully upon receiving signal 15
[2024-03-21T09:52:26.684+0000] {manager.py:469} INFO - Processing files using up to 2 processes at a time 
[2024-03-21T09:52:26.686+0000] {manager.py:470} INFO - Process each file at most once every 30 seconds
[2024-03-21T09:52:26.688+0000] {manager.py:471} INFO - Checking for new files in /opt/airflow/dags every 300 seconds
[2024-03-21T09:52:26.689+0000] {manager.py:738} INFO - Searching for files in /opt/airflow/dags
[2024-03-21T09:52:26.696+0000] {manager.py:741} INFO - There are 0 files in /opt/airflow/dags
[2024-03-21T09:52:32.887+0000] {manager.py:451} INFO - Exiting gracefully upon receiving signal 15
[2024-03-21T09:54:46.140+0000] {manager.py:469} INFO - Processing files using up to 2 processes at a time 
[2024-03-21T09:54:46.146+0000] {manager.py:470} INFO - Process each file at most once every 30 seconds
[2024-03-21T09:54:46.148+0000] {manager.py:471} INFO - Checking for new files in /opt/airflow/dags every 300 seconds
[2024-03-21T09:54:46.150+0000] {manager.py:738} INFO - Searching for files in /opt/airflow/dags
[2024-03-21T09:54:46.157+0000] {manager.py:741} INFO - There are 0 files in /opt/airflow/dags
[2024-03-21T09:59:47.147+0000] {manager.py:738} INFO - Searching for files in /opt/airflow/dags
[2024-03-21T09:59:47.157+0000] {manager.py:741} INFO - There are 0 files in /opt/airflow/dags
[2024-03-21T10:04:47.984+0000] {manager.py:738} INFO - Searching for files in /opt/airflow/dags
[2024-03-21T10:04:47.991+0000] {manager.py:741} INFO - There are 0 files in /opt/airflow/dags
[2024-03-21T10:09:48.855+0000] {manager.py:738} INFO - Searching for files in /opt/airflow/dags
[2024-03-21T10:09:48.862+0000] {manager.py:741} INFO - There are 0 files in /opt/airflow/dags
[2024-03-21T10:11:34.323+0000] {manager.py:451} INFO - Exiting gracefully upon receiving signal 15
[2024-03-21T10:13:07.363+0000] {manager.py:469} INFO - Processing files using up to 2 processes at a time 
[2024-03-21T10:13:07.364+0000] {manager.py:470} INFO - Process each file at most once every 30 seconds
[2024-03-21T10:13:07.365+0000] {manager.py:471} INFO - Checking for new files in /opt/airflow/dags every 300 seconds
[2024-03-21T10:13:07.366+0000] {manager.py:738} INFO - Searching for files in /opt/airflow/dags
[2024-03-21T10:13:07.373+0000] {manager.py:741} INFO - There are 0 files in /opt/airflow/dags
[2024-03-21T10:18:08.225+0000] {manager.py:738} INFO - Searching for files in /opt/airflow/dags
[2024-03-21T10:18:08.233+0000] {manager.py:741} INFO - There are 0 files in /opt/airflow/dags
[2024-03-21T10:23:09.116+0000] {manager.py:738} INFO - Searching for files in /opt/airflow/dags
[2024-03-21T10:23:09.125+0000] {manager.py:741} INFO - There are 0 files in /opt/airflow/dags
[2024-03-21T10:28:09.994+0000] {manager.py:738} INFO - Searching for files in /opt/airflow/dags
[2024-03-21T10:28:10.001+0000] {manager.py:741} INFO - There are 0 files in /opt/airflow/dags
[2024-03-21T10:33:10.890+0000] {manager.py:738} INFO - Searching for files in /opt/airflow/dags
[2024-03-21T10:33:10.899+0000] {manager.py:741} INFO - There are 0 files in /opt/airflow/dags
[2024-03-21T10:38:11.789+0000] {manager.py:738} INFO - Searching for files in /opt/airflow/dags
[2024-03-21T10:38:11.795+0000] {manager.py:741} INFO - There are 0 files in /opt/airflow/dags
[2024-03-21T10:43:12.683+0000] {manager.py:738} INFO - Searching for files in /opt/airflow/dags
[2024-03-21T10:43:12.688+0000] {manager.py:741} INFO - There are 0 files in /opt/airflow/dags
[2024-03-21T10:48:13.549+0000] {manager.py:738} INFO - Searching for files in /opt/airflow/dags
[2024-03-21T10:48:13.556+0000] {manager.py:741} INFO - There are 0 files in /opt/airflow/dags
[2024-03-21T10:53:14.447+0000] {manager.py:738} INFO - Searching for files in /opt/airflow/dags
[2024-03-21T10:53:14.454+0000] {manager.py:741} INFO - There are 0 files in /opt/airflow/dags
[2024-03-21T10:58:15.340+0000] {manager.py:738} INFO - Searching for files in /opt/airflow/dags
[2024-03-21T10:58:15.348+0000] {manager.py:741} INFO - There are 0 files in /opt/airflow/dags
[2024-03-21T11:03:16.232+0000] {manager.py:738} INFO - Searching for files in /opt/airflow/dags
[2024-03-21T11:03:16.240+0000] {manager.py:741} INFO - There are 0 files in /opt/airflow/dags
[2024-03-21T11:08:17.110+0000] {manager.py:738} INFO - Searching for files in /opt/airflow/dags
[2024-03-21T11:08:17.116+0000] {manager.py:741} INFO - There are 0 files in /opt/airflow/dags
[2024-03-21T11:13:18.023+0000] {manager.py:738} INFO - Searching for files in /opt/airflow/dags
[2024-03-21T11:13:18.031+0000] {manager.py:741} INFO - There are 0 files in /opt/airflow/dags
[2024-03-21T11:18:18.909+0000] {manager.py:738} INFO - Searching for files in /opt/airflow/dags
[2024-03-21T11:18:18.918+0000] {manager.py:741} INFO - There are 0 files in /opt/airflow/dags
[2024-03-21T11:23:19.809+0000] {manager.py:738} INFO - Searching for files in /opt/airflow/dags
[2024-03-21T11:23:19.817+0000] {manager.py:741} INFO - There are 0 files in /opt/airflow/dags
[2024-03-21T11:28:20.683+0000] {manager.py:738} INFO - Searching for files in /opt/airflow/dags
[2024-03-21T11:28:20.690+0000] {manager.py:741} INFO - There are 0 files in /opt/airflow/dags
[2024-03-21T11:33:21.572+0000] {manager.py:738} INFO - Searching for files in /opt/airflow/dags
[2024-03-21T11:33:21.579+0000] {manager.py:741} INFO - There are 0 files in /opt/airflow/dags
[2024-03-21T11:38:22.461+0000] {manager.py:738} INFO - Searching for files in /opt/airflow/dags
[2024-03-21T11:38:22.469+0000] {manager.py:741} INFO - There are 0 files in /opt/airflow/dags
[2024-03-21T11:43:23.333+0000] {manager.py:738} INFO - Searching for files in /opt/airflow/dags
[2024-03-21T11:43:23.341+0000] {manager.py:741} INFO - There are 0 files in /opt/airflow/dags
[2024-03-21T11:48:24.245+0000] {manager.py:738} INFO - Searching for files in /opt/airflow/dags
[2024-03-21T11:48:24.254+0000] {manager.py:741} INFO - There are 0 files in /opt/airflow/dags
[2024-03-21T11:53:25.122+0000] {manager.py:738} INFO - Searching for files in /opt/airflow/dags
[2024-03-21T11:53:25.130+0000] {manager.py:741} INFO - There are 0 files in /opt/airflow/dags
[2024-03-21T11:58:25.971+0000] {manager.py:738} INFO - Searching for files in /opt/airflow/dags
[2024-03-21T11:58:25.977+0000] {manager.py:741} INFO - There are 0 files in /opt/airflow/dags
[2024-03-21T12:03:26.860+0000] {manager.py:738} INFO - Searching for files in /opt/airflow/dags
[2024-03-21T12:03:26.868+0000] {manager.py:741} INFO - There are 0 files in /opt/airflow/dags
[2024-03-21T12:08:27.746+0000] {manager.py:738} INFO - Searching for files in /opt/airflow/dags
[2024-03-21T12:08:27.753+0000] {manager.py:741} INFO - There are 0 files in /opt/airflow/dags
[2024-03-21T12:13:28.614+0000] {manager.py:738} INFO - Searching for files in /opt/airflow/dags
[2024-03-21T12:13:28.621+0000] {manager.py:741} INFO - There are 0 files in /opt/airflow/dags
[2024-03-21T12:18:29.520+0000] {manager.py:738} INFO - Searching for files in /opt/airflow/dags
[2024-03-21T12:18:29.527+0000] {manager.py:741} INFO - There are 0 files in /opt/airflow/dags
[2024-03-21T12:23:30.451+0000] {manager.py:738} INFO - Searching for files in /opt/airflow/dags
[2024-03-21T12:23:30.459+0000] {manager.py:741} INFO - There are 0 files in /opt/airflow/dags
[2024-03-21T12:28:31.349+0000] {manager.py:738} INFO - Searching for files in /opt/airflow/dags
[2024-03-21T12:28:31.355+0000] {manager.py:741} INFO - There are 0 files in /opt/airflow/dags
[2024-03-21T12:33:32.253+0000] {manager.py:738} INFO - Searching for files in /opt/airflow/dags
[2024-03-21T12:33:32.260+0000] {manager.py:741} INFO - There are 0 files in /opt/airflow/dags
[2024-03-21T12:38:33.143+0000] {manager.py:738} INFO - Searching for files in /opt/airflow/dags
[2024-03-21T12:38:33.152+0000] {manager.py:741} INFO - There are 0 files in /opt/airflow/dags
[2024-03-21T12:43:34.044+0000] {manager.py:738} INFO - Searching for files in /opt/airflow/dags
[2024-03-21T12:43:34.052+0000] {manager.py:741} INFO - There are 0 files in /opt/airflow/dags
[2024-03-21T12:48:34.966+0000] {manager.py:738} INFO - Searching for files in /opt/airflow/dags
[2024-03-21T12:48:34.976+0000] {manager.py:741} INFO - There are 0 files in /opt/airflow/dags
[2024-03-21T12:53:35.842+0000] {manager.py:738} INFO - Searching for files in /opt/airflow/dags
[2024-03-21T12:53:35.849+0000] {manager.py:741} INFO - There are 0 files in /opt/airflow/dags
[2024-03-21T12:58:36.727+0000] {manager.py:738} INFO - Searching for files in /opt/airflow/dags
[2024-03-21T12:58:36.734+0000] {manager.py:741} INFO - There are 0 files in /opt/airflow/dags
[2024-03-21T13:03:37.620+0000] {manager.py:738} INFO - Searching for files in /opt/airflow/dags
[2024-03-21T13:03:37.627+0000] {manager.py:741} INFO - There are 0 files in /opt/airflow/dags
[2024-03-21T13:08:38.482+0000] {manager.py:738} INFO - Searching for files in /opt/airflow/dags
[2024-03-21T13:08:38.489+0000] {manager.py:741} INFO - There are 0 files in /opt/airflow/dags
[2024-03-21T13:13:39.374+0000] {manager.py:738} INFO - Searching for files in /opt/airflow/dags
[2024-03-21T13:13:39.381+0000] {manager.py:741} INFO - There are 0 files in /opt/airflow/dags
[2024-03-21T13:18:40.251+0000] {manager.py:738} INFO - Searching for files in /opt/airflow/dags
[2024-03-21T13:18:40.259+0000] {manager.py:741} INFO - There are 0 files in /opt/airflow/dags
[2024-03-21T13:23:41.117+0000] {manager.py:738} INFO - Searching for files in /opt/airflow/dags
[2024-03-21T13:23:41.124+0000] {manager.py:741} INFO - There are 0 files in /opt/airflow/dags
[2024-03-21T13:28:41.970+0000] {manager.py:738} INFO - Searching for files in /opt/airflow/dags
[2024-03-21T13:28:41.978+0000] {manager.py:741} INFO - There are 0 files in /opt/airflow/dags
[2024-03-21T13:33:42.684+0000] {manager.py:738} INFO - Searching for files in /opt/airflow/dags
[2024-03-21T13:33:42.691+0000] {manager.py:741} INFO - There are 0 files in /opt/airflow/dags
[2024-03-21T13:38:43.384+0000] {manager.py:738} INFO - Searching for files in /opt/airflow/dags
[2024-03-21T13:38:43.389+0000] {manager.py:741} INFO - There are 0 files in /opt/airflow/dags
[2024-03-21T13:43:44.046+0000] {manager.py:738} INFO - Searching for files in /opt/airflow/dags
[2024-03-21T13:43:44.057+0000] {manager.py:741} INFO - There are 0 files in /opt/airflow/dags
[2024-03-21T13:48:44.762+0000] {manager.py:738} INFO - Searching for files in /opt/airflow/dags
[2024-03-21T13:48:44.767+0000] {manager.py:741} INFO - There are 0 files in /opt/airflow/dags
[2024-03-21T13:53:45.477+0000] {manager.py:738} INFO - Searching for files in /opt/airflow/dags
[2024-03-21T13:53:45.484+0000] {manager.py:741} INFO - There are 0 files in /opt/airflow/dags
[2024-03-21T13:58:46.143+0000] {manager.py:738} INFO - Searching for files in /opt/airflow/dags
[2024-03-21T13:58:46.151+0000] {manager.py:741} INFO - There are 0 files in /opt/airflow/dags
[2024-03-21T14:03:46.897+0000] {manager.py:738} INFO - Searching for files in /opt/airflow/dags
[2024-03-21T14:03:46.902+0000] {manager.py:741} INFO - There are 0 files in /opt/airflow/dags
[2024-03-21T14:08:47.538+0000] {manager.py:738} INFO - Searching for files in /opt/airflow/dags
[2024-03-21T14:08:47.545+0000] {manager.py:741} INFO - There are 0 files in /opt/airflow/dags
[2024-03-21T14:13:48.296+0000] {manager.py:738} INFO - Searching for files in /opt/airflow/dags
[2024-03-21T14:13:48.304+0000] {manager.py:741} INFO - There are 0 files in /opt/airflow/dags
[2024-03-21T14:18:49.018+0000] {manager.py:738} INFO - Searching for files in /opt/airflow/dags
[2024-03-21T14:18:49.022+0000] {manager.py:741} INFO - There are 0 files in /opt/airflow/dags
[2024-03-21T14:23:49.788+0000] {manager.py:738} INFO - Searching for files in /opt/airflow/dags
[2024-03-21T14:23:49.795+0000] {manager.py:741} INFO - There are 0 files in /opt/airflow/dags
[2024-03-21T14:28:50.536+0000] {manager.py:738} INFO - Searching for files in /opt/airflow/dags
[2024-03-21T14:28:50.546+0000] {manager.py:741} INFO - There are 0 files in /opt/airflow/dags
[2024-03-21T14:33:51.235+0000] {manager.py:738} INFO - Searching for files in /opt/airflow/dags
[2024-03-21T14:33:51.243+0000] {manager.py:741} INFO - There are 0 files in /opt/airflow/dags
[2024-03-21T14:38:51.948+0000] {manager.py:738} INFO - Searching for files in /opt/airflow/dags
[2024-03-21T14:38:51.954+0000] {manager.py:741} INFO - There are 0 files in /opt/airflow/dags
[2024-03-21T14:43:52.673+0000] {manager.py:738} INFO - Searching for files in /opt/airflow/dags
[2024-03-21T14:43:52.680+0000] {manager.py:741} INFO - There are 0 files in /opt/airflow/dags
[2024-03-21T14:48:53.454+0000] {manager.py:738} INFO - Searching for files in /opt/airflow/dags
[2024-03-21T14:48:53.460+0000] {manager.py:741} INFO - There are 0 files in /opt/airflow/dags
[2024-03-21T14:53:54.255+0000] {manager.py:738} INFO - Searching for files in /opt/airflow/dags
[2024-03-21T14:53:54.265+0000] {manager.py:741} INFO - There are 0 files in /opt/airflow/dags
[2024-03-21T14:58:55.079+0000] {manager.py:738} INFO - Searching for files in /opt/airflow/dags
[2024-03-21T14:58:55.092+0000] {manager.py:741} INFO - There are 0 files in /opt/airflow/dags
[2024-03-21T15:03:55.868+0000] {manager.py:738} INFO - Searching for files in /opt/airflow/dags
[2024-03-21T15:03:55.876+0000] {manager.py:741} INFO - There are 0 files in /opt/airflow/dags
[2024-03-21T15:07:50.472+0000] {manager.py:451} INFO - Exiting gracefully upon receiving signal 15
[2024-03-22T07:41:09.876+0000] {manager.py:469} INFO - Processing files using up to 2 processes at a time 
[2024-03-22T07:41:09.877+0000] {manager.py:470} INFO - Process each file at most once every 30 seconds
[2024-03-22T07:41:09.880+0000] {manager.py:471} INFO - Checking for new files in /opt/airflow/dags every 300 seconds
[2024-03-22T07:41:09.881+0000] {manager.py:738} INFO - Searching for files in /opt/airflow/dags
[2024-03-22T07:41:09.889+0000] {manager.py:741} INFO - There are 0 files in /opt/airflow/dags
[2024-03-22T07:42:08.135+0000] {manager.py:451} INFO - Exiting gracefully upon receiving signal 15
