[2024-03-23T19:47:18.302+0000] {taskinstance.py:1956} INFO - Dependencies all met for dep_context=non-requeueable deps ti=<TaskInstance: etl_to_bigquery.extract_csv_file manual__2024-03-23T19:29:22.713987+00:00 [queued]>
[2024-03-23T19:47:18.318+0000] {taskinstance.py:1956} INFO - Dependencies all met for dep_context=requeueable deps ti=<TaskInstance: etl_to_bigquery.extract_csv_file manual__2024-03-23T19:29:22.713987+00:00 [queued]>
[2024-03-23T19:47:18.318+0000] {taskinstance.py:2170} INFO - Starting attempt 2 of 3
[2024-03-23T19:47:18.341+0000] {taskinstance.py:2191} INFO - Executing <Task(PythonOperator): extract_csv_file> on 2024-03-23 19:29:22.713987+00:00
[2024-03-23T19:47:18.352+0000] {standard_task_runner.py:60} INFO - Started process 9189 to run task
[2024-03-23T19:47:18.360+0000] {standard_task_runner.py:87} INFO - Running: ['***', 'tasks', 'run', 'etl_to_bigquery', 'extract_csv_file', 'manual__2024-03-23T19:29:22.713987+00:00', '--job-id', '38', '--raw', '--subdir', 'DAGS_FOLDER/pipeline.py', '--cfg-path', '/tmp/tmpjpojzrys']
[2024-03-23T19:47:18.364+0000] {standard_task_runner.py:88} INFO - Job 38: Subtask extract_csv_file
[2024-03-23T19:47:18.433+0000] {task_command.py:423} INFO - Running <TaskInstance: etl_to_bigquery.extract_csv_file manual__2024-03-23T19:29:22.713987+00:00 [running]> on host 8a685a05c3f5
[2024-03-23T19:47:18.578+0000] {taskinstance.py:2480} INFO - Exporting env vars: AIRFLOW_CTX_DAG_OWNER='minhduc' AIRFLOW_CTX_DAG_ID='etl_to_bigquery' AIRFLOW_CTX_TASK_ID='extract_csv_file' AIRFLOW_CTX_EXECUTION_DATE='2024-03-23T19:29:22.713987+00:00' AIRFLOW_CTX_TRY_NUMBER='2' AIRFLOW_CTX_DAG_RUN_ID='manual__2024-03-23T19:29:22.713987+00:00'
[2024-03-23T19:47:19.671+0000] {python.py:201} INFO - Done. Returned value was:        InvoiceNo StockCode  ... CustomerID         Country
0         536365    85123A  ...    17850.0  United Kingdom
1         536365     71053  ...    17850.0  United Kingdom
2         536365    84406B  ...    17850.0  United Kingdom
3         536365    84029G  ...    17850.0  United Kingdom
4         536365    84029E  ...    17850.0  United Kingdom
...          ...       ...  ...        ...             ...
541904    581587     22613  ...    12680.0          France
541905    581587     22899  ...    12680.0          France
541906    581587     23254  ...    12680.0          France
541907    581587     23255  ...    12680.0          France
541908    581587     22138  ...    12680.0          France

[541909 rows x 8 columns]
[2024-03-23T19:47:20.991+0000] {taskinstance.py:1138} INFO - Marking task as SUCCESS. dag_id=etl_to_bigquery, task_id=extract_csv_file, execution_date=20240323T192922, start_date=20240323T194718, end_date=20240323T194720
[2024-03-23T19:47:21.025+0000] {local_task_job_runner.py:234} INFO - Task exited with return code 0
[2024-03-23T19:47:21.057+0000] {taskinstance.py:3280} INFO - 1 downstream tasks scheduled from follow-on schedule check
