[2024-03-25T21:54:21.717+0700] {taskinstance.py:1956} INFO - Dependencies all met for dep_context=non-requeueable deps ti=<TaskInstance: etl_to_bigquery.dbt_build_warehouse manual__2024-03-25T14:41:01.093869+00:00 [queued]>
[2024-03-25T21:54:21.729+0700] {taskinstance.py:1956} INFO - Dependencies all met for dep_context=requeueable deps ti=<TaskInstance: etl_to_bigquery.dbt_build_warehouse manual__2024-03-25T14:41:01.093869+00:00 [queued]>
[2024-03-25T21:54:21.730+0700] {taskinstance.py:2170} INFO - Starting attempt 7 of 7
[2024-03-25T21:54:21.750+0700] {taskinstance.py:2191} INFO - Executing <Task(BashOperator): dbt_build_warehouse> on 2024-03-25 14:41:01.093869+00:00
[2024-03-25T21:54:21.759+0700] {standard_task_runner.py:60} INFO - Started process 7054 to run task
[2024-03-25T21:54:21.764+0700] {standard_task_runner.py:87} INFO - Running: ['***', 'tasks', 'run', 'etl_to_bigquery', 'dbt_build_warehouse', 'manual__2024-03-25T14:41:01.093869+00:00', '--job-id', '54', '--raw', '--subdir', 'DAGS_FOLDER/pipeline.py', '--cfg-path', '/tmp/tmpg8xlbz4t']
[2024-03-25T21:54:21.767+0700] {standard_task_runner.py:88} INFO - Job 54: Subtask dbt_build_warehouse
[2024-03-25T21:54:21.835+0700] {task_command.py:423} INFO - Running <TaskInstance: etl_to_bigquery.dbt_build_warehouse manual__2024-03-25T14:41:01.093869+00:00 [running]> on host b24fc08bdd37
[2024-03-25T21:54:21.953+0700] {taskinstance.py:2480} INFO - Exporting env vars: AIRFLOW_CTX_DAG_OWNER='minhduc' AIRFLOW_CTX_DAG_ID='etl_to_bigquery' AIRFLOW_CTX_TASK_ID='dbt_build_warehouse' AIRFLOW_CTX_EXECUTION_DATE='2024-03-25T14:41:01.093869+00:00' AIRFLOW_CTX_TRY_NUMBER='7' AIRFLOW_CTX_DAG_RUN_ID='manual__2024-03-25T14:41:01.093869+00:00'
[2024-03-25T21:54:21.955+0700] {subprocess.py:63} INFO - Tmp dir root location: /tmp
[2024-03-25T21:54:21.957+0700] {subprocess.py:75} INFO - Running command: ['/usr/bin/bash', '-c', 'cd /opt/***/dags/dbt_transform && dbt run --profiles-dir .']
[2024-03-25T21:54:21.974+0700] {subprocess.py:86} INFO - Output:
[2024-03-25T21:54:25.169+0700] {subprocess.py:93} INFO - [0m14:54:25  Running with dbt=1.7.8
[2024-03-25T21:54:26.676+0700] {subprocess.py:93} INFO - [0m14:54:26  Registered adapter: bigquery=1.7.6
[2024-03-25T21:54:26.846+0700] {subprocess.py:93} INFO - [0m14:54:26  Found 4 models, 2 sources, 0 exposures, 0 metrics, 568 macros, 0 groups, 0 semantic models
[2024-03-25T21:54:26.853+0700] {subprocess.py:93} INFO - [0m14:54:26
[2024-03-25T21:54:30.872+0700] {subprocess.py:93} INFO - [0m14:54:30  Concurrency: 1 threads (target='dev')
[2024-03-25T21:54:30.873+0700] {subprocess.py:93} INFO - [0m14:54:30
[2024-03-25T21:54:30.899+0700] {subprocess.py:93} INFO - [0m14:54:30  1 of 4 START sql table model retail_DWH.dim_customer ........................... [RUN]
[2024-03-25T21:54:36.869+0700] {subprocess.py:93} INFO - [0m14:54:36  1 of 4 OK created sql table model retail_DWH.dim_customer ...................... [[32mCREATE TABLE (4.4k rows, 12.1 MiB processed)[0m in 5.96s]
[2024-03-25T21:54:36.881+0700] {subprocess.py:93} INFO - [0m14:54:36  2 of 4 START sql table model retail_DWH.dim_datetime ........................... [RUN]
[2024-03-25T21:54:44.786+0700] {subprocess.py:93} INFO - [0m14:54:44  2 of 4 OK created sql table model retail_DWH.dim_datetime ...................... [[32mCREATE TABLE (23.3k rows, 4.1 MiB processed)[0m in 7.90s]
[2024-03-25T21:54:44.791+0700] {subprocess.py:93} INFO - [0m14:54:44  3 of 4 START sql table model retail_DWH.dim_product ............................ [RUN]
[2024-03-25T21:54:50.246+0700] {subprocess.py:93} INFO - [0m14:54:50  3 of 4 OK created sql table model retail_DWH.dim_product ....................... [[32mCREATE TABLE (16.3k rows, 22.6 MiB processed)[0m in 5.45s]
[2024-03-25T21:54:50.261+0700] {subprocess.py:93} INFO - [0m14:54:50  4 of 4 START sql table model retail_DWH.fact_invoices .......................... [RUN]
[2024-03-25T21:54:57.498+0700] {subprocess.py:93} INFO - [0m14:54:57  4 of 4 OK created sql table model retail_DWH.fact_invoices ..................... [[32mCREATE TABLE (530.1k rows, 47.9 MiB processed)[0m in 7.22s]
[2024-03-25T21:54:57.512+0700] {subprocess.py:93} INFO - [0m14:54:57
[2024-03-25T21:54:57.515+0700] {subprocess.py:93} INFO - [0m14:54:57  Finished running 4 table models in 0 hours 0 minutes and 30.66 seconds (30.66s).
[2024-03-25T21:54:57.557+0700] {subprocess.py:93} INFO - [0m14:54:57
[2024-03-25T21:54:57.559+0700] {subprocess.py:93} INFO - [0m14:54:57  [32mCompleted successfully[0m
[2024-03-25T21:54:57.560+0700] {subprocess.py:93} INFO - [0m14:54:57
[2024-03-25T21:54:57.561+0700] {subprocess.py:93} INFO - [0m14:54:57  Done. PASS=4 WARN=0 ERROR=0 SKIP=0 TOTAL=4
[2024-03-25T21:55:01.371+0700] {subprocess.py:97} INFO - Command exited with return code 0
[2024-03-25T21:55:01.410+0700] {taskinstance.py:1138} INFO - Marking task as SUCCESS. dag_id=etl_to_bigquery, task_id=dbt_build_warehouse, execution_date=20240325T144101, start_date=20240325T145421, end_date=20240325T145501
[2024-03-25T21:55:01.454+0700] {local_task_job_runner.py:234} INFO - Task exited with return code 0
[2024-03-25T21:55:01.480+0700] {taskinstance.py:3280} INFO - 0 downstream tasks scheduled from follow-on schedule check
